{"/Users/celrisen/miden/web-sdk-main/packages/react-sdk/src/context/MidenProvider.tsx": {"path":"/Users/celrisen/miden/web-sdk-main/packages/react-sdk/src/context/MidenProvider.tsx","all":false,"statementMap":{"0":{"start":{"line":1,"column":0},"end":{"line":1,"column":8}},"34":{"start":{"line":35,"column":0},"end":{"line":35,"column":67}},"45":{"start":{"line":46,"column":0},"end":{"line":46,"column":31}},"46":{"start":{"line":47,"column":0},"end":{"line":47,"column":11}},"47":{"start":{"line":48,"column":0},"end":{"line":48,"column":14}},"48":{"start":{"line":49,"column":0},"end":{"line":49,"column":19}},"49":{"start":{"line":50,"column":0},"end":{"line":50,"column":17}},"50":{"start":{"line":51,"column":0},"end":{"line":51,"column":24}},"51":{"start":{"line":52,"column":0},"end":{"line":52,"column":9}},"52":{"start":{"line":53,"column":0},"end":{"line":53,"column":11}},"53":{"start":{"line":54,"column":0},"end":{"line":54,"column":12}},"54":{"start":{"line":55,"column":0},"end":{"line":55,"column":19}},"55":{"start":{"line":56,"column":0},"end":{"line":56,"column":14}},"56":{"start":{"line":57,"column":0},"end":{"line":57,"column":20}},"57":{"start":{"line":58,"column":0},"end":{"line":58,"column":14}},"58":{"start":{"line":59,"column":0},"end":{"line":59,"column":20}},"59":{"start":{"line":60,"column":0},"end":{"line":60,"column":17}},"60":{"start":{"line":61,"column":0},"end":{"line":61,"column":14}},"61":{"start":{"line":62,"column":0},"end":{"line":62,"column":17}},"62":{"start":{"line":63,"column":0},"end":{"line":63,"column":23}},"63":{"start":{"line":64,"column":0},"end":{"line":64,"column":22}},"65":{"start":{"line":66,"column":0},"end":{"line":66,"column":78}},"66":{"start":{"line":67,"column":0},"end":{"line":67,"column":41}},"67":{"start":{"line":68,"column":0},"end":{"line":68,"column":48}},"70":{"start":{"line":71,"column":0},"end":{"line":71,"column":58}},"73":{"start":{"line":74,"column":0},"end":{"line":74,"column":27}},"76":{"start":{"line":77,"column":0},"end":{"line":77,"column":10}},"79":{"start":{"line":80,"column":0},"end":{"line":80,"column":36}},"80":{"start":{"line":81,"column":0},"end":{"line":81,"column":78}},"82":{"start":{"line":83,"column":0},"end":{"line":83,"column":33}},"83":{"start":{"line":84,"column":0},"end":{"line":84,"column":12}},"84":{"start":{"line":85,"column":0},"end":{"line":85,"column":16}},"85":{"start":{"line":86,"column":0},"end":{"line":86,"column":43}},"86":{"start":{"line":87,"column":0},"end":{"line":87,"column":7}},"87":{"start":{"line":88,"column":0},"end":{"line":88,"column":12}},"88":{"start":{"line":89,"column":0},"end":{"line":89,"column":4}},"89":{"start":{"line":90,"column":0},"end":{"line":90,"column":43}},"90":{"start":{"line":91,"column":0},"end":{"line":91,"column":64}},"96":{"start":{"line":97,"column":0},"end":{"line":97,"column":19}},"97":{"start":{"line":98,"column":0},"end":{"line":98,"column":19}},"98":{"start":{"line":99,"column":0},"end":{"line":99,"column":29}},"99":{"start":{"line":100,"column":0},"end":{"line":100,"column":13}},"100":{"start":{"line":101,"column":0},"end":{"line":101,"column":5}},"101":{"start":{"line":102,"column":0},"end":{"line":102,"column":63}},"102":{"start":{"line":103,"column":0},"end":{"line":103,"column":6}},"103":{"start":{"line":104,"column":0},"end":{"line":104,"column":12}},"104":{"start":{"line":105,"column":0},"end":{"line":105,"column":26}},"105":{"start":{"line":106,"column":0},"end":{"line":106,"column":35}},"109":{"start":{"line":110,"column":0},"end":{"line":110,"column":5}},"114":{"start":{"line":115,"column":0},"end":{"line":115,"column":35}},"119":{"start":{"line":120,"column":0},"end":{"line":120,"column":4}},"124":{"start":{"line":125,"column":0},"end":{"line":125,"column":40}},"128":{"start":{"line":129,"column":0},"end":{"line":129,"column":43}},"129":{"start":{"line":130,"column":0},"end":{"line":130,"column":37}},"131":{"start":{"line":132,"column":0},"end":{"line":132,"column":51}},"133":{"start":{"line":134,"column":0},"end":{"line":134,"column":9}},"134":{"start":{"line":135,"column":0},"end":{"line":135,"column":47}},"135":{"start":{"line":136,"column":0},"end":{"line":136,"column":44}},"137":{"start":{"line":138,"column":0},"end":{"line":138,"column":20}},"138":{"start":{"line":139,"column":0},"end":{"line":139,"column":19}},"139":{"start":{"line":140,"column":0},"end":{"line":140,"column":25}},"140":{"start":{"line":141,"column":0},"end":{"line":141,"column":33}},"141":{"start":{"line":142,"column":0},"end":{"line":142,"column":20}},"142":{"start":{"line":143,"column":0},"end":{"line":143,"column":9}},"145":{"start":{"line":146,"column":0},"end":{"line":146,"column":50}},"146":{"start":{"line":147,"column":0},"end":{"line":147,"column":53}},"147":{"start":{"line":148,"column":0},"end":{"line":148,"column":21}},"148":{"start":{"line":149,"column":0},"end":{"line":149,"column":20}},"149":{"start":{"line":150,"column":0},"end":{"line":150,"column":25}},"150":{"start":{"line":151,"column":0},"end":{"line":151,"column":73}},"151":{"start":{"line":152,"column":0},"end":{"line":152,"column":9}},"152":{"start":{"line":153,"column":0},"end":{"line":153,"column":5}},"153":{"start":{"line":154,"column":0},"end":{"line":154,"column":38}},"157":{"start":{"line":158,"column":0},"end":{"line":158,"column":63}},"158":{"start":{"line":159,"column":0},"end":{"line":159,"column":59}},"163":{"start":{"line":164,"column":0},"end":{"line":164,"column":78}},"164":{"start":{"line":165,"column":0},"end":{"line":165,"column":27}},"165":{"start":{"line":166,"column":0},"end":{"line":166,"column":66}},"168":{"start":{"line":169,"column":0},"end":{"line":169,"column":19}},"169":{"start":{"line":170,"column":0},"end":{"line":170,"column":54}},"170":{"start":{"line":171,"column":0},"end":{"line":171,"column":30}},"174":{"start":{"line":175,"column":0},"end":{"line":175,"column":36}},"187":{"start":{"line":188,"column":0},"end":{"line":188,"column":6}},"188":{"start":{"line":189,"column":0},"end":{"line":189,"column":4}},"191":{"start":{"line":192,"column":0},"end":{"line":192,"column":19}},"197":{"start":{"line":198,"column":0},"end":{"line":198,"column":38}},"198":{"start":{"line":199,"column":0},"end":{"line":199,"column":45}},"201":{"start":{"line":202,"column":0},"end":{"line":202,"column":44}},"202":{"start":{"line":203,"column":0},"end":{"line":203,"column":34}},"203":{"start":{"line":204,"column":0},"end":{"line":204,"column":7}},"206":{"start":{"line":207,"column":0},"end":{"line":207,"column":13}},"207":{"start":{"line":208,"column":0},"end":{"line":208,"column":5}},"210":{"start":{"line":211,"column":0},"end":{"line":211,"column":65}},"211":{"start":{"line":212,"column":0},"end":{"line":212,"column":45}},"214":{"start":{"line":215,"column":0},"end":{"line":215,"column":10}},"215":{"start":{"line":216,"column":0},"end":{"line":216,"column":58}},"216":{"start":{"line":217,"column":0},"end":{"line":217,"column":29}},"217":{"start":{"line":218,"column":0},"end":{"line":218,"column":9}},"221":{"start":{"line":222,"column":0},"end":{"line":222,"column":46}},"222":{"start":{"line":223,"column":0},"end":{"line":223,"column":33}},"223":{"start":{"line":224,"column":0},"end":{"line":224,"column":15}},"224":{"start":{"line":225,"column":0},"end":{"line":225,"column":7}},"227":{"start":{"line":228,"column":0},"end":{"line":228,"column":10}},"228":{"start":{"line":229,"column":0},"end":{"line":229,"column":47}},"229":{"start":{"line":230,"column":0},"end":{"line":230,"column":55}},"230":{"start":{"line":231,"column":0},"end":{"line":231,"column":9}},"231":{"start":{"line":232,"column":0},"end":{"line":232,"column":35}},"233":{"start":{"line":234,"column":0},"end":{"line":234,"column":24}},"234":{"start":{"line":235,"column":0},"end":{"line":235,"column":33}},"235":{"start":{"line":236,"column":0},"end":{"line":236,"column":7}},"236":{"start":{"line":237,"column":0},"end":{"line":237,"column":5}},"238":{"start":{"line":239,"column":0},"end":{"line":239,"column":26}},"244":{"start":{"line":245,"column":0},"end":{"line":245,"column":36}},"245":{"start":{"line":246,"column":0},"end":{"line":246,"column":38}},"247":{"start":{"line":248,"column":0},"end":{"line":248,"column":30}},"249":{"start":{"line":250,"column":0},"end":{"line":250,"column":30}},"250":{"start":{"line":251,"column":0},"end":{"line":251,"column":34}},"252":{"start":{"line":253,"column":0},"end":{"line":253,"column":13}},"253":{"start":{"line":254,"column":0},"end":{"line":254,"column":35}},"254":{"start":{"line":255,"column":0},"end":{"line":255,"column":36}},"288":{"start":{"line":289,"column":0},"end":{"line":289,"column":59}},"291":{"start":{"line":292,"column":0},"end":{"line":292,"column":53}},"292":{"start":{"line":293,"column":0},"end":{"line":293,"column":36}},"293":{"start":{"line":294,"column":0},"end":{"line":294,"column":46}},"294":{"start":{"line":295,"column":0},"end":{"line":295,"column":18}},"295":{"start":{"line":296,"column":0},"end":{"line":296,"column":14}},"298":{"start":{"line":299,"column":0},"end":{"line":299,"column":11}},"304":{"start":{"line":305,"column":0},"end":{"line":305,"column":31}},"305":{"start":{"line":306,"column":0},"end":{"line":306,"column":17}},"306":{"start":{"line":307,"column":0},"end":{"line":307,"column":58}},"309":{"start":{"line":310,"column":0},"end":{"line":310,"column":28}},"310":{"start":{"line":311,"column":0},"end":{"line":311,"column":47}},"311":{"start":{"line":312,"column":0},"end":{"line":312,"column":41}},"312":{"start":{"line":313,"column":0},"end":{"line":313,"column":17}},"317":{"start":{"line":318,"column":0},"end":{"line":318,"column":11}},"320":{"start":{"line":321,"column":0},"end":{"line":321,"column":27}},"321":{"start":{"line":322,"column":0},"end":{"line":322,"column":17}},"322":{"start":{"line":323,"column":0},"end":{"line":323,"column":61}},"325":{"start":{"line":326,"column":0},"end":{"line":326,"column":61}},"330":{"start":{"line":331,"column":0},"end":{"line":331,"column":11}},"334":{"start":{"line":335,"column":0},"end":{"line":335,"column":27}},"335":{"start":{"line":336,"column":0},"end":{"line":336,"column":33}},"336":{"start":{"line":337,"column":0},"end":{"line":337,"column":46}},"337":{"start":{"line":338,"column":0},"end":{"line":338,"column":13}},"338":{"start":{"line":339,"column":0},"end":{"line":339,"column":33}},"340":{"start":{"line":341,"column":0},"end":{"line":341,"column":45}},"341":{"start":{"line":342,"column":0},"end":{"line":342,"column":39}},"342":{"start":{"line":343,"column":0},"end":{"line":343,"column":13}},"343":{"start":{"line":344,"column":0},"end":{"line":344,"column":11}},"344":{"start":{"line":345,"column":0},"end":{"line":345,"column":25}},"345":{"start":{"line":346,"column":0},"end":{"line":346,"column":27}},"346":{"start":{"line":347,"column":0},"end":{"line":347,"column":25}},"347":{"start":{"line":348,"column":0},"end":{"line":348,"column":71}},"348":{"start":{"line":349,"column":0},"end":{"line":349,"column":14}},"349":{"start":{"line":350,"column":0},"end":{"line":350,"column":11}},"350":{"start":{"line":351,"column":0},"end":{"line":351,"column":9}},"351":{"start":{"line":352,"column":0},"end":{"line":352,"column":9}},"352":{"start":{"line":353,"column":0},"end":{"line":353,"column":6}},"354":{"start":{"line":355,"column":0},"end":{"line":355,"column":17}},"355":{"start":{"line":356,"column":0},"end":{"line":356,"column":18}},"356":{"start":{"line":357,"column":0},"end":{"line":357,"column":23}},"360":{"start":{"line":361,"column":0},"end":{"line":361,"column":39}},"361":{"start":{"line":362,"column":0},"end":{"line":362,"column":6}},"362":{"start":{"line":363,"column":0},"end":{"line":363,"column":6}},"363":{"start":{"line":364,"column":0},"end":{"line":364,"column":17}},"364":{"start":{"line":365,"column":0},"end":{"line":365,"column":19}},"365":{"start":{"line":366,"column":0},"end":{"line":366,"column":14}},"366":{"start":{"line":367,"column":0},"end":{"line":367,"column":14}},"367":{"start":{"line":368,"column":0},"end":{"line":368,"column":17}},"368":{"start":{"line":369,"column":0},"end":{"line":369,"column":20}},"369":{"start":{"line":370,"column":0},"end":{"line":370,"column":17}},"370":{"start":{"line":371,"column":0},"end":{"line":371,"column":23}},"371":{"start":{"line":372,"column":0},"end":{"line":372,"column":22}},"372":{"start":{"line":373,"column":0},"end":{"line":373,"column":20}},"373":{"start":{"line":374,"column":0},"end":{"line":374,"column":22}},"374":{"start":{"line":375,"column":0},"end":{"line":375,"column":22}},"375":{"start":{"line":376,"column":0},"end":{"line":376,"column":18}},"381":{"start":{"line":382,"column":0},"end":{"line":382,"column":5}},"384":{"start":{"line":385,"column":0},"end":{"line":385,"column":19}},"385":{"start":{"line":386,"column":0},"end":{"line":386,"column":36}},"387":{"start":{"line":388,"column":0},"end":{"line":388,"column":76}},"388":{"start":{"line":389,"column":0},"end":{"line":389,"column":30}},"396":{"start":{"line":397,"column":0},"end":{"line":397,"column":17}},"398":{"start":{"line":399,"column":0},"end":{"line":399,"column":18}},"399":{"start":{"line":400,"column":0},"end":{"line":400,"column":36}},"400":{"start":{"line":401,"column":0},"end":{"line":401,"column":47}},"401":{"start":{"line":402,"column":0},"end":{"line":402,"column":39}},"402":{"start":{"line":403,"column":0},"end":{"line":403,"column":7}},"403":{"start":{"line":404,"column":0},"end":{"line":404,"column":6}},"404":{"start":{"line":405,"column":0},"end":{"line":405,"column":55}},"411":{"start":{"line":412,"column":0},"end":{"line":412,"column":19}},"412":{"start":{"line":413,"column":0},"end":{"line":413,"column":36}},"430":{"start":{"line":431,"column":0},"end":{"line":431,"column":6}},"431":{"start":{"line":432,"column":0},"end":{"line":432,"column":38}},"434":{"start":{"line":435,"column":0},"end":{"line":435,"column":43}},"435":{"start":{"line":436,"column":0},"end":{"line":436,"column":35}},"436":{"start":{"line":437,"column":0},"end":{"line":437,"column":3}},"439":{"start":{"line":440,"column":0},"end":{"line":440,"column":36}},"440":{"start":{"line":441,"column":0},"end":{"line":441,"column":47}},"441":{"start":{"line":442,"column":0},"end":{"line":442,"column":46}},"442":{"start":{"line":443,"column":0},"end":{"line":443,"column":5}},"443":{"start":{"line":444,"column":0},"end":{"line":444,"column":33}},"444":{"start":{"line":445,"column":0},"end":{"line":445,"column":3}},"446":{"start":{"line":447,"column":0},"end":{"line":447,"column":43}},"447":{"start":{"line":448,"column":0},"end":{"line":448,"column":11}},"448":{"start":{"line":449,"column":0},"end":{"line":449,"column":12}},"449":{"start":{"line":450,"column":0},"end":{"line":450,"column":19}},"450":{"start":{"line":451,"column":0},"end":{"line":451,"column":21}},"451":{"start":{"line":452,"column":0},"end":{"line":452,"column":9}},"452":{"start":{"line":453,"column":0},"end":{"line":453,"column":17}},"453":{"start":{"line":454,"column":0},"end":{"line":454,"column":26}},"454":{"start":{"line":455,"column":0},"end":{"line":455,"column":20}},"455":{"start":{"line":456,"column":0},"end":{"line":456,"column":20}},"456":{"start":{"line":457,"column":0},"end":{"line":457,"column":4}},"458":{"start":{"line":459,"column":0},"end":{"line":459,"column":10}},"459":{"start":{"line":460,"column":0},"end":{"line":460,"column":48}},"460":{"start":{"line":461,"column":0},"end":{"line":461,"column":16}},"461":{"start":{"line":462,"column":0},"end":{"line":462,"column":28}},"463":{"start":{"line":464,"column":0},"end":{"line":464,"column":1}},"465":{"start":{"line":466,"column":0},"end":{"line":466,"column":47}},"466":{"start":{"line":467,"column":0},"end":{"line":467,"column":43}},"467":{"start":{"line":468,"column":0},"end":{"line":468,"column":17}},"468":{"start":{"line":469,"column":0},"end":{"line":469,"column":68}},"469":{"start":{"line":470,"column":0},"end":{"line":470,"column":3}},"470":{"start":{"line":471,"column":0},"end":{"line":471,"column":17}},"471":{"start":{"line":472,"column":0},"end":{"line":472,"column":1}},"473":{"start":{"line":474,"column":0},"end":{"line":474,"column":45}},"474":{"start":{"line":475,"column":0},"end":{"line":475,"column":41}},"475":{"start":{"line":476,"column":0},"end":{"line":476,"column":28}},"476":{"start":{"line":477,"column":0},"end":{"line":477,"column":20}},"477":{"start":{"line":478,"column":0},"end":{"line":478,"column":107}},"478":{"start":{"line":479,"column":0},"end":{"line":479,"column":6}},"479":{"start":{"line":480,"column":0},"end":{"line":480,"column":3}},"480":{"start":{"line":481,"column":0},"end":{"line":481,"column":16}},"481":{"start":{"line":482,"column":0},"end":{"line":482,"column":1}}},"s":{"0":1,"34":1,"45":1,"46":119,"47":119,"48":119,"49":119,"50":119,"51":119,"52":119,"53":119,"54":119,"55":119,"56":119,"57":119,"58":119,"59":119,"60":119,"61":119,"62":119,"63":119,"65":119,"66":119,"67":119,"70":119,"73":119,"76":119,"79":119,"80":119,"82":119,"83":119,"84":27,"85":27,"86":27,"87":119,"88":119,"89":119,"90":119,"96":119,"97":42,"98":23,"99":23,"100":23,"101":19,"102":119,"103":119,"104":119,"105":119,"109":119,"114":119,"119":119,"124":119,"128":4,"129":4,"131":3,"133":3,"134":3,"135":1,"137":1,"138":1,"139":1,"140":1,"141":1,"142":1,"145":1,"146":1,"147":4,"148":2,"149":2,"150":2,"151":2,"152":2,"153":119,"157":119,"158":119,"163":119,"164":119,"165":119,"168":119,"169":27,"170":119,"174":119,"187":119,"188":119,"191":119,"197":27,"198":3,"201":3,"202":3,"203":3,"206":3,"207":3,"210":27,"211":8,"214":8,"215":8,"216":1,"217":8,"221":1,"222":1,"223":1,"224":1,"227":7,"228":7,"229":1,"230":8,"231":1,"233":1,"234":1,"235":1,"236":8,"238":23,"244":23,"245":23,"247":23,"249":22,"250":22,"252":22,"253":22,"254":22,"288":15,"291":15,"292":15,"293":15,"294":15,"295":15,"298":15,"304":19,"305":12,"306":12,"309":12,"310":12,"311":12,"312":12,"317":12,"320":19,"321":19,"322":19,"325":19,"330":19,"334":19,"335":19,"336":12,"337":12,"338":19,"340":19,"341":7,"342":7,"343":19,"344":23,"345":3,"346":3,"347":3,"348":3,"349":3,"350":3,"351":23,"352":23,"354":23,"355":23,"356":23,"360":23,"361":23,"362":119,"363":119,"364":119,"365":119,"366":119,"367":119,"368":119,"369":119,"370":119,"371":119,"372":119,"373":119,"374":119,"375":119,"381":119,"384":119,"385":42,"387":34,"388":42,"396":18,"398":18,"399":18,"400":18,"401":18,"402":18,"403":18,"404":119,"411":119,"412":42,"430":19,"431":119,"434":119,"435":3,"436":3,"439":119,"440":6,"441":4,"442":4,"443":2,"444":2,"446":109,"447":109,"448":109,"449":109,"450":109,"451":109,"452":109,"453":109,"454":109,"455":109,"456":109,"458":109,"459":109,"460":109,"461":109,"463":109,"465":1,"466":95,"467":95,"468":4,"469":4,"470":91,"471":91,"473":1,"474":4,"475":4,"476":3,"477":3,"478":3,"479":3,"480":1,"481":1},"branchMap":{"0":{"type":"branch","line":46,"loc":{"start":{"line":46,"column":7},"end":{"line":464,"column":1}},"locations":[{"start":{"line":46,"column":7},"end":{"line":464,"column":1}}]},"1":{"type":"branch","line":108,"loc":{"start":{"line":108,"column":19},"end":{"line":108,"column":38}},"locations":[{"start":{"line":108,"column":19},"end":{"line":108,"column":38}}]},"2":{"type":"branch","line":109,"loc":{"start":{"line":109,"column":19},"end":{"line":109,"column":39}},"locations":[{"start":{"line":109,"column":19},"end":{"line":109,"column":39}}]},"3":{"type":"branch","line":158,"loc":{"start":{"line":158,"column":28},"end":{"line":158,"column":58}},"locations":[{"start":{"line":158,"column":28},"end":{"line":158,"column":58}}]},"4":{"type":"branch","line":158,"loc":{"start":{"line":158,"column":43},"end":{"line":158,"column":63}},"locations":[{"start":{"line":158,"column":43},"end":{"line":158,"column":63}}]},"5":{"type":"branch","line":159,"loc":{"start":{"line":159,"column":26},"end":{"line":159,"column":54}},"locations":[{"start":{"line":159,"column":26},"end":{"line":159,"column":54}}]},"6":{"type":"branch","line":159,"loc":{"start":{"line":159,"column":41},"end":{"line":159,"column":59}},"locations":[{"start":{"line":159,"column":41},"end":{"line":159,"column":59}}]},"7":{"type":"branch","line":164,"loc":{"start":{"line":164,"column":28},"end":{"line":164,"column":73}},"locations":[{"start":{"line":164,"column":28},"end":{"line":164,"column":73}}]},"8":{"type":"branch","line":164,"loc":{"start":{"line":164,"column":58},"end":{"line":164,"column":78}},"locations":[{"start":{"line":164,"column":58},"end":{"line":164,"column":78}}]},"9":{"type":"branch","line":166,"loc":{"start":{"line":166,"column":4},"end":{"line":166,"column":56}},"locations":[{"start":{"line":166,"column":4},"end":{"line":166,"column":56}}]},"10":{"type":"branch","line":166,"loc":{"start":{"line":166,"column":56},"end":{"line":166,"column":66}},"locations":[{"start":{"line":166,"column":56},"end":{"line":166,"column":66}}]},"11":{"type":"branch","line":171,"loc":{"start":{"line":171,"column":6},"end":{"line":171,"column":27}},"locations":[{"start":{"line":171,"column":6},"end":{"line":171,"column":27}}]},"12":{"type":"branch","line":435,"loc":{"start":{"line":435,"column":6},"end":{"line":435,"column":42}},"locations":[{"start":{"line":435,"column":6},"end":{"line":435,"column":42}}]},"13":{"type":"branch","line":435,"loc":{"start":{"line":435,"column":42},"end":{"line":437,"column":3}},"locations":[{"start":{"line":435,"column":42},"end":{"line":437,"column":3}}]},"14":{"type":"branch","line":437,"loc":{"start":{"line":437,"column":2},"end":{"line":440,"column":19}},"locations":[{"start":{"line":437,"column":2},"end":{"line":440,"column":19}}]},"15":{"type":"branch","line":440,"loc":{"start":{"line":440,"column":6},"end":{"line":440,"column":35}},"locations":[{"start":{"line":440,"column":6},"end":{"line":440,"column":35}}]},"16":{"type":"branch","line":440,"loc":{"start":{"line":440,"column":35},"end":{"line":445,"column":3}},"locations":[{"start":{"line":440,"column":35},"end":{"line":445,"column":3}}]},"17":{"type":"branch","line":441,"loc":{"start":{"line":441,"column":46},"end":{"line":443,"column":5}},"locations":[{"start":{"line":441,"column":46},"end":{"line":443,"column":5}}]},"18":{"type":"branch","line":443,"loc":{"start":{"line":443,"column":4},"end":{"line":445,"column":3}},"locations":[{"start":{"line":443,"column":4},"end":{"line":445,"column":3}}]},"19":{"type":"branch","line":445,"loc":{"start":{"line":445,"column":2},"end":{"line":464,"column":1}},"locations":[{"start":{"line":445,"column":2},"end":{"line":464,"column":1}}]},"20":{"type":"branch","line":84,"loc":{"start":{"line":84,"column":4},"end":{"line":87,"column":7}},"locations":[{"start":{"line":84,"column":4},"end":{"line":87,"column":7}}]},"21":{"type":"branch","line":97,"loc":{"start":{"line":97,"column":12},"end":{"line":103,"column":5}},"locations":[{"start":{"line":97,"column":12},"end":{"line":103,"column":5}}]},"22":{"type":"branch","line":98,"loc":{"start":{"line":98,"column":18},"end":{"line":102,"column":63}},"locations":[{"start":{"line":98,"column":18},"end":{"line":102,"column":63}}]},"23":{"type":"branch","line":98,"loc":{"start":{"line":98,"column":18},"end":{"line":101,"column":5}},"locations":[{"start":{"line":98,"column":18},"end":{"line":101,"column":5}}]},"24":{"type":"branch","line":101,"loc":{"start":{"line":101,"column":4},"end":{"line":102,"column":63}},"locations":[{"start":{"line":101,"column":4},"end":{"line":102,"column":63}}]},"25":{"type":"branch","line":117,"loc":{"start":{"line":117,"column":4},"end":{"line":118,"column":45}},"locations":[{"start":{"line":117,"column":4},"end":{"line":118,"column":45}}]},"26":{"type":"branch","line":125,"loc":{"start":{"line":125,"column":27},"end":{"line":154,"column":5}},"locations":[{"start":{"line":125,"column":27},"end":{"line":154,"column":5}}]},"27":{"type":"branch","line":127,"loc":{"start":{"line":127,"column":29},"end":{"line":127,"column":36}},"locations":[{"start":{"line":127,"column":29},"end":{"line":127,"column":36}}]},"28":{"type":"branch","line":130,"loc":{"start":{"line":130,"column":30},"end":{"line":130,"column":37}},"locations":[{"start":{"line":130,"column":30},"end":{"line":130,"column":37}}]},"29":{"type":"branch","line":130,"loc":{"start":{"line":130,"column":30},"end":{"line":135,"column":47}},"locations":[{"start":{"line":130,"column":30},"end":{"line":135,"column":47}}]},"30":{"type":"branch","line":135,"loc":{"start":{"line":135,"column":45},"end":{"line":148,"column":13}},"locations":[{"start":{"line":135,"column":45},"end":{"line":148,"column":13}}]},"31":{"type":"branch","line":148,"loc":{"start":{"line":148,"column":4},"end":{"line":153,"column":5}},"locations":[{"start":{"line":148,"column":4},"end":{"line":153,"column":5}}]},"32":{"type":"branch","line":151,"loc":{"start":{"line":151,"column":32},"end":{"line":151,"column":48}},"locations":[{"start":{"line":151,"column":32},"end":{"line":151,"column":48}}]},"33":{"type":"branch","line":151,"loc":{"start":{"line":151,"column":40},"end":{"line":151,"column":73}},"locations":[{"start":{"line":151,"column":40},"end":{"line":151,"column":73}}]},"34":{"type":"branch","line":169,"loc":{"start":{"line":169,"column":12},"end":{"line":171,"column":5}},"locations":[{"start":{"line":169,"column":12},"end":{"line":171,"column":5}}]},"35":{"type":"branch","line":170,"loc":{"start":{"line":170,"column":24},"end":{"line":170,"column":49}},"locations":[{"start":{"line":170,"column":24},"end":{"line":170,"column":49}}]},"36":{"type":"branch","line":170,"loc":{"start":{"line":170,"column":39},"end":{"line":170,"column":54}},"locations":[{"start":{"line":170,"column":39},"end":{"line":170,"column":54}}]},"37":{"type":"branch","line":192,"loc":{"start":{"line":192,"column":12},"end":{"line":363,"column":5}},"locations":[{"start":{"line":192,"column":12},"end":{"line":363,"column":5}}]},"38":{"type":"branch","line":195,"loc":{"start":{"line":195,"column":30},"end":{"line":195,"column":64}},"locations":[{"start":{"line":195,"column":30},"end":{"line":195,"column":64}}]},"39":{"type":"branch","line":195,"loc":{"start":{"line":195,"column":64},"end":{"line":195,"column":71}},"locations":[{"start":{"line":195,"column":64},"end":{"line":195,"column":71}}]},"40":{"type":"branch","line":198,"loc":{"start":{"line":198,"column":37},"end":{"line":208,"column":5}},"locations":[{"start":{"line":198,"column":37},"end":{"line":208,"column":5}}]},"41":{"type":"branch","line":208,"loc":{"start":{"line":208,"column":4},"end":{"line":211,"column":38}},"locations":[{"start":{"line":208,"column":4},"end":{"line":211,"column":38}}]},"42":{"type":"branch","line":211,"loc":{"start":{"line":211,"column":30},"end":{"line":211,"column":64}},"locations":[{"start":{"line":211,"column":30},"end":{"line":211,"column":64}}]},"43":{"type":"branch","line":211,"loc":{"start":{"line":211,"column":64},"end":{"line":362,"column":6}},"locations":[{"start":{"line":211,"column":64},"end":{"line":362,"column":6}}]},"44":{"type":"branch","line":211,"loc":{"start":{"line":211,"column":64},"end":{"line":237,"column":5}},"locations":[{"start":{"line":211,"column":64},"end":{"line":237,"column":5}}]},"45":{"type":"branch","line":216,"loc":{"start":{"line":216,"column":40},"end":{"line":217,"column":29}},"locations":[{"start":{"line":216,"column":40},"end":{"line":217,"column":29}}]},"46":{"type":"branch","line":218,"loc":{"start":{"line":218,"column":8},"end":{"line":225,"column":7}},"locations":[{"start":{"line":218,"column":8},"end":{"line":225,"column":7}}]},"47":{"type":"branch","line":225,"loc":{"start":{"line":225,"column":6},"end":{"line":229,"column":47}},"locations":[{"start":{"line":225,"column":6},"end":{"line":229,"column":47}}]},"48":{"type":"branch","line":229,"loc":{"start":{"line":229,"column":40},"end":{"line":230,"column":55}},"locations":[{"start":{"line":229,"column":40},"end":{"line":230,"column":55}}]},"49":{"type":"branch","line":231,"loc":{"start":{"line":231,"column":8},"end":{"line":236,"column":7}},"locations":[{"start":{"line":231,"column":8},"end":{"line":236,"column":7}}]},"50":{"type":"branch","line":245,"loc":{"start":{"line":245,"column":23},"end":{"line":353,"column":6}},"locations":[{"start":{"line":245,"column":23},"end":{"line":353,"column":6}}]},"51":{"type":"branch","line":246,"loc":{"start":{"line":246,"column":25},"end":{"line":352,"column":7}},"locations":[{"start":{"line":246,"column":25},"end":{"line":352,"column":7}}]},"52":{"type":"branch","line":248,"loc":{"start":{"line":248,"column":23},"end":{"line":248,"column":30}},"locations":[{"start":{"line":248,"column":23},"end":{"line":248,"column":30}}]},"53":{"type":"branch","line":248,"loc":{"start":{"line":248,"column":23},"end":{"line":258,"column":31}},"locations":[{"start":{"line":248,"column":23},"end":{"line":258,"column":31}}]},"54":{"type":"branch","line":258,"loc":{"start":{"line":258,"column":14},"end":{"line":258,"column":59}},"locations":[{"start":{"line":258,"column":14},"end":{"line":258,"column":59}}]},"55":{"type":"branch","line":258,"loc":{"start":{"line":258,"column":59},"end":{"line":287,"column":17}},"locations":[{"start":{"line":258,"column":59},"end":{"line":287,"column":17}}]},"56":{"type":"branch","line":275,"loc":{"start":{"line":275,"column":27},"end":{"line":275,"column":34}},"locations":[{"start":{"line":275,"column":27},"end":{"line":275,"column":34}}]},"57":{"type":"branch","line":283,"loc":{"start":{"line":283,"column":27},"end":{"line":283,"column":34}},"locations":[{"start":{"line":283,"column":27},"end":{"line":283,"column":34}}]},"58":{"type":"branch","line":287,"loc":{"start":{"line":287,"column":10},"end":{"line":299,"column":11}},"locations":[{"start":{"line":287,"column":10},"end":{"line":299,"column":11}}]},"59":{"type":"branch","line":296,"loc":{"start":{"line":296,"column":12},"end":{"line":298,"column":34}},"locations":[{"start":{"line":296,"column":12},"end":{"line":298,"column":34}}]},"60":{"type":"branch","line":298,"loc":{"start":{"line":298,"column":27},"end":{"line":298,"column":34}},"locations":[{"start":{"line":298,"column":27},"end":{"line":298,"column":34}}]},"61":{"type":"branch","line":299,"loc":{"start":{"line":299,"column":10},"end":{"line":344,"column":11}},"locations":[{"start":{"line":299,"column":10},"end":{"line":344,"column":11}}]},"62":{"type":"branch","line":305,"loc":{"start":{"line":305,"column":30},"end":{"line":318,"column":11}},"locations":[{"start":{"line":305,"column":30},"end":{"line":318,"column":11}}]},"63":{"type":"branch","line":309,"loc":{"start":{"line":309,"column":29},"end":{"line":309,"column":36}},"locations":[{"start":{"line":309,"column":29},"end":{"line":309,"column":36}}]},"64":{"type":"branch","line":315,"loc":{"start":{"line":315,"column":12},"end":{"line":317,"column":13}},"locations":[{"start":{"line":315,"column":12},"end":{"line":317,"column":13}}]},"65":{"type":"branch","line":325,"loc":{"start":{"line":325,"column":29},"end":{"line":325,"column":36}},"locations":[{"start":{"line":325,"column":29},"end":{"line":325,"column":36}}]},"66":{"type":"branch","line":328,"loc":{"start":{"line":328,"column":12},"end":{"line":330,"column":13}},"locations":[{"start":{"line":328,"column":12},"end":{"line":330,"column":13}}]},"67":{"type":"branch","line":336,"loc":{"start":{"line":336,"column":32},"end":{"line":338,"column":13}},"locations":[{"start":{"line":336,"column":32},"end":{"line":338,"column":13}}]},"68":{"type":"branch","line":341,"loc":{"start":{"line":341,"column":44},"end":{"line":343,"column":13}},"locations":[{"start":{"line":341,"column":44},"end":{"line":343,"column":13}}]},"69":{"type":"branch","line":345,"loc":{"start":{"line":345,"column":8},"end":{"line":351,"column":9}},"locations":[{"start":{"line":345,"column":8},"end":{"line":351,"column":9}}]},"70":{"type":"branch","line":348,"loc":{"start":{"line":348,"column":31},"end":{"line":348,"column":47}},"locations":[{"start":{"line":348,"column":31},"end":{"line":348,"column":47}}]},"71":{"type":"branch","line":348,"loc":{"start":{"line":348,"column":39},"end":{"line":348,"column":71}},"locations":[{"start":{"line":348,"column":39},"end":{"line":348,"column":71}}]},"72":{"type":"branch","line":356,"loc":{"start":{"line":356,"column":11},"end":{"line":362,"column":6}},"locations":[{"start":{"line":356,"column":11},"end":{"line":362,"column":6}}]},"73":{"type":"branch","line":385,"loc":{"start":{"line":385,"column":12},"end":{"line":405,"column":5}},"locations":[{"start":{"line":385,"column":12},"end":{"line":405,"column":5}}]},"74":{"type":"branch","line":386,"loc":{"start":{"line":386,"column":9},"end":{"line":386,"column":29}},"locations":[{"start":{"line":386,"column":9},"end":{"line":386,"column":29}}]},"75":{"type":"branch","line":386,"loc":{"start":{"line":386,"column":29},"end":{"line":388,"column":76}},"locations":[{"start":{"line":386,"column":29},"end":{"line":388,"column":76}}]},"76":{"type":"branch","line":386,"loc":{"start":{"line":386,"column":29},"end":{"line":386,"column":36}},"locations":[{"start":{"line":386,"column":29},"end":{"line":386,"column":36}}]},"77":{"type":"branch","line":386,"loc":{"start":{"line":386,"column":29},"end":{"line":388,"column":48}},"locations":[{"start":{"line":386,"column":29},"end":{"line":388,"column":48}}]},"78":{"type":"branch","line":388,"loc":{"start":{"line":388,"column":28},"end":{"line":388,"column":76}},"locations":[{"start":{"line":388,"column":28},"end":{"line":388,"column":76}}]},"79":{"type":"branch","line":389,"loc":{"start":{"line":389,"column":23},"end":{"line":389,"column":30}},"locations":[{"start":{"line":389,"column":23},"end":{"line":389,"column":30}}]},"80":{"type":"branch","line":389,"loc":{"start":{"line":389,"column":23},"end":{"line":404,"column":6}},"locations":[{"start":{"line":389,"column":23},"end":{"line":404,"column":6}}]},"81":{"type":"branch","line":399,"loc":{"start":{"line":399,"column":11},"end":{"line":404,"column":6}},"locations":[{"start":{"line":399,"column":11},"end":{"line":404,"column":6}}]},"82":{"type":"branch","line":412,"loc":{"start":{"line":412,"column":12},"end":{"line":432,"column":5}},"locations":[{"start":{"line":412,"column":12},"end":{"line":432,"column":5}}]},"83":{"type":"branch","line":413,"loc":{"start":{"line":413,"column":9},"end":{"line":413,"column":29}},"locations":[{"start":{"line":413,"column":9},"end":{"line":413,"column":29}}]},"84":{"type":"branch","line":413,"loc":{"start":{"line":413,"column":29},"end":{"line":418,"column":48}},"locations":[{"start":{"line":413,"column":29},"end":{"line":418,"column":48}}]},"85":{"type":"branch","line":413,"loc":{"start":{"line":413,"column":29},"end":{"line":413,"column":36}},"locations":[{"start":{"line":413,"column":29},"end":{"line":413,"column":36}}]},"86":{"type":"branch","line":413,"loc":{"start":{"line":413,"column":29},"end":{"line":418,"column":48}},"locations":[{"start":{"line":413,"column":29},"end":{"line":418,"column":48}}]},"87":{"type":"branch","line":418,"loc":{"start":{"line":418,"column":31},"end":{"line":426,"column":7}},"locations":[{"start":{"line":418,"column":31},"end":{"line":426,"column":7}}]},"88":{"type":"branch","line":428,"loc":{"start":{"line":428,"column":11},"end":{"line":431,"column":6}},"locations":[{"start":{"line":428,"column":11},"end":{"line":431,"column":6}}]},"89":{"type":"branch","line":430,"loc":{"start":{"line":430,"column":6},"end":{"line":430,"column":22}},"locations":[{"start":{"line":430,"column":6},"end":{"line":430,"column":22}}]},"90":{"type":"branch","line":466,"loc":{"start":{"line":466,"column":7},"end":{"line":472,"column":1}},"locations":[{"start":{"line":466,"column":7},"end":{"line":472,"column":1}}]},"91":{"type":"branch","line":468,"loc":{"start":{"line":468,"column":16},"end":{"line":470,"column":3}},"locations":[{"start":{"line":468,"column":16},"end":{"line":470,"column":3}}]},"92":{"type":"branch","line":470,"loc":{"start":{"line":470,"column":2},"end":{"line":472,"column":1}},"locations":[{"start":{"line":470,"column":2},"end":{"line":472,"column":1}}]},"93":{"type":"branch","line":474,"loc":{"start":{"line":474,"column":7},"end":{"line":482,"column":1}},"locations":[{"start":{"line":474,"column":7},"end":{"line":482,"column":1}}]},"94":{"type":"branch","line":476,"loc":{"start":{"line":476,"column":7},"end":{"line":476,"column":27}},"locations":[{"start":{"line":476,"column":7},"end":{"line":476,"column":27}}]},"95":{"type":"branch","line":476,"loc":{"start":{"line":476,"column":27},"end":{"line":480,"column":3}},"locations":[{"start":{"line":476,"column":27},"end":{"line":480,"column":3}}]},"96":{"type":"branch","line":480,"loc":{"start":{"line":480,"column":2},"end":{"line":482,"column":1}},"locations":[{"start":{"line":480,"column":2},"end":{"line":482,"column":1}}]}},"b":{"0":[119],"1":[1],"2":[1],"3":[38],"4":[80],"5":[38],"6":[80],"7":[38],"8":[80],"9":[38],"10":[80],"11":[38],"12":[37],"13":[3],"14":[115],"15":[6],"16":[6],"17":[4],"18":[2],"19":[109],"20":[27],"21":[42],"22":[34],"23":[23],"24":[19],"25":[1],"26":[4],"27":[1],"28":[1],"29":[3],"30":[1],"31":[2],"32":[1],"33":[1],"34":[27],"35":[11],"36":[16],"37":[27],"38":[1],"39":[1],"40":[3],"41":[24],"42":[8],"43":[23],"44":[8],"45":[1],"46":[1],"47":[7],"48":[1],"49":[1],"50":[23],"51":[23],"52":[1],"53":[22],"54":[1],"55":[1],"56":[1],"57":[1],"58":[1],"59":[12],"60":[1],"61":[19],"62":[12],"63":[1],"64":[1],"65":[1],"66":[1],"67":[12],"68":[7],"69":[3],"70":[2],"71":[1],"72":[23],"73":[42],"74":[19],"75":[34],"76":[23],"77":[19],"78":[18],"79":[1],"80":[18],"81":[18],"82":[42],"83":[19],"84":[34],"85":[23],"86":[19],"87":[1],"88":[1],"89":[1],"90":[95],"91":[4],"92":[91],"93":[4],"94":[1],"95":[3],"96":[1]},"fnMap":{"0":{"name":"MidenProvider","decl":{"start":{"line":46,"column":7},"end":{"line":464,"column":1}},"loc":{"start":{"line":46,"column":7},"end":{"line":464,"column":1}},"line":46},"1":{"name":"initClient","decl":{"start":{"line":245,"column":23},"end":{"line":353,"column":6}},"loc":{"start":{"line":245,"column":23},"end":{"line":353,"column":6}},"line":245},"2":{"name":"useMiden","decl":{"start":{"line":466,"column":7},"end":{"line":472,"column":1}},"loc":{"start":{"line":466,"column":7},"end":{"line":472,"column":1}},"line":466},"3":{"name":"useMidenClient","decl":{"start":{"line":474,"column":7},"end":{"line":482,"column":1}},"loc":{"start":{"line":474,"column":7},"end":{"line":482,"column":1}},"line":474}},"f":{"0":119,"1":23,"2":95,"3":4}}
,"/Users/celrisen/miden/web-sdk-main/packages/react-sdk/src/context/MultiSignerProvider.tsx": {"path":"/Users/celrisen/miden/web-sdk-main/packages/react-sdk/src/context/MultiSignerProvider.tsx","all":false,"statementMap":{"0":{"start":{"line":1,"column":0},"end":{"line":1,"column":8}},"24":{"start":{"line":25,"column":0},"end":{"line":25,"column":34}},"25":{"start":{"line":26,"column":0},"end":{"line":26,"column":55}},"41":{"start":{"line":42,"column":0},"end":{"line":42,"column":79}},"46":{"start":{"line":47,"column":0},"end":{"line":47,"column":76}},"47":{"start":{"line":48,"column":0},"end":{"line":48,"column":72}},"48":{"start":{"line":49,"column":0},"end":{"line":49,"column":79}},"49":{"start":{"line":50,"column":0},"end":{"line":50,"column":6}},"50":{"start":{"line":51,"column":0},"end":{"line":51,"column":4}},"51":{"start":{"line":52,"column":0},"end":{"line":52,"column":80}},"52":{"start":{"line":53,"column":0},"end":{"line":53,"column":58}},"53":{"start":{"line":54,"column":0},"end":{"line":54,"column":34}},"55":{"start":{"line":56,"column":0},"end":{"line":56,"column":44}},"56":{"start":{"line":57,"column":0},"end":{"line":57,"column":64}},"57":{"start":{"line":58,"column":0},"end":{"line":58,"column":9}},"59":{"start":{"line":60,"column":0},"end":{"line":60,"column":31}},"60":{"start":{"line":61,"column":0},"end":{"line":61,"column":36}},"61":{"start":{"line":62,"column":0},"end":{"line":62,"column":54}},"62":{"start":{"line":63,"column":0},"end":{"line":63,"column":48}},"65":{"start":{"line":66,"column":0},"end":{"line":66,"column":10}},"66":{"start":{"line":67,"column":0},"end":{"line":67,"column":16}},"67":{"start":{"line":68,"column":0},"end":{"line":68,"column":35}},"68":{"start":{"line":69,"column":0},"end":{"line":69,"column":49}},"69":{"start":{"line":70,"column":0},"end":{"line":70,"column":45}},"70":{"start":{"line":71,"column":0},"end":{"line":71,"column":50}},"71":{"start":{"line":72,"column":0},"end":{"line":72,"column":9}},"72":{"start":{"line":73,"column":0},"end":{"line":73,"column":25}},"73":{"start":{"line":74,"column":0},"end":{"line":74,"column":7}},"74":{"start":{"line":75,"column":0},"end":{"line":75,"column":6}},"75":{"start":{"line":76,"column":0},"end":{"line":76,"column":20}},"76":{"start":{"line":77,"column":0},"end":{"line":77,"column":4}},"78":{"start":{"line":79,"column":0},"end":{"line":79,"column":33}},"79":{"start":{"line":80,"column":0},"end":{"line":80,"column":23}},"80":{"start":{"line":81,"column":0},"end":{"line":81,"column":38}},"81":{"start":{"line":82,"column":0},"end":{"line":82,"column":76}},"82":{"start":{"line":83,"column":0},"end":{"line":83,"column":23}},"83":{"start":{"line":84,"column":0},"end":{"line":84,"column":6}},"84":{"start":{"line":85,"column":0},"end":{"line":85,"column":20}},"85":{"start":{"line":86,"column":0},"end":{"line":86,"column":4}},"87":{"start":{"line":88,"column":0},"end":{"line":88,"column":27}},"88":{"start":{"line":89,"column":0},"end":{"line":89,"column":37}},"89":{"start":{"line":90,"column":0},"end":{"line":90,"column":26}},"90":{"start":{"line":91,"column":0},"end":{"line":91,"column":4}},"93":{"start":{"line":94,"column":0},"end":{"line":94,"column":39}},"96":{"start":{"line":97,"column":0},"end":{"line":97,"column":11}},"130":{"start":{"line":131,"column":0},"end":{"line":131,"column":25}},"134":{"start":{"line":135,"column":0},"end":{"line":135,"column":67}},"135":{"start":{"line":136,"column":0},"end":{"line":136,"column":35}},"136":{"start":{"line":137,"column":0},"end":{"line":137,"column":12}},"137":{"start":{"line":138,"column":0},"end":{"line":138,"column":30}},"138":{"start":{"line":139,"column":0},"end":{"line":139,"column":44}},"139":{"start":{"line":140,"column":0},"end":{"line":140,"column":40}},"140":{"start":{"line":141,"column":0},"end":{"line":141,"column":48}},"141":{"start":{"line":142,"column":0},"end":{"line":142,"column":27}},"142":{"start":{"line":143,"column":0},"end":{"line":143,"column":29}},"143":{"start":{"line":144,"column":0},"end":{"line":144,"column":35}},"144":{"start":{"line":145,"column":0},"end":{"line":145,"column":6}},"145":{"start":{"line":146,"column":0},"end":{"line":146,"column":6}},"146":{"start":{"line":147,"column":0},"end":{"line":147,"column":23}},"147":{"start":{"line":148,"column":0},"end":{"line":148,"column":30}},"148":{"start":{"line":149,"column":0},"end":{"line":149,"column":28}},"149":{"start":{"line":150,"column":0},"end":{"line":150,"column":32}},"150":{"start":{"line":151,"column":0},"end":{"line":151,"column":17}},"151":{"start":{"line":152,"column":0},"end":{"line":152,"column":18}},"152":{"start":{"line":153,"column":0},"end":{"line":153,"column":21}},"153":{"start":{"line":154,"column":0},"end":{"line":154,"column":5}},"156":{"start":{"line":157,"column":0},"end":{"line":157,"column":62}},"157":{"start":{"line":158,"column":0},"end":{"line":158,"column":39}},"158":{"start":{"line":159,"column":0},"end":{"line":159,"column":30}},"159":{"start":{"line":160,"column":0},"end":{"line":160,"column":9}},"161":{"start":{"line":162,"column":0},"end":{"line":162,"column":36}},"162":{"start":{"line":163,"column":0},"end":{"line":163,"column":29}},"163":{"start":{"line":164,"column":0},"end":{"line":164,"column":54}},"164":{"start":{"line":165,"column":0},"end":{"line":165,"column":39}},"165":{"start":{"line":166,"column":0},"end":{"line":166,"column":45}},"166":{"start":{"line":167,"column":0},"end":{"line":167,"column":15}},"169":{"start":{"line":170,"column":0},"end":{"line":170,"column":69}},"172":{"start":{"line":173,"column":0},"end":{"line":173,"column":53}},"173":{"start":{"line":174,"column":0},"end":{"line":174,"column":68}},"175":{"start":{"line":176,"column":0},"end":{"line":176,"column":49}},"178":{"start":{"line":179,"column":0},"end":{"line":179,"column":26}},"181":{"start":{"line":182,"column":0},"end":{"line":182,"column":39}},"182":{"start":{"line":183,"column":0},"end":{"line":183,"column":51}},"183":{"start":{"line":184,"column":0},"end":{"line":184,"column":69}},"184":{"start":{"line":185,"column":0},"end":{"line":185,"column":11}},"185":{"start":{"line":186,"column":0},"end":{"line":186,"column":7}},"187":{"start":{"line":188,"column":0},"end":{"line":188,"column":11}},"188":{"start":{"line":189,"column":0},"end":{"line":189,"column":34}},"191":{"start":{"line":192,"column":0},"end":{"line":192,"column":57}},"192":{"start":{"line":193,"column":0},"end":{"line":193,"column":21}},"196":{"start":{"line":197,"column":0},"end":{"line":197,"column":28}},"197":{"start":{"line":198,"column":0},"end":{"line":198,"column":18}},"198":{"start":{"line":199,"column":0},"end":{"line":199,"column":7}},"199":{"start":{"line":200,"column":0},"end":{"line":200,"column":6}},"200":{"start":{"line":201,"column":0},"end":{"line":201,"column":19}},"201":{"start":{"line":202,"column":0},"end":{"line":202,"column":4}},"203":{"start":{"line":204,"column":0},"end":{"line":204,"column":52}},"204":{"start":{"line":205,"column":0},"end":{"line":205,"column":70}},"206":{"start":{"line":207,"column":0},"end":{"line":207,"column":52}},"207":{"start":{"line":208,"column":0},"end":{"line":208,"column":76}},"210":{"start":{"line":211,"column":0},"end":{"line":211,"column":24}},"212":{"start":{"line":213,"column":0},"end":{"line":213,"column":30}},"213":{"start":{"line":214,"column":0},"end":{"line":214,"column":42}},"214":{"start":{"line":215,"column":0},"end":{"line":215,"column":58}},"215":{"start":{"line":216,"column":0},"end":{"line":216,"column":9}},"216":{"start":{"line":217,"column":0},"end":{"line":217,"column":5}},"217":{"start":{"line":218,"column":0},"end":{"line":218,"column":22}},"219":{"start":{"line":220,"column":0},"end":{"line":220,"column":60}},"220":{"start":{"line":221,"column":0},"end":{"line":221,"column":12}},"221":{"start":{"line":222,"column":0},"end":{"line":222,"column":31}},"222":{"start":{"line":223,"column":0},"end":{"line":223,"column":19}},"223":{"start":{"line":224,"column":0},"end":{"line":224,"column":20}},"224":{"start":{"line":225,"column":0},"end":{"line":225,"column":23}},"225":{"start":{"line":226,"column":0},"end":{"line":226,"column":7}},"226":{"start":{"line":227,"column":0},"end":{"line":227,"column":68}},"227":{"start":{"line":228,"column":0},"end":{"line":228,"column":4}},"229":{"start":{"line":230,"column":0},"end":{"line":230,"column":10}},"230":{"start":{"line":231,"column":0},"end":{"line":231,"column":51}},"231":{"start":{"line":232,"column":0},"end":{"line":232,"column":60}},"232":{"start":{"line":233,"column":0},"end":{"line":233,"column":62}},"233":{"start":{"line":234,"column":0},"end":{"line":234,"column":20}},"234":{"start":{"line":235,"column":0},"end":{"line":235,"column":38}},"235":{"start":{"line":236,"column":0},"end":{"line":236,"column":44}},"236":{"start":{"line":237,"column":0},"end":{"line":237,"column":29}},"238":{"start":{"line":239,"column":0},"end":{"line":239,"column":1}},"254":{"start":{"line":255,"column":0},"end":{"line":255,"column":36}},"255":{"start":{"line":256,"column":0},"end":{"line":256,"column":34}},"256":{"start":{"line":257,"column":0},"end":{"line":257,"column":58}},"257":{"start":{"line":258,"column":0},"end":{"line":258,"column":35}},"261":{"start":{"line":262,"column":0},"end":{"line":262,"column":19}},"262":{"start":{"line":263,"column":0},"end":{"line":263,"column":42}},"263":{"start":{"line":264,"column":0},"end":{"line":264,"column":39}},"264":{"start":{"line":265,"column":0},"end":{"line":265,"column":35}},"265":{"start":{"line":266,"column":0},"end":{"line":266,"column":30}},"268":{"start":{"line":269,"column":0},"end":{"line":269,"column":19}},"269":{"start":{"line":270,"column":0},"end":{"line":270,"column":18}},"270":{"start":{"line":271,"column":0},"end":{"line":271,"column":40}},"271":{"start":{"line":272,"column":0},"end":{"line":272,"column":45}},"272":{"start":{"line":273,"column":0},"end":{"line":273,"column":7}},"273":{"start":{"line":274,"column":0},"end":{"line":274,"column":6}},"274":{"start":{"line":275,"column":0},"end":{"line":275,"column":17}},"276":{"start":{"line":277,"column":0},"end":{"line":277,"column":14}},"277":{"start":{"line":278,"column":0},"end":{"line":278,"column":1}},"286":{"start":{"line":287,"column":0},"end":{"line":287,"column":66}},"287":{"start":{"line":288,"column":0},"end":{"line":288,"column":40}},"288":{"start":{"line":289,"column":0},"end":{"line":289,"column":1}}},"s":{"0":1,"24":1,"25":1,"41":1,"46":1,"47":66,"48":66,"49":66,"50":66,"51":66,"52":66,"53":66,"55":66,"56":55,"57":66,"59":66,"60":66,"61":29,"62":29,"65":29,"66":29,"67":2,"68":2,"69":1,"70":1,"71":29,"72":28,"73":28,"74":29,"75":66,"76":66,"78":66,"79":66,"80":27,"81":27,"82":27,"83":27,"84":66,"85":66,"87":66,"88":66,"89":66,"90":66,"93":66,"96":52,"130":66,"134":66,"135":39,"136":13,"137":13,"138":13,"139":13,"140":13,"141":13,"142":13,"143":13,"144":13,"145":66,"146":66,"147":66,"148":66,"149":66,"150":66,"151":66,"152":66,"153":66,"156":66,"157":21,"158":21,"159":66,"161":66,"162":66,"163":17,"164":17,"165":4,"166":13,"169":17,"172":16,"173":17,"175":15,"178":15,"181":17,"182":2,"183":1,"184":2,"185":2,"187":15,"188":15,"191":13,"192":17,"196":2,"197":2,"198":2,"199":17,"200":66,"201":66,"203":66,"204":4,"206":4,"207":4,"210":4,"212":4,"213":2,"214":1,"215":2,"216":2,"217":66,"219":66,"220":66,"221":61,"222":61,"223":61,"224":61,"225":61,"226":66,"227":66,"229":66,"230":66,"231":66,"232":66,"233":66,"234":66,"235":66,"236":66,"238":66,"254":1,"255":31,"256":31,"257":31,"261":31,"262":30,"263":29,"264":29,"265":31,"268":31,"269":28,"270":28,"271":27,"272":27,"273":28,"274":31,"276":31,"277":31,"286":1,"287":101,"288":101},"branchMap":{"0":{"type":"branch","line":47,"loc":{"start":{"line":47,"column":7},"end":{"line":239,"column":1}},"locations":[{"start":{"line":47,"column":7},"end":{"line":239,"column":1}}]},"1":{"type":"branch","line":94,"loc":{"start":{"line":94,"column":23},"end":{"line":96,"column":72}},"locations":[{"start":{"line":94,"column":23},"end":{"line":96,"column":72}}]},"2":{"type":"branch","line":96,"loc":{"start":{"line":96,"column":62},"end":{"line":96,"column":72}},"locations":[{"start":{"line":96,"column":62},"end":{"line":96,"column":72}}]},"3":{"type":"branch","line":96,"loc":{"start":{"line":96,"column":67},"end":{"line":97,"column":11}},"locations":[{"start":{"line":96,"column":67},"end":{"line":97,"column":11}}]},"4":{"type":"branch","line":147,"loc":{"start":{"line":147,"column":4},"end":{"line":147,"column":23}},"locations":[{"start":{"line":147,"column":4},"end":{"line":147,"column":23}}]},"5":{"type":"branch","line":148,"loc":{"start":{"line":148,"column":4},"end":{"line":148,"column":30}},"locations":[{"start":{"line":148,"column":4},"end":{"line":148,"column":30}}]},"6":{"type":"branch","line":149,"loc":{"start":{"line":149,"column":4},"end":{"line":149,"column":28}},"locations":[{"start":{"line":149,"column":4},"end":{"line":149,"column":28}}]},"7":{"type":"branch","line":150,"loc":{"start":{"line":150,"column":4},"end":{"line":150,"column":32}},"locations":[{"start":{"line":150,"column":4},"end":{"line":150,"column":32}}]},"8":{"type":"branch","line":56,"loc":{"start":{"line":56,"column":37},"end":{"line":58,"column":5}},"locations":[{"start":{"line":56,"column":37},"end":{"line":58,"column":5}}]},"9":{"type":"branch","line":61,"loc":{"start":{"line":61,"column":4},"end":{"line":75,"column":6}},"locations":[{"start":{"line":61,"column":4},"end":{"line":75,"column":6}}]},"10":{"type":"branch","line":67,"loc":{"start":{"line":67,"column":9},"end":{"line":68,"column":35}},"locations":[{"start":{"line":67,"column":9},"end":{"line":68,"column":35}}]},"11":{"type":"branch","line":68,"loc":{"start":{"line":68,"column":28},"end":{"line":69,"column":49}},"locations":[{"start":{"line":68,"column":28},"end":{"line":69,"column":49}}]},"12":{"type":"branch","line":69,"loc":{"start":{"line":69,"column":35},"end":{"line":70,"column":45}},"locations":[{"start":{"line":69,"column":35},"end":{"line":70,"column":45}}]},"13":{"type":"branch","line":70,"loc":{"start":{"line":70,"column":33},"end":{"line":71,"column":50}},"locations":[{"start":{"line":70,"column":33},"end":{"line":71,"column":50}}]},"14":{"type":"branch","line":72,"loc":{"start":{"line":72,"column":8},"end":{"line":74,"column":7}},"locations":[{"start":{"line":72,"column":8},"end":{"line":74,"column":7}}]},"15":{"type":"branch","line":80,"loc":{"start":{"line":80,"column":4},"end":{"line":84,"column":6}},"locations":[{"start":{"line":80,"column":4},"end":{"line":84,"column":6}}]},"16":{"type":"branch","line":82,"loc":{"start":{"line":82,"column":26},"end":{"line":82,"column":74}},"locations":[{"start":{"line":82,"column":26},"end":{"line":82,"column":74}}]},"17":{"type":"branch","line":82,"loc":{"start":{"line":82,"column":52},"end":{"line":82,"column":66}},"locations":[{"start":{"line":82,"column":52},"end":{"line":82,"column":66}}]},"18":{"type":"branch","line":82,"loc":{"start":{"line":82,"column":59},"end":{"line":82,"column":74}},"locations":[{"start":{"line":82,"column":59},"end":{"line":82,"column":74}}]},"19":{"type":"branch","line":89,"loc":{"start":{"line":89,"column":4},"end":{"line":89,"column":37}},"locations":[{"start":{"line":89,"column":4},"end":{"line":89,"column":37}}]},"20":{"type":"branch","line":96,"loc":{"start":{"line":96,"column":28},"end":{"line":96,"column":62}},"locations":[{"start":{"line":96,"column":28},"end":{"line":96,"column":62}}]},"21":{"type":"branch","line":135,"loc":{"start":{"line":135,"column":60},"end":{"line":146,"column":5}},"locations":[{"start":{"line":135,"column":60},"end":{"line":146,"column":5}}]},"22":{"type":"branch","line":136,"loc":{"start":{"line":136,"column":23},"end":{"line":136,"column":35}},"locations":[{"start":{"line":136,"column":23},"end":{"line":136,"column":35}}]},"23":{"type":"branch","line":136,"loc":{"start":{"line":136,"column":30},"end":{"line":145,"column":6}},"locations":[{"start":{"line":136,"column":30},"end":{"line":145,"column":6}}]},"24":{"type":"branch","line":157,"loc":{"start":{"line":157,"column":36},"end":{"line":160,"column":5}},"locations":[{"start":{"line":157,"column":36},"end":{"line":160,"column":5}}]},"25":{"type":"branch","line":163,"loc":{"start":{"line":163,"column":4},"end":{"line":200,"column":6}},"locations":[{"start":{"line":163,"column":4},"end":{"line":200,"column":6}}]},"26":{"type":"branch","line":165,"loc":{"start":{"line":165,"column":28},"end":{"line":166,"column":45}},"locations":[{"start":{"line":165,"column":28},"end":{"line":166,"column":45}}]},"27":{"type":"branch","line":166,"loc":{"start":{"line":166,"column":44},"end":{"line":167,"column":15}},"locations":[{"start":{"line":166,"column":44},"end":{"line":167,"column":15}}]},"28":{"type":"branch","line":170,"loc":{"start":{"line":170,"column":26},"end":{"line":170,"column":62}},"locations":[{"start":{"line":170,"column":26},"end":{"line":170,"column":62}}]},"29":{"type":"branch","line":170,"loc":{"start":{"line":170,"column":62},"end":{"line":170,"column":69}},"locations":[{"start":{"line":170,"column":62},"end":{"line":170,"column":69}}]},"30":{"type":"branch","line":170,"loc":{"start":{"line":170,"column":62},"end":{"line":174,"column":28}},"locations":[{"start":{"line":170,"column":62},"end":{"line":174,"column":28}}]},"31":{"type":"branch","line":174,"loc":{"start":{"line":174,"column":22},"end":{"line":174,"column":68}},"locations":[{"start":{"line":174,"column":22},"end":{"line":174,"column":68}}]},"32":{"type":"branch","line":174,"loc":{"start":{"line":174,"column":66},"end":{"line":182,"column":25}},"locations":[{"start":{"line":174,"column":66},"end":{"line":182,"column":25}}]},"33":{"type":"branch","line":182,"loc":{"start":{"line":182,"column":10},"end":{"line":182,"column":38}},"locations":[{"start":{"line":182,"column":10},"end":{"line":182,"column":38}}]},"34":{"type":"branch","line":182,"loc":{"start":{"line":182,"column":38},"end":{"line":186,"column":7}},"locations":[{"start":{"line":182,"column":38},"end":{"line":186,"column":7}}]},"35":{"type":"branch","line":186,"loc":{"start":{"line":186,"column":6},"end":{"line":189,"column":34}},"locations":[{"start":{"line":186,"column":6},"end":{"line":189,"column":34}}]},"36":{"type":"branch","line":189,"loc":{"start":{"line":189,"column":32},"end":{"line":192,"column":57}},"locations":[{"start":{"line":189,"column":32},"end":{"line":192,"column":57}}]},"37":{"type":"branch","line":192,"loc":{"start":{"line":192,"column":50},"end":{"line":192,"column":57}},"locations":[{"start":{"line":192,"column":50},"end":{"line":192,"column":57}}]},"38":{"type":"branch","line":193,"loc":{"start":{"line":193,"column":6},"end":{"line":199,"column":7}},"locations":[{"start":{"line":193,"column":6},"end":{"line":199,"column":7}}]},"39":{"type":"branch","line":196,"loc":{"start":{"line":196,"column":50},"end":{"line":196,"column":57}},"locations":[{"start":{"line":196,"column":50},"end":{"line":196,"column":57}}]},"40":{"type":"branch","line":183,"loc":{"start":{"line":183,"column":41},"end":{"line":185,"column":9}},"locations":[{"start":{"line":183,"column":41},"end":{"line":185,"column":9}}]},"41":{"type":"branch","line":204,"loc":{"start":{"line":204,"column":39},"end":{"line":218,"column":5}},"locations":[{"start":{"line":204,"column":39},"end":{"line":218,"column":5}}]},"42":{"type":"branch","line":208,"loc":{"start":{"line":208,"column":19},"end":{"line":208,"column":71}},"locations":[{"start":{"line":208,"column":19},"end":{"line":208,"column":71}}]},"43":{"type":"branch","line":208,"loc":{"start":{"line":208,"column":67},"end":{"line":208,"column":76}},"locations":[{"start":{"line":208,"column":67},"end":{"line":208,"column":76}}]},"44":{"type":"branch","line":213,"loc":{"start":{"line":213,"column":8},"end":{"line":213,"column":29}},"locations":[{"start":{"line":213,"column":8},"end":{"line":213,"column":29}}]},"45":{"type":"branch","line":213,"loc":{"start":{"line":213,"column":29},"end":{"line":217,"column":5}},"locations":[{"start":{"line":213,"column":29},"end":{"line":217,"column":5}}]},"46":{"type":"branch","line":214,"loc":{"start":{"line":214,"column":32},"end":{"line":216,"column":7}},"locations":[{"start":{"line":214,"column":32},"end":{"line":216,"column":7}}]},"47":{"type":"branch","line":221,"loc":{"start":{"line":221,"column":4},"end":{"line":226,"column":7}},"locations":[{"start":{"line":221,"column":4},"end":{"line":226,"column":7}}]},"48":{"type":"branch","line":255,"loc":{"start":{"line":255,"column":7},"end":{"line":278,"column":1}},"locations":[{"start":{"line":255,"column":7},"end":{"line":278,"column":1}}]},"49":{"type":"branch","line":262,"loc":{"start":{"line":262,"column":12},"end":{"line":266,"column":5}},"locations":[{"start":{"line":262,"column":12},"end":{"line":266,"column":5}}]},"50":{"type":"branch","line":263,"loc":{"start":{"line":263,"column":35},"end":{"line":263,"column":42}},"locations":[{"start":{"line":263,"column":35},"end":{"line":263,"column":42}}]},"51":{"type":"branch","line":263,"loc":{"start":{"line":263,"column":35},"end":{"line":265,"column":35}},"locations":[{"start":{"line":263,"column":35},"end":{"line":265,"column":35}}]},"52":{"type":"branch","line":269,"loc":{"start":{"line":269,"column":12},"end":{"line":275,"column":5}},"locations":[{"start":{"line":269,"column":12},"end":{"line":275,"column":5}}]},"53":{"type":"branch","line":270,"loc":{"start":{"line":270,"column":11},"end":{"line":274,"column":6}},"locations":[{"start":{"line":270,"column":11},"end":{"line":274,"column":6}}]},"54":{"type":"branch","line":271,"loc":{"start":{"line":271,"column":18},"end":{"line":271,"column":39}},"locations":[{"start":{"line":271,"column":18},"end":{"line":271,"column":39}}]},"55":{"type":"branch","line":271,"loc":{"start":{"line":271,"column":39},"end":{"line":273,"column":7}},"locations":[{"start":{"line":271,"column":39},"end":{"line":273,"column":7}}]},"56":{"type":"branch","line":287,"loc":{"start":{"line":287,"column":7},"end":{"line":289,"column":1}},"locations":[{"start":{"line":287,"column":7},"end":{"line":289,"column":1}}]}},"b":{"0":[66],"1":[14],"2":[1],"3":[1],"4":[14],"5":[14],"6":[14],"7":[14],"8":[55],"9":[29],"10":[2],"11":[2],"12":[1],"13":[1],"14":[28],"15":[27],"16":[4],"17":[1],"18":[3],"19":[23],"20":[1],"21":[39],"22":[26],"23":[13],"24":[21],"25":[17],"26":[4],"27":[13],"28":[1],"29":[1],"30":[16],"31":[1],"32":[15],"33":[3],"34":[2],"35":[15],"36":[13],"37":[2],"38":[2],"39":[1],"40":[1],"41":[4],"42":[3],"43":[1],"44":[3],"45":[2],"46":[1],"47":[61],"48":[31],"49":[30],"50":[1],"51":[29],"52":[28],"53":[28],"54":[27],"55":[27],"56":[101]},"fnMap":{"0":{"name":"MultiSignerProvider","decl":{"start":{"line":47,"column":7},"end":{"line":239,"column":1}},"loc":{"start":{"line":47,"column":7},"end":{"line":239,"column":1}},"line":47},"1":{"name":"SignerSlot","decl":{"start":{"line":255,"column":7},"end":{"line":278,"column":1}},"loc":{"start":{"line":255,"column":7},"end":{"line":278,"column":1}},"line":255},"2":{"name":"useMultiSigner","decl":{"start":{"line":287,"column":7},"end":{"line":289,"column":1}},"loc":{"start":{"line":287,"column":7},"end":{"line":289,"column":1}},"line":287}},"f":{"0":66,"1":31,"2":101}}
,"/Users/celrisen/miden/web-sdk-main/packages/react-sdk/src/context/SignerContext.ts": {"path":"/Users/celrisen/miden/web-sdk-main/packages/react-sdk/src/context/SignerContext.ts","all":false,"statementMap":{"0":{"start":{"line":1,"column":0},"end":{"line":1,"column":50}},"106":{"start":{"line":107,"column":0},"end":{"line":107,"column":76}},"125":{"start":{"line":126,"column":0},"end":{"line":126,"column":56}},"126":{"start":{"line":127,"column":0},"end":{"line":127,"column":35}},"127":{"start":{"line":128,"column":0},"end":{"line":128,"column":1}}},"s":{"0":1,"106":1,"125":1,"126":228,"127":228},"branchMap":{"0":{"type":"branch","line":126,"loc":{"start":{"line":126,"column":7},"end":{"line":128,"column":1}},"locations":[{"start":{"line":126,"column":7},"end":{"line":128,"column":1}}]}},"b":{"0":[228]},"fnMap":{"0":{"name":"useSigner","decl":{"start":{"line":126,"column":7},"end":{"line":128,"column":1}},"loc":{"start":{"line":126,"column":7},"end":{"line":128,"column":1}},"line":126}},"f":{"0":228}}
,"/Users/celrisen/miden/web-sdk-main/packages/react-sdk/src/hooks/useAccount.ts": {"path":"/Users/celrisen/miden/web-sdk-main/packages/react-sdk/src/hooks/useAccount.ts","all":false,"statementMap":{"0":{"start":{"line":1,"column":0},"end":{"line":1,"column":66}},"37":{"start":{"line":38,"column":0},"end":{"line":38,"column":78}},"38":{"start":{"line":39,"column":0},"end":{"line":39,"column":41}},"39":{"start":{"line":40,"column":0},"end":{"line":40,"column":72}},"40":{"start":{"line":41,"column":0},"end":{"line":41,"column":78}},"41":{"start":{"line":42,"column":0},"end":{"line":42,"column":47}},"43":{"start":{"line":44,"column":0},"end":{"line":44,"column":52}},"44":{"start":{"line":45,"column":0},"end":{"line":45,"column":57}},"47":{"start":{"line":48,"column":0},"end":{"line":48,"column":38}},"48":{"start":{"line":49,"column":0},"end":{"line":49,"column":37}},"49":{"start":{"line":50,"column":0},"end":{"line":50,"column":56}},"50":{"start":{"line":51,"column":0},"end":{"line":51,"column":48}},"51":{"start":{"line":52,"column":0},"end":{"line":52,"column":18}},"54":{"start":{"line":55,"column":0},"end":{"line":55,"column":30}},"55":{"start":{"line":56,"column":0},"end":{"line":56,"column":48}},"56":{"start":{"line":57,"column":0},"end":{"line":57,"column":11}},"58":{"start":{"line":59,"column":0},"end":{"line":59,"column":43}},"59":{"start":{"line":60,"column":0},"end":{"line":60,"column":53}},"61":{"start":{"line":62,"column":0},"end":{"line":62,"column":23}},"62":{"start":{"line":63,"column":0},"end":{"line":63,"column":19}},"64":{"start":{"line":65,"column":0},"end":{"line":65,"column":9}},"65":{"start":{"line":66,"column":0},"end":{"line":66,"column":56}},"66":{"start":{"line":67,"column":0},"end":{"line":67,"column":67}},"67":{"start":{"line":68,"column":0},"end":{"line":68,"column":27}},"68":{"start":{"line":69,"column":0},"end":{"line":69,"column":44}},"69":{"start":{"line":70,"column":0},"end":{"line":70,"column":56}},"70":{"start":{"line":71,"column":0},"end":{"line":71,"column":7}},"71":{"start":{"line":72,"column":0},"end":{"line":72,"column":19}},"72":{"start":{"line":73,"column":0},"end":{"line":73,"column":68}},"73":{"start":{"line":74,"column":0},"end":{"line":74,"column":15}},"74":{"start":{"line":75,"column":0},"end":{"line":75,"column":26}},"75":{"start":{"line":76,"column":0},"end":{"line":76,"column":5}},"76":{"start":{"line":77,"column":0},"end":{"line":77,"column":57}},"79":{"start":{"line":80,"column":0},"end":{"line":80,"column":19}},"80":{"start":{"line":81,"column":0},"end":{"line":81,"column":46}},"81":{"start":{"line":82,"column":0},"end":{"line":82,"column":16}},"82":{"start":{"line":83,"column":0},"end":{"line":83,"column":5}},"83":{"start":{"line":84,"column":0},"end":{"line":84,"column":48}},"86":{"start":{"line":87,"column":0},"end":{"line":87,"column":19}},"87":{"start":{"line":88,"column":0},"end":{"line":88,"column":59}},"88":{"start":{"line":89,"column":0},"end":{"line":89,"column":14}},"89":{"start":{"line":90,"column":0},"end":{"line":90,"column":53}},"92":{"start":{"line":93,"column":0},"end":{"line":93,"column":51}},"93":{"start":{"line":94,"column":0},"end":{"line":94,"column":28}},"95":{"start":{"line":96,"column":0},"end":{"line":96,"column":9}},"96":{"start":{"line":97,"column":0},"end":{"line":97,"column":36}},"97":{"start":{"line":98,"column":0},"end":{"line":98,"column":44}},"100":{"start":{"line":101,"column":0},"end":{"line":101,"column":49}},"101":{"start":{"line":102,"column":0},"end":{"line":102,"column":40}},"102":{"start":{"line":103,"column":0},"end":{"line":103,"column":25}},"103":{"start":{"line":104,"column":0},"end":{"line":104,"column":47}},"104":{"start":{"line":105,"column":0},"end":{"line":105,"column":33}},"105":{"start":{"line":106,"column":0},"end":{"line":106,"column":11}},"106":{"start":{"line":107,"column":0},"end":{"line":107,"column":7}},"108":{"start":{"line":109,"column":0},"end":{"line":109,"column":24}},"109":{"start":{"line":110,"column":0},"end":{"line":110,"column":13}},"110":{"start":{"line":111,"column":0},"end":{"line":111,"column":16}},"111":{"start":{"line":112,"column":0},"end":{"line":112,"column":5}},"112":{"start":{"line":113,"column":0},"end":{"line":113,"column":16}},"114":{"start":{"line":115,"column":0},"end":{"line":115,"column":27}},"115":{"start":{"line":116,"column":0},"end":{"line":116,"column":50}},"116":{"start":{"line":117,"column":0},"end":{"line":117,"column":15}},"117":{"start":{"line":118,"column":0},"end":{"line":118,"column":4}},"118":{"start":{"line":119,"column":0},"end":{"line":119,"column":55}},"120":{"start":{"line":121,"column":0},"end":{"line":121,"column":25}},"121":{"start":{"line":122,"column":0},"end":{"line":122,"column":9}},"122":{"start":{"line":123,"column":0},"end":{"line":123,"column":32}},"123":{"start":{"line":124,"column":0},"end":{"line":124,"column":58}},"124":{"start":{"line":125,"column":0},"end":{"line":125,"column":16}},"125":{"start":{"line":126,"column":0},"end":{"line":126,"column":19}},"126":{"start":{"line":127,"column":0},"end":{"line":127,"column":35}},"127":{"start":{"line":128,"column":0},"end":{"line":128,"column":39}},"128":{"start":{"line":129,"column":0},"end":{"line":129,"column":10}},"129":{"start":{"line":130,"column":0},"end":{"line":130,"column":9}},"130":{"start":{"line":131,"column":0},"end":{"line":131,"column":30}},"131":{"start":{"line":132,"column":0},"end":{"line":132,"column":4}},"134":{"start":{"line":135,"column":0},"end":{"line":135,"column":33}},"135":{"start":{"line":136,"column":0},"end":{"line":136,"column":34}},"136":{"start":{"line":137,"column":0},"end":{"line":137,"column":62}},"137":{"start":{"line":138,"column":0},"end":{"line":138,"column":33}},"138":{"start":{"line":139,"column":0},"end":{"line":139,"column":6}},"139":{"start":{"line":140,"column":0},"end":{"line":140,"column":12}},"140":{"start":{"line":141,"column":0},"end":{"line":141,"column":4}},"142":{"start":{"line":143,"column":0},"end":{"line":143,"column":10}},"143":{"start":{"line":144,"column":0},"end":{"line":144,"column":12}},"144":{"start":{"line":145,"column":0},"end":{"line":145,"column":11}},"145":{"start":{"line":146,"column":0},"end":{"line":146,"column":14}},"146":{"start":{"line":147,"column":0},"end":{"line":147,"column":10}},"147":{"start":{"line":148,"column":0},"end":{"line":148,"column":12}},"148":{"start":{"line":149,"column":0},"end":{"line":149,"column":15}},"149":{"start":{"line":150,"column":0},"end":{"line":150,"column":4}},"150":{"start":{"line":151,"column":0},"end":{"line":151,"column":1}}},"s":{"0":1,"37":1,"38":50,"39":50,"40":50,"41":50,"43":50,"44":50,"47":50,"48":16,"49":16,"50":1,"51":50,"54":50,"55":49,"56":1,"58":50,"59":13,"61":12,"62":12,"64":12,"65":12,"66":12,"67":13,"68":9,"69":9,"70":9,"71":13,"72":2,"73":13,"74":12,"75":12,"76":50,"79":50,"80":23,"81":9,"82":9,"83":50,"86":50,"87":17,"88":1,"89":50,"92":50,"93":23,"95":11,"96":11,"97":11,"100":11,"101":23,"102":3,"103":3,"104":3,"105":3,"106":3,"108":10,"109":23,"110":1,"111":1,"112":50,"114":50,"115":50,"116":50,"117":50,"118":50,"120":50,"121":50,"122":25,"123":6,"124":6,"125":6,"126":6,"127":6,"128":6,"129":25,"130":50,"131":50,"134":50,"135":50,"136":2,"137":2,"138":2,"139":50,"140":50,"142":50,"143":50,"144":50,"145":50,"146":50,"147":50,"148":50,"149":50,"150":50},"branchMap":{"0":{"type":"branch","line":38,"loc":{"start":{"line":38,"column":7},"end":{"line":151,"column":1}},"locations":[{"start":{"line":38,"column":7},"end":{"line":151,"column":1}}]},"1":{"type":"branch","line":55,"loc":{"start":{"line":55,"column":18},"end":{"line":56,"column":48}},"locations":[{"start":{"line":55,"column":18},"end":{"line":56,"column":48}}]},"2":{"type":"branch","line":56,"loc":{"start":{"line":56,"column":38},"end":{"line":56,"column":48}},"locations":[{"start":{"line":56,"column":38},"end":{"line":56,"column":48}}]},"3":{"type":"branch","line":56,"loc":{"start":{"line":56,"column":43},"end":{"line":57,"column":11}},"locations":[{"start":{"line":56,"column":43},"end":{"line":57,"column":11}}]},"4":{"type":"branch","line":40,"loc":{"start":{"line":40,"column":39},"end":{"line":40,"column":70}},"locations":[{"start":{"line":40,"column":39},"end":{"line":40,"column":70}}]},"5":{"type":"branch","line":41,"loc":{"start":{"line":41,"column":42},"end":{"line":41,"column":76}},"locations":[{"start":{"line":41,"column":42},"end":{"line":41,"column":76}}]},"6":{"type":"branch","line":48,"loc":{"start":{"line":48,"column":31},"end":{"line":52,"column":5}},"locations":[{"start":{"line":48,"column":31},"end":{"line":52,"column":5}}]},"7":{"type":"branch","line":49,"loc":{"start":{"line":49,"column":20},"end":{"line":49,"column":37}},"locations":[{"start":{"line":49,"column":20},"end":{"line":49,"column":37}}]},"8":{"type":"branch","line":49,"loc":{"start":{"line":49,"column":27},"end":{"line":50,"column":46}},"locations":[{"start":{"line":49,"column":27},"end":{"line":50,"column":46}}]},"9":{"type":"branch","line":50,"loc":{"start":{"line":50,"column":39},"end":{"line":50,"column":56}},"locations":[{"start":{"line":50,"column":39},"end":{"line":50,"column":56}}]},"10":{"type":"branch","line":50,"loc":{"start":{"line":50,"column":46},"end":{"line":51,"column":48}},"locations":[{"start":{"line":50,"column":46},"end":{"line":51,"column":48}}]},"11":{"type":"branch","line":59,"loc":{"start":{"line":59,"column":30},"end":{"line":77,"column":5}},"locations":[{"start":{"line":59,"column":30},"end":{"line":77,"column":5}}]},"12":{"type":"branch","line":60,"loc":{"start":{"line":60,"column":9},"end":{"line":60,"column":31}},"locations":[{"start":{"line":60,"column":9},"end":{"line":60,"column":31}}]},"13":{"type":"branch","line":60,"loc":{"start":{"line":60,"column":20},"end":{"line":60,"column":46}},"locations":[{"start":{"line":60,"column":20},"end":{"line":60,"column":46}}]},"14":{"type":"branch","line":60,"loc":{"start":{"line":60,"column":46},"end":{"line":60,"column":53}},"locations":[{"start":{"line":60,"column":46},"end":{"line":60,"column":53}}]},"15":{"type":"branch","line":60,"loc":{"start":{"line":60,"column":46},"end":{"line":67,"column":67}},"locations":[{"start":{"line":60,"column":46},"end":{"line":67,"column":67}}]},"16":{"type":"branch","line":67,"loc":{"start":{"line":67,"column":65},"end":{"line":68,"column":26}},"locations":[{"start":{"line":67,"column":65},"end":{"line":68,"column":26}}]},"17":{"type":"branch","line":68,"loc":{"start":{"line":68,"column":26},"end":{"line":71,"column":7}},"locations":[{"start":{"line":68,"column":26},"end":{"line":71,"column":7}}]},"18":{"type":"branch","line":72,"loc":{"start":{"line":72,"column":4},"end":{"line":74,"column":6}},"locations":[{"start":{"line":72,"column":4},"end":{"line":74,"column":6}}]},"19":{"type":"branch","line":73,"loc":{"start":{"line":73,"column":30},"end":{"line":73,"column":44}},"locations":[{"start":{"line":73,"column":30},"end":{"line":73,"column":44}}]},"20":{"type":"branch","line":73,"loc":{"start":{"line":73,"column":38},"end":{"line":73,"column":66}},"locations":[{"start":{"line":73,"column":38},"end":{"line":73,"column":66}}]},"21":{"type":"branch","line":74,"loc":{"start":{"line":74,"column":4},"end":{"line":76,"column":5}},"locations":[{"start":{"line":74,"column":4},"end":{"line":76,"column":5}}]},"22":{"type":"branch","line":80,"loc":{"start":{"line":80,"column":12},"end":{"line":84,"column":5}},"locations":[{"start":{"line":80,"column":12},"end":{"line":84,"column":5}}]},"23":{"type":"branch","line":81,"loc":{"start":{"line":81,"column":8},"end":{"line":81,"column":35}},"locations":[{"start":{"line":81,"column":8},"end":{"line":81,"column":35}}]},"24":{"type":"branch","line":81,"loc":{"start":{"line":81,"column":19},"end":{"line":81,"column":45}},"locations":[{"start":{"line":81,"column":19},"end":{"line":81,"column":45}}]},"25":{"type":"branch","line":81,"loc":{"start":{"line":81,"column":45},"end":{"line":83,"column":5}},"locations":[{"start":{"line":81,"column":45},"end":{"line":83,"column":5}}]},"26":{"type":"branch","line":87,"loc":{"start":{"line":87,"column":12},"end":{"line":90,"column":5}},"locations":[{"start":{"line":87,"column":12},"end":{"line":90,"column":5}}]},"27":{"type":"branch","line":88,"loc":{"start":{"line":88,"column":9},"end":{"line":88,"column":37}},"locations":[{"start":{"line":88,"column":9},"end":{"line":88,"column":37}}]},"28":{"type":"branch","line":88,"loc":{"start":{"line":88,"column":21},"end":{"line":88,"column":52}},"locations":[{"start":{"line":88,"column":21},"end":{"line":88,"column":52}}]},"29":{"type":"branch","line":88,"loc":{"start":{"line":88,"column":52},"end":{"line":88,"column":59}},"locations":[{"start":{"line":88,"column":52},"end":{"line":88,"column":59}}]},"30":{"type":"branch","line":88,"loc":{"start":{"line":88,"column":52},"end":{"line":89,"column":14}},"locations":[{"start":{"line":88,"column":52},"end":{"line":89,"column":14}}]},"31":{"type":"branch","line":93,"loc":{"start":{"line":93,"column":28},"end":{"line":113,"column":5}},"locations":[{"start":{"line":93,"column":28},"end":{"line":113,"column":5}}]},"32":{"type":"branch","line":94,"loc":{"start":{"line":94,"column":18},"end":{"line":94,"column":28}},"locations":[{"start":{"line":94,"column":18},"end":{"line":94,"column":28}}]},"33":{"type":"branch","line":94,"loc":{"start":{"line":94,"column":26},"end":{"line":102,"column":39}},"locations":[{"start":{"line":94,"column":26},"end":{"line":102,"column":39}}]},"34":{"type":"branch","line":102,"loc":{"start":{"line":102,"column":39},"end":{"line":107,"column":7}},"locations":[{"start":{"line":102,"column":39},"end":{"line":107,"column":7}}]},"35":{"type":"branch","line":107,"loc":{"start":{"line":107,"column":6},"end":{"line":110,"column":12}},"locations":[{"start":{"line":107,"column":6},"end":{"line":110,"column":12}}]},"36":{"type":"branch","line":110,"loc":{"start":{"line":110,"column":4},"end":{"line":112,"column":5}},"locations":[{"start":{"line":110,"column":4},"end":{"line":112,"column":5}}]},"37":{"type":"branch","line":116,"loc":{"start":{"line":116,"column":4},"end":{"line":116,"column":50}},"locations":[{"start":{"line":116,"column":4},"end":{"line":116,"column":50}}]},"38":{"type":"branch","line":116,"loc":{"start":{"line":116,"column":24},"end":{"line":116,"column":48}},"locations":[{"start":{"line":116,"column":24},"end":{"line":116,"column":48}}]},"39":{"type":"branch","line":122,"loc":{"start":{"line":122,"column":4},"end":{"line":130,"column":9}},"locations":[{"start":{"line":122,"column":4},"end":{"line":130,"column":9}}]},"40":{"type":"branch","line":123,"loc":{"start":{"line":123,"column":20},"end":{"line":130,"column":7}},"locations":[{"start":{"line":123,"column":20},"end":{"line":130,"column":7}}]},"41":{"type":"branch","line":127,"loc":{"start":{"line":127,"column":18},"end":{"line":127,"column":35}},"locations":[{"start":{"line":127,"column":18},"end":{"line":127,"column":35}}]},"42":{"type":"branch","line":128,"loc":{"start":{"line":128,"column":20},"end":{"line":128,"column":39}},"locations":[{"start":{"line":128,"column":20},"end":{"line":128,"column":39}}]},"43":{"type":"branch","line":136,"loc":{"start":{"line":136,"column":4},"end":{"line":139,"column":6}},"locations":[{"start":{"line":136,"column":4},"end":{"line":139,"column":6}}]},"44":{"type":"branch","line":138,"loc":{"start":{"line":138,"column":13},"end":{"line":138,"column":30}},"locations":[{"start":{"line":138,"column":13},"end":{"line":138,"column":30}}]},"45":{"type":"branch","line":138,"loc":{"start":{"line":138,"column":20},"end":{"line":138,"column":33}},"locations":[{"start":{"line":138,"column":20},"end":{"line":138,"column":33}}]},"46":{"type":"branch","line":137,"loc":{"start":{"line":137,"column":32},"end":{"line":137,"column":60}},"locations":[{"start":{"line":137,"column":32},"end":{"line":137,"column":60}}]}},"b":{"0":[50],"1":[49],"2":[24],"3":[1],"4":[162],"5":[162],"6":[16],"7":[1],"8":[15],"9":[14],"10":[1],"11":[13],"12":[12],"13":[12],"14":[1],"15":[12],"16":[10],"17":[9],"18":[2],"19":[1],"20":[1],"21":[12],"22":[23],"23":[20],"24":[20],"25":[9],"26":[17],"27":[14],"28":[14],"29":[16],"30":[1],"31":[23],"32":[12],"33":[11],"34":[3],"35":[10],"36":[1],"37":[23],"38":[3],"39":[25],"40":[6],"41":[3],"42":[3],"43":[2],"44":[1],"45":[1],"46":[1]},"fnMap":{"0":{"name":"useAccount","decl":{"start":{"line":38,"column":7},"end":{"line":151,"column":1}},"loc":{"start":{"line":38,"column":7},"end":{"line":151,"column":1}},"line":38}},"f":{"0":50}}
[...]
,"locations":[{"start":{"line":94,"column":6},"end":{"line":96,"column":7}}]},"29":{"type":"branch","line":99,"loc":{"start":{"line":99,"column":4},"end":{"line":105,"column":6}},"locations":[{"start":{"line":99,"column":4},"end":{"line":105,"column":6}}]},"30":{"type":"branch","line":102,"loc":{"start":{"line":102,"column":6},"end":{"line":104,"column":7}},"locations":[{"start":{"line":102,"column":6},"end":{"line":104,"column":7}}]},"31":{"type":"branch","line":107,"loc":{"start":{"line":107,"column":4},"end":{"line":109,"column":6}},"locations":[{"start":{"line":107,"column":4},"end":{"line":109,"column":6}}]},"32":{"type":"branch","line":111,"loc":{"start":{"line":111,"column":4},"end":{"line":120,"column":6}},"locations":[{"start":{"line":111,"column":4},"end":{"line":120,"column":6}}]},"33":{"type":"branch","line":113,"loc":{"start":{"line":113,"column":52},"end":{"line":118,"column":7}},"locations":[{"start":{"line":113,"column":52},"end":{"line":118,"column":7}}]},"34":{"type":"branch","line":115,"loc":{"start":{"line":115,"column":41},"end":{"line":117,"column":9}},"locations":[{"start":{"line":115,"column":41},"end":{"line":117,"column":9}}]},"35":{"type":"branch","line":119,"loc":{"start":{"line":119,"column":27},"end":{"line":119,"column":60}},"locations":[{"start":{"line":119,"column":27},"end":{"line":119,"column":60}}]}},"b":{"0":[7],"1":[1],"2":[6],"3":[2],"4":[5],"5":[1],"6":[5],"7":[1],"8":[5],"9":[11],"10":[1],"11":[10],"12":[9],"13":[8],"14":[2],"15":[6],"16":[5],"17":[4],"18":[4],"19":[1],"20":[2],"21":[1],"22":[1],"23":[7],"24":[16],"25":[6],"26":[1],"27":[5],"28":[1],"29":[8],"30":[1],"31":[1],"32":[1],"33":[3],"34":[2],"35":[2]},"fnMap":{"0":{"name":"migrateStorage","decl":{"start":{"line":17,"column":0},"end":{"line":40,"column":1}},"loc":{"start":{"line":17,"column":0},"end":{"line":40,"column":1}},"line":17},"1":{"name":"clearMidenStorage","decl":{"start":{"line":45,"column":0},"end":{"line":80,"column":1}},"loc":{"start":{"line":45,"column":0},"end":{"line":80,"column":1}},"line":45},"2":{"name":"req.onsuccess","decl":{"start":{"line":66,"column":28},"end":{"line":66,"column":44}},"loc":{"start":{"line":66,"column":28},"end":{"line":66,"column":44}},"line":66},"3":{"name":"req.onerror","decl":{"start":{"line":67,"column":26},"end":{"line":67,"column":50}},"loc":{"start":{"line":67,"column":26},"end":{"line":67,"column":50}},"line":67},"4":{"name":"req.onblocked","decl":{"start":{"line":68,"column":28},"end":{"line":73,"column":14}},"loc":{"start":{"line":68,"column":28},"end":{"line":73,"column":14}},"line":68},"5":{"name":"createMidenStorage","decl":{"start":{"line":85,"column":7},"end":{"line":122,"column":1}},"loc":{"start":{"line":85,"column":7},"end":{"line":122,"column":1}},"line":85},"6":{"name":"fullKey","decl":{"start":{"line":86,"column":18},"end":{"line":86,"column":54}},"loc":{"start":{"line":86,"column":18},"end":{"line":86,"column":54}},"line":86},"7":{"name":"get","decl":{"start":{"line":89,"column":4},"end":{"line":97,"column":6}},"loc":{"start":{"line":89,"column":4},"end":{"line":97,"column":6}},"line":89},"8":{"name":"set","decl":{"start":{"line":99,"column":4},"end":{"line":105,"column":6}},"loc":{"start":{"line":99,"column":4},"end":{"line":105,"column":6}},"line":99},"9":{"name":"remove","decl":{"start":{"line":107,"column":4},"end":{"line":109,"column":6}},"loc":{"start":{"line":107,"column":4},"end":{"line":109,"column":6}},"line":107},"10":{"name":"clear","decl":{"start":{"line":111,"column":4},"end":{"line":120,"column":6}},"loc":{"start":{"line":111,"column":4},"end":{"line":120,"column":6}},"line":111}},"f":{"0":7,"1":11,"2":2,"3":1,"4":1,"5":7,"6":16,"7":6,"8":8,"9":1,"10":1}}
,"/Users/celrisen/miden/web-sdk-main/packages/react-sdk/src/utils/transactions.ts": {"path":"/Users/celrisen/miden/web-sdk-main/packages/react-sdk/src/utils/transactions.ts","all":false,"statementMap":{"0":{"start":{"line":1,"column":0},"end":{"line":1,"column":72}},"17":{"start":{"line":18,"column":0},"end":{"line":18,"column":47}},"18":{"start":{"line":19,"column":0},"end":{"line":19,"column":33}},"19":{"start":{"line":20,"column":0},"end":{"line":20,"column":60}},"20":{"start":{"line":21,"column":0},"end":{"line":21,"column":22}},"21":{"start":{"line":22,"column":0},"end":{"line":22,"column":21}},"22":{"start":{"line":23,"column":0},"end":{"line":23,"column":17}},"23":{"start":{"line":24,"column":0},"end":{"line":24,"column":3}},"24":{"start":{"line":25,"column":0},"end":{"line":25,"column":17}},"26":{"start":{"line":27,"column":0},"end":{"line":27,"column":30}},"27":{"start":{"line":28,"column":0},"end":{"line":28,"column":53}},"28":{"start":{"line":29,"column":0},"end":{"line":29,"column":49}},"29":{"start":{"line":30,"column":0},"end":{"line":30,"column":59}},"30":{"start":{"line":31,"column":0},"end":{"line":31,"column":6}},"31":{"start":{"line":32,"column":0},"end":{"line":32,"column":17}},"32":{"start":{"line":33,"column":0},"end":{"line":33,"column":48}},"33":{"start":{"line":34,"column":0},"end":{"line":34,"column":33}},"34":{"start":{"line":35,"column":0},"end":{"line":35,"column":15}},"35":{"start":{"line":36,"column":0},"end":{"line":36,"column":7}},"36":{"start":{"line":37,"column":0},"end":{"line":37,"column":33}},"37":{"start":{"line":38,"column":0},"end":{"line":38,"column":67}},"38":{"start":{"line":39,"column":0},"end":{"line":39,"column":7}},"39":{"start":{"line":40,"column":0},"end":{"line":40,"column":5}},"40":{"start":{"line":41,"column":0},"end":{"line":41,"column":65}},"41":{"start":{"line":42,"column":0},"end":{"line":42,"column":22}},"42":{"start":{"line":43,"column":0},"end":{"line":43,"column":3}},"44":{"start":{"line":45,"column":0},"end":{"line":45,"column":60}},"45":{"start":{"line":46,"column":0},"end":{"line":46,"column":1}},"47":{"start":{"line":48,"column":0},"end":{"line":48,"column":61}},"48":{"start":{"line":49,"column":0},"end":{"line":49,"column":7}},"49":{"start":{"line":50,"column":0},"end":{"line":50,"column":24}},"50":{"start":{"line":51,"column":0},"end":{"line":51,"column":57}},"51":{"start":{"line":52,"column":0},"end":{"line":52,"column":34}},"59":{"start":{"line":60,"column":0},"end":{"line":60,"column":62}},"60":{"start":{"line":61,"column":0},"end":{"line":61,"column":30}},"61":{"start":{"line":62,"column":0},"end":{"line":62,"column":31}},"62":{"start":{"line":63,"column":0},"end":{"line":63,"column":51}},"63":{"start":{"line":64,"column":0},"end":{"line":64,"column":39}},"64":{"start":{"line":65,"column":0},"end":{"line":65,"column":36}},"65":{"start":{"line":66,"column":0},"end":{"line":66,"column":7}},"66":{"start":{"line":67,"column":0},"end":{"line":67,"column":5}},"67":{"start":{"line":68,"column":0},"end":{"line":68,"column":18}},"68":{"start":{"line":69,"column":0},"end":{"line":69,"column":11}},"69":{"start":{"line":70,"column":0},"end":{"line":70,"column":14}},"70":{"start":{"line":71,"column":0},"end":{"line":71,"column":3}},"71":{"start":{"line":72,"column":0},"end":{"line":72,"column":1}},"73":{"start":{"line":74,"column":0},"end":{"line":74,"column":65}},"74":{"start":{"line":75,"column":0},"end":{"line":75,"column":7}},"75":{"start":{"line":76,"column":0},"end":{"line":76,"column":24}},"76":{"start":{"line":77,"column":0},"end":{"line":77,"column":57}},"77":{"start":{"line":78,"column":0},"end":{"line":78,"column":34}},"82":{"start":{"line":83,"column":0},"end":{"line":83,"column":62}},"83":{"start":{"line":84,"column":0},"end":{"line":84,"column":26}},"84":{"start":{"line":85,"column":0},"end":{"line":85,"column":38}},"85":{"start":{"line":86,"column":0},"end":{"line":86,"column":11}},"86":{"start":{"line":87,"column":0},"end":{"line":87,"column":16}},"87":{"start":{"line":88,"column":0},"end":{"line":88,"column":3}},"88":{"start":{"line":89,"column":0},"end":{"line":89,"column":1}}},"s":{"0":1,"17":7,"18":7,"19":7,"20":7,"21":7,"22":7,"23":7,"24":7,"26":7,"27":17,"28":17,"29":17,"30":17,"31":17,"32":12,"33":12,"34":4,"35":4,"36":10,"37":1,"38":1,"39":12,"40":12,"41":12,"42":12,"44":2,"45":2,"47":1,"48":11,"49":11,"50":11,"51":11,"59":11,"60":11,"61":11,"62":5,"63":3,"64":3,"65":3,"66":5,"67":8,"68":11,"69":3,"70":3,"71":11,"73":1,"74":8,"75":8,"76":8,"77":8,"82":8,"83":8,"84":8,"85":8,"86":3,"87":3,"88":8},"branchMap":{"0":{"type":"branch","line":18,"loc":{"start":{"line":18,"column":0},"end":{"line":46,"column":1}},"locations":[{"start":{"line":18,"column":0},"end":{"line":46,"column":1}}]},"1":{"type":"branch","line":27,"loc":{"start":{"line":27,"column":29},"end":{"line":43,"column":3}},"locations":[{"start":{"line":27,"column":29},"end":{"line":43,"column":3}}]},"2":{"type":"branch","line":32,"loc":{"start":{"line":32,"column":16},"end":{"line":43,"column":3}},"locations":[{"start":{"line":32,"column":16},"end":{"line":43,"column":3}}]},"3":{"type":"branch","line":34,"loc":{"start":{"line":34,"column":32},"end":{"line":36,"column":7}},"locations":[{"start":{"line":34,"column":32},"end":{"line":36,"column":7}}]},"4":{"type":"branch","line":36,"loc":{"start":{"line":36,"column":6},"end":{"line":39,"column":7}},"locations":[{"start":{"line":36,"column":6},"end":{"line":39,"column":7}}]},"5":{"type":"branch","line":36,"loc":{"start":{"line":36,"column":6},"end":{"line":37,"column":32}},"locations":[{"start":{"line":36,"column":6},"end":{"line":37,"column":32}}]},"6":{"type":"branch","line":37,"loc":{"start":{"line":37,"column":32},"end":{"line":39,"column":7}},"locations":[{"start":{"line":37,"column":32},"end":{"line":39,"column":7}}]},"7":{"type":"branch","line":43,"loc":{"start":{"line":43,"column":2},"end":{"line":46,"column":1}},"locations":[{"start":{"line":43,"column":2},"end":{"line":46,"column":1}}]},"8":{"type":"branch","line":28,"loc":{"start":{"line":28,"column":27},"end":{"line":28,"column":51}},"locations":[{"start":{"line":28,"column":27},"end":{"line":28,"column":51}}]},"9":{"type":"branch","line":29,"loc":{"start":{"line":29,"column":44},"end":{"line":30,"column":59}},"locations":[{"start":{"line":29,"column":44},"end":{"line":30,"column":59}}]},"10":{"type":"branch","line":41,"loc":{"start":{"line":41,"column":22},"end":{"line":41,"column":63}},"locations":[{"start":{"line":41,"column":22},"end":{"line":41,"column":63}}]},"11":{"type":"branch","line":48,"loc":{"start":{"line":48,"column":7},"end":{"line":72,"column":1}},"locations":[{"start":{"line":48,"column":7},"end":{"line":72,"column":1}}]},"12":{"type":"branch","line":52,"loc":{"start":{"line":52,"column":6},"end":{"line":52,"column":34}},"locations":[{"start":{"line":52,"column":6},"end":{"line":52,"column":34}}]},"13":{"type":"branch","line":60,"loc":{"start":{"line":60,"column":18},"end":{"line":60,"column":44}},"locations":[{"start":{"line":60,"column":18},"end":{"line":60,"column":44}}]},"14":{"type":"branch","line":60,"loc":{"start":{"line":60,"column":30},"end":{"line":60,"column":46}},"locations":[{"start":{"line":60,"column":30},"end":{"line":60,"column":46}}]},"15":{"type":"branch","line":60,"loc":{"start":{"line":60,"column":46},"end":{"line":60,"column":59}},"locations":[{"start":{"line":60,"column":46},"end":{"line":60,"column":59}}]},"16":{"type":"branch","line":60,"loc":{"start":{"line":60,"column":54},"end":{"line":60,"column":62}},"locations":[{"start":{"line":60,"column":54},"end":{"line":60,"column":62}}]},"17":{"type":"branch","line":62,"loc":{"start":{"line":62,"column":30},"end":{"line":67,"column":5}},"locations":[{"start":{"line":62,"column":30},"end":{"line":67,"column":5}}]},"18":{"type":"branch","line":63,"loc":{"start":{"line":63,"column":50},"end":{"line":66,"column":7}},"locations":[{"start":{"line":63,"column":50},"end":{"line":66,"column":7}}]},"19":{"type":"branch","line":65,"loc":{"start":{"line":65,"column":18},"end":{"line":65,"column":36}},"locations":[{"start":{"line":65,"column":18},"end":{"line":65,"column":36}}]},"20":{"type":"branch","line":67,"loc":{"start":{"line":67,"column":4},"end":{"line":69,"column":10}},"locations":[{"start":{"line":67,"column":4},"end":{"line":69,"column":10}}]},"21":{"type":"branch","line":69,"loc":{"start":{"line":69,"column":2},"end":{"line":71,"column":3}},"locations":[{"start":{"line":69,"column":2},"end":{"line":71,"column":3}}]},"22":{"type":"branch","line":74,"loc":{"start":{"line":74,"column":7},"end":{"line":89,"column":1}},"locations":[{"start":{"line":74,"column":7},"end":{"line":89,"column":1}}]},"23":{"type":"branch","line":78,"loc":{"start":{"line":78,"column":6},"end":{"line":78,"column":34}},"locations":[{"start":{"line":78,"column":6},"end":{"line":78,"column":34}}]},"24":{"type":"branch","line":83,"loc":{"start":{"line":83,"column":18},"end":{"line":83,"column":46}},"locations":[{"start":{"line":83,"column":18},"end":{"line":83,"column":46}}]},"25":{"type":"branch","line":83,"loc":{"start":{"line":83,"column":46},"end":{"line":83,"column":59}},"locations":[{"start":{"line":83,"column":46},"end":{"line":83,"column":59}}]},"26":{"type":"branch","line":83,"loc":{"start":{"line":83,"column":54},"end":{"line":83,"column":62}},"locations":[{"start":{"line":83,"column":54},"end":{"line":83,"column":62}}]},"27":{"type":"branch","line":85,"loc":{"start":{"line":85,"column":11},"end":{"line":85,"column":28}},"locations":[{"start":{"line":85,"column":11},"end":{"line":85,"column":28}}]},"28":{"type":"branch","line":85,"loc":{"start":{"line":85,"column":17},"end":{"line":85,"column":33}},"locations":[{"start":{"line":85,"column":17},"end":{"line":85,"column":33}}]},"29":{"type":"branch","line":85,"loc":{"start":{"line":85,"column":28},"end":{"line":85,"column":38}},"locations":[{"start":{"line":85,"column":28},"end":{"line":85,"column":38}}]},"30":{"type":"branch","line":86,"loc":{"start":{"line":86,"column":2},"end":{"line":88,"column":3}},"locations":[{"start":{"line":86,"column":2},"end":{"line":88,"column":3}}]}},"b":{"0":[7],"1":[17],"2":[12],"3":[4],"4":[10],"5":[8],"6":[1],"7":[2],"8":[17],"9":[17],"10":[12],"11":[11],"12":[8],"13":[7],"14":[6],"15":[6],"16":[2],"17":[5],"18":[3],"19":[2],"20":[8],"21":[3],"22":[8],"23":[5],"24":[4],"25":[4],"26":[1],"27":[3],"28":[2],"29":[4],"30":[3]},"fnMap":{"0":{"name":"waitForTransactionCommit","decl":{"start":{"line":18,"column":0},"end":{"line":46,"column":1}},"loc":{"start":{"line":18,"column":0},"end":{"line":46,"column":1}},"line":18},"1":{"name":"extractFullNotes","decl":{"start":{"line":48,"column":7},"end":{"line":72,"column":1}},"loc":{"start":{"line":48,"column":7},"end":{"line":72,"column":1}},"line":48},"2":{"name":"extractFullNote","decl":{"start":{"line":74,"column":7},"end":{"line":89,"column":1}},"loc":{"start":{"line":74,"column":7},"end":{"line":89,"column":1}},"line":74}},"f":{"0":7,"1":11,"2":8}}
,"/Users/celrisen/miden/web-sdk-main/packages/react-sdk/src/utils/walletDetection.ts": {"path":"/Users/celrisen/miden/web-sdk-main/packages/react-sdk/src/utils/walletDetection.ts","all":false,"statementMap":{"19":{"start":{"line":20,"column":0},"end":{"line":20,"column":45}},"20":{"start":{"line":21,"column":0},"end":{"line":21,"column":29}},"21":{"start":{"line":22,"column":0},"end":{"line":22,"column":18}},"22":{"start":{"line":23,"column":0},"end":{"line":23,"column":18}},"23":{"start":{"line":24,"column":0},"end":{"line":24,"column":49}},"25":{"start":{"line":26,"column":0},"end":{"line":26,"column":49}},"26":{"start":{"line":27,"column":0},"end":{"line":27,"column":24}},"28":{"start":{"line":29,"column":0},"end":{"line":29,"column":26}},"29":{"start":{"line":30,"column":0},"end":{"line":30,"column":26}},"30":{"start":{"line":31,"column":0},"end":{"line":31,"column":21}},"31":{"start":{"line":32,"column":0},"end":{"line":32,"column":26}},"32":{"start":{"line":33,"column":0},"end":{"line":33,"column":47}},"33":{"start":{"line":34,"column":0},"end":{"line":34,"column":16}},"34":{"start":{"line":35,"column":0},"end":{"line":35,"column":6}},"36":{"start":{"line":37,"column":0},"end":{"line":37,"column":36}},"39":{"start":{"line":40,"column":0},"end":{"line":40,"column":21}},"40":{"start":{"line":41,"column":0},"end":{"line":41,"column":47}},"41":{"start":{"line":42,"column":0},"end":{"line":42,"column":13}},"42":{"start":{"line":43,"column":0},"end":{"line":43,"column":18}},"43":{"start":{"line":44,"column":0},"end":{"line":44,"column":67}},"45":{"start":{"line":46,"column":0},"end":{"line":46,"column":9}},"46":{"start":{"line":47,"column":0},"end":{"line":47,"column":8}},"47":{"start":{"line":48,"column":0},"end":{"line":48,"column":18}},"49":{"start":{"line":50,"column":0},"end":{"line":50,"column":40}},"50":{"start":{"line":51,"column":0},"end":{"line":51,"column":42}},"51":{"start":{"line":52,"column":0},"end":{"line":52,"column":6}},"52":{"start":{"line":53,"column":0},"end":{"line":53,"column":44}},"55":{"start":{"line":56,"column":0},"end":{"line":56,"column":53}},"56":{"start":{"line":57,"column":0},"end":{"line":57,"column":5}},"57":{"start":{"line":58,"column":0},"end":{"line":58,"column":1}}},"s":{"19":12,"20":12,"21":12,"22":12,"23":12,"25":10,"26":10,"28":10,"29":6,"30":5,"31":5,"32":5,"33":5,"34":6,"36":10,"39":5,"40":5,"41":5,"42":5,"43":5,"45":5,"46":5,"47":10,"49":10,"50":5,"51":5,"52":10,"55":10,"56":10,"57":10},"branchMap":{"0":{"type":"branch","line":20,"loc":{"start":{"line":20,"column":0},"end":{"line":58,"column":1}},"locations":[{"start":{"line":20,"column":0},"end":{"line":58,"column":1}}]},"1":{"type":"branch","line":24,"loc":{"start":{"line":24,"column":42},"end":{"line":24,"column":49}},"locations":[{"start":{"line":24,"column":42},"end":{"line":24,"column":49}}]},"2":{"type":"branch","line":24,"loc":{"start":{"line":24,"column":42},"end":{"line":58,"column":1}},"locations":[{"start":{"line":24,"column":42},"end":{"line":58,"column":1}}]},"3":{"type":"branch","line":26,"loc":{"start":{"line":26,"column":27},"end":{"line":57,"column":3}},"locations":[{"start":{"line":26,"column":27},"end":{"line":57,"column":3}}]},"4":{"type":"branch","line":56,"loc":{"start":{"line":56,"column":44},"end":{"line":56,"column":53}},"locations":[{"start":{"line":56,"column":44},"end":{"line":56,"column":53}}]},"5":{"type":"branch","line":29,"loc":{"start":{"line":29,"column":19},"end":{"line":35,"column":6}},"locations":[{"start":{"line":29,"column":19},"end":{"line":35,"column":6}}]},"6":{"type":"branch","line":30,"loc":{"start":{"line":30,"column":19},"end":{"line":30,"column":26}},"locations":[{"start":{"line":30,"column":19},"end":{"line":30,"column":26}}]},"7":{"type":"branch","line":30,"loc":{"start":{"line":30,"column":19},"end":{"line":34,"column":16}},"locations":[{"start":{"line":30,"column":19},"end":{"line":34,"column":16}}]},"8":{"type":"branch","line":37,"loc":{"start":{"line":37,"column":29},"end":{"line":48,"column":7}},"locations":[{"start":{"line":37,"column":29},"end":{"line":48,"column":7}}]},"9":{"type":"branch","line":39,"loc":{"start":{"line":39,"column":19},"end":{"line":39,"column":26}},"locations":[{"start":{"line":39,"column":19},"end":{"line":39,"column":26}}]},"10":{"type":"branch","line":50,"loc":{"start":{"line":50,"column":20},"end":{"line":52,"column":6}},"locations":[{"start":{"line":50,"column":20},"end":{"line":52,"column":6}}]},"11":{"type":"branch","line":51,"loc":{"start":{"line":51,"column":33},"end":{"line":51,"column":42}},"locations":[{"start":{"line":51,"column":33},"end":{"line":51,"column":42}}]}},"b":{"0":[12],"1":[2],"2":[10],"3":[10],"4":[2],"5":[6],"6":[1],"7":[5],"8":[5],"9":[1],"10":[5],"11":[4]},"fnMap":{"0":{"name":"waitForWalletDetection","decl":{"start":{"line":20,"column":0},"end":{"line":58,"column":1}},"loc":{"start":{"line":20,"column":0},"end":{"line":58,"column":1}},"line":20},"1":{"name":"settle","decl":{"start":{"line":29,"column":19},"end":{"line":35,"column":6}},"loc":{"start":{"line":29,"column":19},"end":{"line":35,"column":6}},"line":29},"2":{"name":"onReady","decl":{"start":{"line":50,"column":20},"end":{"line":52,"column":6}},"loc":{"start":{"line":50,"column":20},"end":{"line":52,"column":6}},"line":50}},"f":{"0":12,"1":6,"2":5}}
}
