{"total": {"lines":{"total":3371,"covered":3371,"skipped":0,"pct":100},"statements":{"total":3371,"covered":3371,"skipped":0,"pct":100},"functions":{"total":143,"covered":143,"skipped":0,"pct":100},"branches":{"total":1336,"covered":1336,"skipped":0,"pct":100},"branchesTrue":{"total":0,"covered":0,"skipped":0,"pct":100}}
,"/Users/celrisen/miden/web-sdk-main/packages/react-sdk/src/context/MidenProvider.tsx": {"lines":{"total":235,"covered":235,"skipped":0,"pct":100},"functions":{"total":4,"covered":4,"skipped":0,"pct":100},"statements":{"total":235,"covered":235,"skipped":0,"pct":100},"branches":{"total":97,"covered":97,"skipped":0,"pct":100}}
,"/Users/celrisen/miden/web-sdk-main/packages/react-sdk/src/context/MultiSignerProvider.tsx": {"lines":{"total":146,"covered":146,"skipped":0,"pct":100},"functions":{"total":3,"covered":3,"skipped":0,"pct":100},"statements":{"total":146,"covered":146,"skipped":0,"pct":100},"branches":{"total":57,"covered":57,"skipped":0,"pct":100}}
,"/Users/celrisen/miden/web-sdk-main/packages/react-sdk/src/context/SignerContext.ts": {"lines":{"total":5,"covered":5,"skipped":0,"pct":100},"functions":{"total":1,"covered":1,"skipped":0,"pct":100},"statements":{"total":5,"covered":5,"skipped":0,"pct":100},"branches":{"total":1,"covered":1,"skipped":0,"pct":100}}
,"/Users/celrisen/miden/web-sdk-main/packages/react-sdk/src/hooks/useAccount.ts": {"lines":{"total":92,"covered":92,"skipped":0,"pct":100},"functions":{"total":1,"covered":1,"skipped":0,"pct":100},"statements":{"total":92,"covered":92,"skipped":0,"pct":100},"branches":{"total":47,"covered":47,"skipped":0,"pct":100}}
,"/Users/celrisen/miden/web-sdk-main/packages/react-sdk/src/hooks/useAccounts.ts": {"lines":{"total":43,"covered":43,"skipped":0,"pct":100},"functions":{"total":1,"covered":1,"skipped":0,"pct":100},"statements":{"total":43,"covered":43,"skipped":0,"pct":100},"branches":{"total":17,"covered":17,"skipped":0,"pct":100}}
,"/Users/celrisen/miden/web-sdk-main/packages/react-sdk/src/hooks/useCompile.ts": {"lines":{"total":31,"covered":31,"skipped":0,"pct":100},"functions":{"total":1,"covered":1,"skipped":0,"pct":100},"statements":{"total":31,"covered":31,"skipped":0,"pct":100},"branches":{"total":11,"covered":11,"skipped":0,"pct":100}}
,"/Users/celrisen/miden/web-sdk-main/packages/react-sdk/src/hooks/useConsume.ts": {"lines":{"total":107,"covered":107,"skipped":0,"pct":100},"functions":{"total":1,"covered":1,"skipped":0,"pct":100},"statements":{"total":107,"covered":107,"skipped":0,"pct":100},"branches":{"total":36,"covered":36,"skipped":0,"pct":100}}
,"/Users/celrisen/miden/web-sdk-main/packages/react-sdk/src/hooks/useCreateFaucet.ts": {"lines":{"total":74,"covered":74,"skipped":0,"pct":100},"functions":{"total":2,"covered":2,"skipped":0,"pct":100},"statements":{"total":74,"covered":74,"skipped":0,"pct":100},"branches":{"total":23,"covered":23,"skipped":0,"pct":100}}
,"/Users/celrisen/miden/web-sdk-main/packages/react-sdk/src/hooks/useCreateWallet.ts": {"lines":{"total":73,"covered":73,"skipped":0,"pct":100},"functions":{"total":2,"covered":2,"skipped":0,"pct":100},"statements":{"total":73,"covered":73,"skipped":0,"pct":100},"branches":{"total":23,"covered":23,"skipped":0,"pct":100}}
,"/Users/celrisen/miden/web-sdk-main/packages/react-sdk/src/hooks/useExecuteProgram.ts": {"lines":{"total":89,"covered":89,"skipped":0,"pct":100},"functions":{"total":2,"covered":2,"skipped":0,"pct":100},"statements":{"total":89,"covered":89,"skipped":0,"pct":100},"branches":{"total":33,"covered":33,"skipped":0,"pct":100}}
,"/Users/celrisen/miden/web-sdk-main/packages/react-sdk/src/hooks/useExportNote.ts": {"lines":{"total":37,"covered":37,"skipped":0,"pct":100},"functions":{"total":1,"covered":1,"skipped":0,"pct":100},"statements":{"total":37,"covered":37,"skipped":0,"pct":100},"branches":{"total":13,"covered":13,"skipped":0,"pct":100}}
,"/Users/celrisen/miden/web-sdk-main/packages/react-sdk/src/hooks/useExportStore.ts": {"lines":{"total":33,"covered":33,"skipped":0,"pct":100},"functions":{"total":1,"covered":1,"skipped":0,"pct":100},"statements":{"total":33,"covered":33,"skipped":0,"pct":100},"branches":{"total":13,"covered":13,"skipped":0,"pct":100}}
,"/Users/celrisen/miden/web-sdk-main/packages/react-sdk/src/hooks/useImportAccount.ts": {"lines":{"total":147,"covered":147,"skipped":0,"pct":100},"functions":{"total":4,"covered":4,"skipped":0,"pct":100},"statements":{"total":147,"covered":147,"skipped":0,"pct":100},"branches":{"total":61,"covered":61,"skipped":0,"pct":100}}
,"/Users/celrisen/miden/web-sdk-main/packages/react-sdk/src/hooks/useImportNote.ts": {"lines":{"total":39,"covered":39,"skipped":0,"pct":100},"functions":{"total":1,"covered":1,"skipped":0,"pct":100},"statements":{"total":39,"covered":39,"skipped":0,"pct":100},"branches":{"total":13,"covered":13,"skipped":0,"pct":100}}
,"/Users/celrisen/miden/web-sdk-main/packages/react-sdk/src/hooks/useImportStore.ts": {"lines":{"total":42,"covered":42,"skipped":0,"pct":100},"functions":{"total":1,"covered":1,"skipped":0,"pct":100},"statements":{"total":42,"covered":42,"skipped":0,"pct":100},"branches":{"total":15,"covered":15,"skipped":0,"pct":100}}
,"/Users/celrisen/miden/web-sdk-main/packages/react-sdk/src/hooks/useMint.ts": {"lines":{"total":66,"covered":66,"skipped":0,"pct":100},"functions":{"total":1,"covered":1,"skipped":0,"pct":100},"statements":{"total":66,"covered":66,"skipped":0,"pct":100},"branches":{"total":17,"covered":17,"skipped":0,"pct":100}}
,"/Users/celrisen/miden/web-sdk-main/packages/react-sdk/src/hooks/useMultiSend.ts": {"lines":{"total":133,"covered":133,"skipped":0,"pct":100},"functions":{"total":1,"covered":1,"skipped":0,"pct":100},"statements":{"total":133,"covered":133,"skipped":0,"pct":100},"branches":{"total":35,"covered":35,"skipped":0,"pct":100}}
,"/Users/celrisen/miden/web-sdk-main/packages/react-sdk/src/hooks/useNoteStream.ts": {"lines":{"total":140,"covered":140,"skipped":0,"pct":100},"functions":{"total":2,"covered":2,"skipped":0,"pct":100},"statements":{"total":140,"covered":140,"skipped":0,"pct":100},"branches":{"total":67,"covered":67,"skipped":0,"pct":100}}
,"/Users/celrisen/miden/web-sdk-main/packages/react-sdk/src/hooks/useNotes.ts": {"lines":{"total":135,"covered":135,"skipped":0,"pct":100},"functions":{"total":2,"covered":2,"skipped":0,"pct":100},"statements":{"total":135,"covered":135,"skipped":0,"pct":100},"branches":{"total":56,"covered":56,"skipped":0,"pct":100}}
,"/Users/celrisen/miden/web-sdk-main/packages/react-sdk/src/hooks/useSend.ts": {"lines":{"total":213,"covered":213,"skipped":0,"pct":100},"functions":{"total":2,"covered":2,"skipped":0,"pct":100},"statements":{"total":213,"covered":213,"skipped":0,"pct":100},"branches":{"total":67,"covered":67,"skipped":0,"pct":100}}
,"/Users/celrisen/miden/web-sdk-main/packages/react-sdk/src/hooks/useSessionAccount.ts": {"lines":{"total":159,"covered":159,"skipped":0,"pct":100},"functions":{"total":3,"covered":3,"skipped":0,"pct":100},"statements":{"total":159,"covered":159,"skipped":0,"pct":100},"branches":{"total":47,"covered":47,"skipped":0,"pct":100}}
,"/Users/celrisen/miden/web-sdk-main/packages/react-sdk/src/hooks/useSwap.ts": {"lines":{"total":73,"covered":73,"skipped":0,"pct":100},"functions":{"total":1,"covered":1,"skipped":0,"pct":100},"statements":{"total":73,"covered":73,"skipped":0,"pct":100},"branches":{"total":18,"covered":18,"skipped":0,"pct":100}}
,"/Users/celrisen/miden/web-sdk-main/packages/react-sdk/src/hooks/useSyncControl.ts": {"lines":{"total":12,"covered":12,"skipped":0,"pct":100},"functions":{"total":1,"covered":1,"skipped":0,"pct":100},"statements":{"total":12,"covered":12,"skipped":0,"pct":100},"branches":{"total":5,"covered":5,"skipped":0,"pct":100}}
,"/Users/celrisen/miden/web-sdk-main/packages/react-sdk/src/hooks/useSyncState.ts": {"lines":{"total":12,"covered":12,"skipped":0,"pct":100},"functions":{"total":1,"covered":1,"skipped":0,"pct":100},"statements":{"total":12,"covered":12,"skipped":0,"pct":100},"branches":{"total":3,"covered":3,"skipped":0,"pct":100}}
,"/Users/celrisen/miden/web-sdk-main/packages/react-sdk/src/hooks/useTransaction.ts": {"lines":{"total":102,"covered":102,"skipped":0,"pct":100},"functions":{"total":2,"covered":2,"skipped":0,"pct":100},"statements":{"total":102,"covered":102,"skipped":0,"pct":100},"branches":{"total":30,"covered":30,"skipped":0,"pct":100}}
,"/Users/celrisen/miden/web-sdk-main/packages/react-sdk/src/hooks/useTransactionHistory.ts": {"lines":{"total":103,"covered":103,"skipped":0,"pct":100},"functions":{"total":3,"covered":3,"skipped":0,"pct":100},"statements":{"total":103,"covered":103,"skipped":0,"pct":100},"branches":{"total":60,"covered":60,"skipped":0,"pct":100}}
,"/Users/celrisen/miden/web-sdk-main/packages/react-sdk/src/hooks/useWaitForCommit.ts": {"lines":{"total":51,"covered":51,"skipped":0,"pct":100},"functions":{"total":2,"covered":2,"skipped":0,"pct":100},"statements":{"total":51,"covered":51,"skipped":0,"pct":100},"branches":{"total":26,"covered":26,"skipped":0,"pct":100}}
,"/Users/celrisen/miden/web-sdk-main/packages/react-sdk/src/hooks/useWaitForNotes.ts": {"lines":{"total":33,"covered":33,"skipped":0,"pct":100},"functions":{"total":1,"covered":1,"skipped":0,"pct":100},"statements":{"total":33,"covered":33,"skipped":0,"pct":100},"branches":{"total":15,"covered":15,"skipped":0,"pct":100}}
,"/Users/celrisen/miden/web-sdk-main/packages/react-sdk/src/store/MidenStore.ts": {"lines":{"total":165,"covered":165,"skipped":0,"pct":100},"functions":{"total":34,"covered":34,"skipped":0,"pct":100},"statements":{"total":165,"covered":165,"skipped":0,"pct":100},"branches":{"total":78,"covered":78,"skipped":0,"pct":100}}
,"/Users/celrisen/miden/web-sdk-main/packages/react-sdk/src/utils/accountId.ts": {"lines":{"total":15,"covered":15,"skipped":0,"pct":100},"functions":{"total":2,"covered":2,"skipped":0,"pct":100},"statements":{"total":15,"covered":15,"skipped":0,"pct":100},"branches":{"total":6,"covered":6,"skipped":0,"pct":100}}
,"/Users/celrisen/miden/web-sdk-main/packages/react-sdk/src/utils/accountParsing.ts": {"lines":{"total":63,"covered":63,"skipped":0,"pct":100},"functions":{"total":7,"covered":7,"skipped":0,"pct":100},"statements":{"total":63,"covered":63,"skipped":0,"pct":100},"branches":{"total":32,"covered":32,"skipped":0,"pct":100}}
,"/Users/celrisen/miden/web-sdk-main/packages/react-sdk/src/utils/amounts.ts": {"lines":{"total":42,"covered":42,"skipped":0,"pct":100},"functions":{"total":2,"covered":2,"skipped":0,"pct":100},"statements":{"total":42,"covered":42,"skipped":0,"pct":100},"branches":{"total":21,"covered":21,"skipped":0,"pct":100}}
,"/Users/celrisen/miden/web-sdk-main/packages/react-sdk/src/utils/asyncLock.ts": {"lines":{"total":11,"covered":11,"skipped":0,"pct":100},"functions":{"total":2,"covered":2,"skipped":0,"pct":100},"statements":{"total":11,"covered":11,"skipped":0,"pct":100},"branches":{"total":3,"covered":3,"skipped":0,"pct":100}}
,"/Users/celrisen/miden/web-sdk-main/packages/react-sdk/src/utils/bytes.ts": {"lines":{"total":35,"covered":35,"skipped":0,"pct":100},"functions":{"total":3,"covered":3,"skipped":0,"pct":100},"statements":{"total":35,"covered":35,"skipped":0,"pct":100},"branches":{"total":12,"covered":12,"skipped":0,"pct":100}}
,"/Users/celrisen/miden/web-sdk-main/packages/react-sdk/src/utils/errors.ts": {"lines":{"total":64,"covered":64,"skipped":0,"pct":100},"functions":{"total":7,"covered":7,"skipped":0,"pct":100},"statements":{"total":64,"covered":64,"skipped":0,"pct":100},"branches":{"total":26,"covered":26,"skipped":0,"pct":100}}
,"/Users/celrisen/miden/web-sdk-main/packages/react-sdk/src/utils/network.ts": {"lines":{"total":21,"covered":21,"skipped":0,"pct":100},"functions":{"total":1,"covered":1,"skipped":0,"pct":100},"statements":{"total":21,"covered":21,"skipped":0,"pct":100},"branches":{"total":11,"covered":11,"skipped":0,"pct":100}}
,"/Users/celrisen/miden/web-sdk-main/packages/react-sdk/src/utils/noteAttachment.ts": {"lines":{"total":69,"covered":69,"skipped":0,"pct":100},"functions":{"total":2,"covered":2,"skipped":0,"pct":100},"statements":{"total":69,"covered":69,"skipped":0,"pct":100},"branches":{"total":34,"covered":34,"skipped":0,"pct":100}}
,"/Users/celrisen/miden/web-sdk-main/packages/react-sdk/src/utils/noteFilters.ts": {"lines":{"total":64,"covered":64,"skipped":0,"pct":100},"functions":{"total":4,"covered":4,"skipped":0,"pct":100},"statements":{"total":64,"covered":64,"skipped":0,"pct":100},"branches":{"total":27,"covered":27,"skipped":0,"pct":100}}
,"/Users/celrisen/miden/web-sdk-main/packages/react-sdk/src/utils/notes.ts": {"lines":{"total":54,"covered":54,"skipped":0,"pct":100},"functions":{"total":4,"covered":4,"skipped":0,"pct":100},"statements":{"total":54,"covered":54,"skipped":0,"pct":100},"branches":{"total":29,"covered":29,"skipped":0,"pct":100}}
,"/Users/celrisen/miden/web-sdk-main/packages/react-sdk/src/utils/prover.ts": {"lines":{"total":86,"covered":86,"skipped":0,"pct":100},"functions":{"total":6,"covered":6,"skipped":0,"pct":100},"statements":{"total":86,"covered":86,"skipped":0,"pct":100},"branches":{"total":45,"covered":45,"skipped":0,"pct":100}}
,"/Users/celrisen/miden/web-sdk-main/packages/react-sdk/src/utils/runExclusive.ts": {"lines":{"total":2,"covered":2,"skipped":0,"pct":100},"functions":{"total":1,"covered":1,"skipped":0,"pct":100},"statements":{"total":2,"covered":2,"skipped":0,"pct":100},"branches":{"total":1,"covered":1,"skipped":0,"pct":100}}
,"/Users/celrisen/miden/web-sdk-main/packages/react-sdk/src/utils/signerAccount.ts": {"lines":{"total":91,"covered":91,"skipped":0,"pct":100},"functions":{"total":3,"covered":3,"skipped":0,"pct":100},"statements":{"total":91,"covered":91,"skipped":0,"pct":100},"branches":{"total":26,"covered":26,"skipped":0,"pct":100}}
,"/Users/celrisen/miden/web-sdk-main/packages/react-sdk/src/utils/storage.ts": {"lines":{"total":76,"covered":76,"skipped":0,"pct":100},"functions":{"total":11,"covered":11,"skipped":0,"pct":100},"statements":{"total":76,"covered":76,"skipped":0,"pct":100},"branches":{"total":36,"covered":36,"skipped":0,"pct":100}}
,"/Users/celrisen/miden/web-sdk-main/packages/react-sdk/src/utils/transactions.ts": {"lines":{"total":58,"covered":58,"skipped":0,"pct":100},"functions":{"total":3,"covered":3,"skipped":0,"pct":100},"statements":{"total":58,"covered":58,"skipped":0,"pct":100},"branches":{"total":31,"covered":31,"skipped":0,"pct":100}}
,"/Users/celrisen/miden/web-sdk-main/packages/react-sdk/src/utils/walletDetection.ts": {"lines":{"total":30,"covered":30,"skipped":0,"pct":100},"functions":{"total":3,"covered":3,"skipped":0,"pct":100},"statements":{"total":30,"covered":30,"skipped":0,"pct":100},"branches":{"total":12,"covered":12,"skipped":0,"pct":100}}
}
