TN:
SF:src/context/MidenProvider.tsx
FN:46,MidenProvider
FN:245,initClient
FN:466,useMiden
FN:474,useMidenClient
FNF:4
FNH:4
FNDA:119,MidenProvider
FNDA:23,initClient
FNDA:95,useMiden
FNDA:4,useMidenClient
DA:1,1
DA:35,1
DA:46,1
DA:47,119
DA:48,119
DA:49,119
DA:50,119
DA:51,119
DA:52,119
DA:53,119
DA:54,119
DA:55,119
DA:56,119
DA:57,119
DA:58,119
DA:59,119
DA:60,119
DA:61,119
DA:62,119
DA:63,119
DA:64,119
DA:66,119
DA:67,119
DA:68,119
DA:71,119
DA:74,119
DA:77,119
DA:80,119
DA:81,119
DA:83,119
DA:84,119
DA:85,27
DA:86,27
DA:87,27
DA:88,119
DA:89,119
DA:90,119
DA:91,119
DA:97,119
DA:98,42
DA:99,23
DA:100,23
DA:101,23
DA:102,19
DA:103,119
DA:104,119
DA:105,119
DA:106,119
DA:110,119
DA:115,119
DA:120,119
DA:125,119
DA:129,4
DA:130,4
DA:132,3
DA:134,3
DA:135,3
DA:136,1
DA:138,1
DA:139,1
DA:140,1
DA:141,1
DA:142,1
DA:143,1
DA:146,1
DA:147,1
DA:148,4
DA:149,2
DA:150,2
DA:151,2
DA:152,2
DA:153,2
DA:154,119
DA:158,119
DA:159,119
DA:164,119
DA:165,119
DA:166,119
DA:169,119
DA:170,27
DA:171,119
DA:175,119
DA:188,119
DA:189,119
DA:192,119
DA:198,27
DA:199,3
DA:202,3
DA:203,3
DA:204,3
DA:207,3
DA:208,3
DA:211,27
DA:212,8
DA:215,8
DA:216,8
DA:217,1
DA:218,8
DA:222,1
DA:223,1
DA:224,1
DA:225,1
DA:228,7
DA:229,7
DA:230,1
DA:231,8
DA:232,1
DA:234,1
DA:235,1
DA:236,1
DA:237,8
DA:239,23
DA:245,23
DA:246,23
DA:248,23
DA:250,22
DA:251,22
DA:253,22
DA:254,22
DA:255,22
DA:289,15
DA:292,15
DA:293,15
DA:294,15
DA:295,15
DA:296,15
DA:299,15
DA:305,19
DA:306,12
DA:307,12
DA:310,12
DA:311,12
DA:312,12
DA:313,12
DA:318,12
DA:321,19
DA:322,19
DA:323,19
DA:326,19
DA:331,19
DA:335,19
DA:336,19
DA:337,12
DA:338,12
DA:339,19
DA:341,19
DA:342,7
DA:343,7
DA:344,19
DA:345,23
DA:346,3
DA:347,3
DA:348,3
DA:349,3
DA:350,3
DA:351,3
DA:352,23
DA:353,23
DA:355,23
DA:356,23
DA:357,23
DA:361,23
DA:362,23
DA:363,119
DA:364,119
DA:365,119
DA:366,119
DA:367,119
DA:368,119
DA:369,119
DA:370,119
DA:371,119
DA:372,119
DA:373,119
DA:374,119
DA:375,119
DA:376,119
DA:382,119
DA:385,119
DA:386,42
DA:388,34
DA:389,42
DA:397,18
DA:399,18
DA:400,18
DA:401,18
DA:402,18
DA:403,18
DA:404,18
DA:405,119
DA:412,119
DA:413,42
DA:431,19
DA:432,119
DA:435,119
DA:436,3
DA:437,3
DA:440,119
DA:441,6
DA:442,4
DA:443,4
DA:444,2
DA:445,2
DA:447,109
DA:448,109
DA:449,109
DA:450,109
DA:451,109
DA:452,109
DA:453,109
DA:454,109
DA:455,109
DA:456,109
DA:457,109
DA:459,109
DA:460,109
DA:461,109
DA:462,109
DA:464,109
DA:466,1
DA:467,95
DA:468,95
DA:469,4
DA:470,4
DA:471,91
DA:472,91
DA:474,1
DA:475,4
DA:476,4
DA:477,3
DA:478,3
DA:479,3
DA:480,3
DA:481,1
DA:482,1
LF:235
LH:235
BRDA:46,0,0,119
BRDA:108,1,0,1
BRDA:109,2,0,1
BRDA:158,3,0,38
BRDA:158,4,0,80
BRDA:159,5,0,38
BRDA:159,6,0,80
BRDA:164,7,0,38
BRDA:164,8,0,80
BRDA:166,9,0,38
BRDA:166,10,0,80
BRDA:171,11,0,38
BRDA:435,12,0,37
BRDA:435,13,0,3
BRDA:437,14,0,115
BRDA:440,15,0,6
BRDA:440,16,0,6
BRDA:441,17,0,4
BRDA:443,18,0,2
BRDA:445,19,0,109
BRDA:84,20,0,27
BRDA:97,21,0,42
BRDA:98,22,0,34
BRDA:98,23,0,23
BRDA:101,24,0,19
BRDA:117,25,0,1
BRDA:125,26,0,4
BRDA:127,27,0,1
BRDA:130,28,0,1
BRDA:130,29,0,3
BRDA:135,30,0,1
BRDA:148,31,0,2
BRDA:151,32,0,1
BRDA:151,33,0,1
BRDA:169,34,0,27
BRDA:170,35,0,11
BRDA:170,36,0,16
BRDA:192,37,0,27
BRDA:195,38,0,1
BRDA:195,39,0,1
BRDA:198,40,0,3
BRDA:208,41,0,24
BRDA:211,42,0,8
BRDA:211,43,0,23
BRDA:211,44,0,8
BRDA:216,45,0,1
BRDA:218,46,0,1
BRDA:225,47,0,7
BRDA:229,48,0,1
BRDA:231,49,0,1
BRDA:245,50,0,23
BRDA:246,51,0,23
BRDA:248,52,0,1
BRDA:248,53,0,22
BRDA:258,54,0,1
BRDA:258,55,0,1
BRDA:275,56,0,1
BRDA:283,57,0,1
BRDA:287,58,0,1
BRDA:296,59,0,12
BRDA:298,60,0,1
BRDA:299,61,0,19
BRDA:305,62,0,12
BRDA:309,63,0,1
BRDA:315,64,0,1
BRDA:325,65,0,1
BRDA:328,66,0,1
BRDA:336,67,0,12
BRDA:341,68,0,7
BRDA:345,69,0,3
BRDA:348,70,0,2
BRDA:348,71,0,1
BRDA:356,72,0,23
BRDA:385,73,0,42
BRDA:386,74,0,19
BRDA:386,75,0,34
BRDA:386,76,0,23
BRDA:386,77,0,19
BRDA:388,78,0,18
BRDA:389,79,0,1
BRDA:389,80,0,18
BRDA:399,81,0,18
BRDA:412,82,0,42
BRDA:413,83,0,19
BRDA:413,84,0,34
BRDA:413,85,0,23
BRDA:413,86,0,19
BRDA:418,87,0,1
BRDA:428,88,0,1
BRDA:430,89,0,1
BRDA:466,90,0,95
BRDA:468,91,0,4
BRDA:470,92,0,91
BRDA:474,93,0,4
BRDA:476,94,0,1
BRDA:476,95,0,3
BRDA:480,96,0,1
BRF:97
BRH:97
end_of_record
TN:
SF:src/context/MultiSignerProvider.tsx
FN:47,MultiSignerProvider
FN:255,SignerSlot
FN:287,useMultiSigner
FNF:3
FNH:3
FNDA:66,MultiSignerProvider
FNDA:31,SignerSlot
FNDA:101,useMultiSigner
DA:1,1
DA:25,1
DA:26,1
DA:42,1
DA:47,1
DA:48,66
DA:49,66
DA:50,66
DA:51,66
DA:52,66
DA:53,66
DA:54,66
DA:56,66
DA:57,55
DA:58,66
DA:60,66
DA:61,66
DA:62,29
DA:63,29
DA:66,29
DA:67,29
DA:68,2
DA:69,2
DA:70,1
DA:71,1
DA:72,29
DA:73,28
DA:74,28
DA:75,29
DA:76,66
DA:77,66
DA:79,66
DA:80,66
DA:81,27
DA:82,27
DA:83,27
DA:84,27
DA:85,66
DA:86,66
DA:88,66
DA:89,66
DA:90,66
DA:91,66
DA:94,66
DA:97,52
DA:131,66
DA:135,66
DA:136,39
DA:137,13
DA:138,13
DA:139,13
DA:140,13
DA:141,13
DA:142,13
DA:143,13
DA:144,13
DA:145,13
DA:146,66
DA:147,66
DA:148,66
DA:149,66
DA:150,66
DA:151,66
DA:152,66
DA:153,66
DA:154,66
DA:157,66
DA:158,21
DA:159,21
DA:160,66
DA:162,66
DA:163,66
DA:164,17
DA:165,17
DA:166,4
DA:167,13
DA:170,17
DA:173,16
DA:174,17
DA:176,15
DA:179,15
DA:182,17
DA:183,2
DA:184,1
DA:185,2
DA:186,2
DA:188,15
DA:189,15
DA:192,13
DA:193,17
DA:197,2
DA:198,2
DA:199,2
DA:200,17
DA:201,66
DA:202,66
DA:204,66
DA:205,4
DA:207,4
DA:208,4
DA:211,4
DA:213,4
DA:214,2
DA:215,1
DA:216,2
DA:217,2
DA:218,66
DA:220,66
DA:221,66
DA:222,61
DA:223,61
DA:224,61
DA:225,61
DA:226,61
DA:227,66
DA:228,66
DA:230,66
DA:231,66
DA:232,66
DA:233,66
DA:234,66
DA:235,66
DA:236,66
DA:237,66
DA:239,66
DA:255,1
DA:256,31
DA:257,31
DA:258,31
DA:262,31
DA:263,30
DA:264,29
DA:265,29
DA:266,31
DA:269,31
DA:270,28
DA:271,28
DA:272,27
DA:273,27
DA:274,28
DA:275,31
DA:277,31
DA:278,31
DA:287,1
DA:288,101
DA:289,101
LF:146
LH:146
BRDA:47,0,0,66
BRDA:94,1,0,14
BRDA:96,2,0,1
BRDA:96,3,0,1
BRDA:147,4,0,14
BRDA:148,5,0,14
BRDA:149,6,0,14
BRDA:150,7,0,14
BRDA:56,8,0,55
BRDA:61,9,0,29
BRDA:67,10,0,2
BRDA:68,11,0,2
BRDA:69,12,0,1
BRDA:70,13,0,1
BRDA:72,14,0,28
BRDA:80,15,0,27
BRDA:82,16,0,4
BRDA:82,17,0,1
BRDA:82,18,0,3
BRDA:89,19,0,23
BRDA:96,20,0,1
BRDA:135,21,0,39
BRDA:136,22,0,26
BRDA:136,23,0,13
BRDA:157,24,0,21
BRDA:163,25,0,17
BRDA:165,26,0,4
BRDA:166,27,0,13
BRDA:170,28,0,1
BRDA:170,29,0,1
BRDA:170,30,0,16
BRDA:174,31,0,1
BRDA:174,32,0,15
BRDA:182,33,0,3
BRDA:182,34,0,2
BRDA:186,35,0,15
BRDA:189,36,0,13
BRDA:192,37,0,2
BRDA:193,38,0,2
BRDA:196,39,0,1
BRDA:183,40,0,1
BRDA:204,41,0,4
BRDA:208,42,0,3
BRDA:208,43,0,1
BRDA:213,44,0,3
BRDA:213,45,0,2
BRDA:214,46,0,1
BRDA:221,47,0,61
BRDA:255,48,0,31
BRDA:262,49,0,30
BRDA:263,50,0,1
BRDA:263,51,0,29
BRDA:269,52,0,28
BRDA:270,53,0,28
BRDA:271,54,0,27
BRDA:271,55,0,27
BRDA:287,56,0,101
BRF:57
BRH:57
end_of_record
TN:
SF:src/context/SignerContext.ts
FN:126,useSigner
FNF:1
FNH:1
FNDA:228,useSigner
DA:1,1
DA:107,1
DA:126,1
DA:127,228
DA:128,228
LF:5
LH:5
BRDA:126,0,0,228
BRF:1
BRH:1
end_of_record
TN:
SF:src/hooks/useAccount.ts
FN:38,useAccount
FNF:1
FNH:1
FNDA:50,useAccount
DA:1,1
DA:38,1
DA:39,50
DA:40,50
DA:41,50
DA:42,50
DA:44,50
DA:45,50
DA:48,50
DA:49,16
DA:50,16
DA:51,1
DA:52,50
DA:55,50
DA:56,49
DA:57,1
DA:59,50
DA:60,13
DA:62,12
DA:63,12
DA:65,12
DA:66,12
DA:67,12
DA:68,13
DA:69,9
DA:70,9
DA:71,9
DA:72,13
DA:73,2
DA:74,13
DA:75,12
DA:76,12
DA:77,50
DA:80,50
DA:81,23
DA:82,9
DA:83,9
DA:84,50
DA:87,50
DA:88,17
DA:89,1
DA:90,50
DA:93,50
DA:94,23
DA:96,11
DA:97,11
DA:98,11
DA:101,11
DA:102,23
DA:103,3
DA:104,3
DA:105,3
DA:106,3
DA:107,3
DA:109,10
DA:110,23
DA:111,1
DA:112,1
DA:113,50
DA:115,50
DA:116,50
DA:117,50
DA:118,50
DA:119,50
DA:121,50
DA:122,50
DA:123,25
DA:124,6
DA:125,6
DA:126,6
DA:127,6
DA:128,6
DA:129,6
DA:130,25
DA:131,50
DA:132,50
DA:135,50
DA:136,50
DA:137,2
DA:138,2
DA:139,2
DA:140,50
DA:141,50
DA:143,50
DA:144,50
DA:145,50
DA:146,50
DA:147,50
DA:148,50
DA:149,50
DA:150,50
DA:151,50
LF:92
LH:92
BRDA:38,0,0,50
BRDA:55,1,0,49
BRDA:56,2,0,24
BRDA:56,3,0,1
BRDA:40,4,0,162
BRDA:41,5,0,162
BRDA:48,6,0,16
BRDA:49,7,0,1
BRDA:49,8,0,15
BRDA:50,9,0,14
BRDA:50,10,0,1
BRDA:59,11,0,13
BRDA:60,12,0,12
BRDA:60,13,0,12
BRDA:60,14,0,1
BRDA:60,15,0,12
BRDA:67,16,0,10
BRDA:68,17,0,9
BRDA:72,18,0,2
BRDA:73,19,0,1
BRDA:73,20,0,1
BRDA:74,21,0,12
BRDA:80,22,0,23
BRDA:81,23,0,20
BRDA:81,24,0,20
BRDA:81,25,0,9
BRDA:87,26,0,17
BRDA:88,27,0,14
BRDA:88,28,0,14
BRDA:88,29,0,16
BRDA:88,30,0,1
BRDA:93,31,0,23
BRDA:94,32,0,12
BRDA:94,33,0,11
BRDA:102,34,0,3
BRDA:107,35,0,10
BRDA:110,36,0,1
BRDA:116,37,0,23
BRDA:116,38,0,3
BRDA:122,39,0,25
BRDA:123,40,0,6
BRDA:127,41,0,3
BRDA:128,42,0,3
BRDA:136,43,0,2
BRDA:138,44,0,1
BRDA:138,45,0,1
BRDA:137,46,0,1
BRF:47
BRH:47
end_of_record
TN:
SF:src/hooks/useAccounts.ts
FN:30,useAccounts
FNF:1
FNH:1
FNDA:17,useAccounts
DA:1,1
DA:30,1
DA:31,17
DA:32,17
DA:33,17
DA:34,17
DA:35,17
DA:37,17
DA:38,8
DA:40,7
DA:41,7
DA:42,7
DA:43,5
DA:44,8
DA:45,2
DA:46,8
DA:47,7
DA:48,7
DA:49,17
DA:52,17
DA:53,12
DA:54,4
DA:55,4
DA:56,17
DA:59,17
DA:60,17
DA:62,17
DA:63,10
DA:66,10
DA:67,1
DA:68,10
DA:69,9
DA:70,9
DA:71,10
DA:73,17
DA:74,17
DA:75,17
DA:76,17
DA:77,17
DA:78,17
DA:79,17
DA:80,17
DA:81,17
LF:43
LH:43
BRDA:30,0,0,17
BRDA:62,1,0,10
BRDA:66,2,0,1
BRDA:68,3,0,9
BRDA:33,4,0,70
BRDA:34,5,0,70
BRDA:35,6,0,70
BRDA:37,7,0,8
BRDA:38,8,0,7
BRDA:38,9,0,1
BRDA:38,10,0,7
BRDA:42,11,0,5
BRDA:44,12,0,2
BRDA:46,13,0,7
BRDA:52,14,0,12
BRDA:53,15,0,10
BRDA:53,16,0,4
BRF:17
BRH:17
end_of_record
TN:
SF:src/hooks/useCompile.ts
FN:39,useCompile
FNF:1
FNH:1
FNDA:10,useCompile
DA:1,1
DA:39,1
DA:40,10
DA:42,10
DA:43,10
DA:44,10
DA:45,10
DA:46,10
DA:48,10
DA:49,8
DA:50,3
DA:51,3
DA:52,5
DA:53,10
DA:55,10
DA:56,10
DA:57,2
DA:58,10
DA:59,10
DA:61,10
DA:62,10
DA:63,3
DA:64,10
DA:65,10
DA:67,10
DA:68,10
DA:69,3
DA:70,10
DA:71,10
DA:73,10
DA:74,10
LF:31
LH:31
BRDA:39,0,0,10
BRDA:43,1,0,10
BRDA:44,2,0,5
BRDA:44,3,0,5
BRDA:44,4,0,5
BRDA:48,5,0,8
BRDA:49,6,0,3
BRDA:51,7,0,5
BRDA:56,8,0,2
BRDA:62,9,0,3
BRDA:68,10,0,3
BRF:11
BRH:11
end_of_record
TN:
SF:src/hooks/useConsume.ts
FN:56,useConsume
FNF:1
FNH:1
FNDA:42,useConsume
DA:1,1
DA:56,1
DA:57,42
DA:58,42
DA:60,42
DA:61,42
DA:62,42
DA:63,42
DA:65,42
DA:66,42
DA:67,21
DA:68,1
DA:69,1
DA:71,21
DA:72,2
DA:73,2
DA:75,18
DA:76,18
DA:77,18
DA:79,18
DA:81,18
DA:83,18
DA:84,18
DA:90,18
DA:91,18
DA:92,18
DA:94,18
DA:95,25
DA:96,25
DA:97,22
DA:98,22
DA:99,22
DA:100,3
DA:101,3
DA:102,3
DA:103,3
DA:104,1
DA:105,1
DA:106,2
DA:107,2
DA:108,2
DA:109,2
DA:110,1
DA:111,1
DA:112,1
DA:113,1
DA:114,1
DA:115,25
DA:117,18
DA:118,16
DA:119,16
DA:121,16
DA:122,1
DA:123,1
DA:126,15
DA:127,15
DA:128,15
DA:129,16
DA:130,21
DA:131,21
DA:132,1
DA:133,1
DA:134,1
DA:135,1
DA:136,20
DA:137,20
DA:138,14
DA:140,16
DA:155,16
DA:156,16
DA:157,1
DA:158,1
DA:159,1
DA:160,1
DA:161,1
DA:162,14
DA:163,11
DA:164,18
DA:166,12
DA:167,12
DA:169,12
DA:171,12
DA:172,21
DA:173,6
DA:174,6
DA:175,6
DA:176,6
DA:179,18
DA:180,18
DA:181,21
DA:182,42
DA:183,42
DA:185,42
DA:186,2
DA:187,2
DA:188,2
DA:189,2
DA:190,42
DA:192,42
DA:193,42
DA:194,42
DA:195,42
DA:196,42
DA:197,42
DA:198,42
DA:199,42
DA:200,42
LF:107
LH:107
BRDA:56,0,0,42
BRDA:66,1,0,21
BRDA:67,2,0,20
BRDA:67,3,0,1
BRDA:69,4,0,20
BRDA:71,5,0,2
BRDA:73,6,0,18
BRDA:164,7,0,12
BRDA:172,8,0,6
BRDA:173,9,0,5
BRDA:173,10,0,1
BRDA:178,11,0,1
BRDA:178,12,0,1
BRDA:84,13,0,18
BRDA:94,14,0,25
BRDA:96,15,0,22
BRDA:99,16,0,3
BRDA:103,17,0,1
BRDA:105,18,0,2
BRDA:109,19,0,1
BRDA:117,20,0,16
BRDA:121,21,0,1
BRDA:123,22,0,15
BRDA:129,23,0,21
BRDA:131,24,0,1
BRDA:135,25,0,20
BRDA:137,26,0,14
BRDA:145,27,0,1
BRDA:147,28,0,1
BRDA:151,29,0,1
BRDA:153,30,0,1
BRDA:156,31,0,1
BRDA:161,32,0,14
BRDA:162,33,0,11
BRDA:127,34,0,21
BRDA:185,35,0,2
BRF:36
BRH:36
end_of_record
TN:
SF:src/hooks/useCreateFaucet.ts
FN:55,useCreateFaucet
FN:126,getStorageMode
FNF:2
FNH:2
FNDA:26,useCreateFaucet
FNDA:12,getStorageMode
DA:1,1
DA:55,1
DA:56,26
DA:57,26
DA:58,26
DA:60,26
DA:61,26
DA:62,26
DA:64,26
DA:65,26
DA:66,13
DA:67,1
DA:68,1
DA:70,12
DA:71,12
DA:73,12
DA:74,12
DA:75,13
DA:76,13
DA:77,13
DA:78,13
DA:79,13
DA:80,13
DA:82,13
DA:83,12
DA:84,12
DA:85,12
DA:86,12
DA:87,12
DA:88,12
DA:89,12
DA:90,12
DA:91,10
DA:92,10
DA:93,10
DA:94,13
DA:96,10
DA:98,10
DA:99,13
DA:100,2
DA:101,2
DA:102,2
DA:105,12
DA:106,12
DA:107,13
DA:108,26
DA:109,26
DA:111,26
DA:112,1
DA:113,1
DA:114,1
DA:115,26
DA:117,26
DA:118,26
DA:119,26
DA:120,26
DA:121,26
DA:122,26
DA:123,26
DA:124,26
DA:126,12
DA:127,12
DA:128,12
DA:129,12
DA:130,12
DA:131,8
DA:132,12
DA:133,2
DA:134,12
DA:135,1
DA:136,12
DA:137,1
DA:138,12
DA:139,12
LF:74
LH:74
BRDA:55,0,0,26
BRDA:58,1,0,86
BRDA:65,2,0,13
BRDA:66,3,0,12
BRDA:66,4,0,1
BRDA:68,5,0,12
BRDA:75,6,0,7
BRDA:77,7,0,11
BRDA:79,8,0,11
BRDA:94,9,0,10
BRDA:99,10,0,2
BRDA:100,11,0,1
BRDA:100,12,0,1
BRDA:104,13,0,1
BRDA:104,14,0,1
BRDA:82,15,0,12
BRDA:90,16,0,10
BRDA:111,17,0,1
BRDA:126,18,0,12
BRDA:130,19,0,8
BRDA:132,20,0,2
BRDA:134,21,0,1
BRDA:136,22,0,1
BRF:23
BRH:23
end_of_record
TN:
SF:src/hooks/useCreateWallet.ts
FN:55,useCreateWallet
FN:125,getStorageMode
FNF:2
FNH:2
FNDA:28,useCreateWallet
FNDA:12,getStorageMode
DA:1,1
DA:55,1
DA:56,28
DA:57,28
DA:58,28
DA:60,28
DA:61,28
DA:62,28
DA:64,28
DA:65,28
DA:66,13
DA:67,1
DA:68,1
DA:70,12
DA:71,12
DA:73,12
DA:74,12
DA:75,13
DA:76,13
DA:77,13
DA:78,13
DA:79,13
DA:80,13
DA:82,13
DA:83,12
DA:84,12
DA:85,12
DA:86,12
DA:87,12
DA:88,12
DA:89,10
DA:90,10
DA:91,10
DA:92,10
DA:93,13
DA:95,10
DA:97,10
DA:98,13
DA:99,2
DA:100,2
DA:101,2
DA:104,12
DA:105,12
DA:106,13
DA:107,28
DA:108,28
DA:110,28
DA:111,2
DA:112,2
DA:113,2
DA:114,28
DA:116,28
DA:117,28
DA:118,28
DA:119,28
DA:120,28
DA:121,28
DA:122,28
DA:123,28
DA:125,12
DA:126,12
DA:127,12
DA:128,12
DA:129,12
DA:130,9
DA:131,12
DA:132,1
DA:133,12
DA:134,1
DA:135,12
DA:136,1
DA:137,12
DA:138,12
LF:73
LH:73
BRDA:55,0,0,28
BRDA:58,1,0,94
BRDA:65,2,0,13
BRDA:66,3,0,12
BRDA:66,4,0,1
BRDA:68,5,0,12
BRDA:75,6,0,8
BRDA:77,7,0,11
BRDA:79,8,0,11
BRDA:93,9,0,10
BRDA:98,10,0,2
BRDA:99,11,0,1
BRDA:99,12,0,1
BRDA:103,13,0,1
BRDA:103,14,0,1
BRDA:82,15,0,12
BRDA:88,16,0,10
BRDA:110,17,0,2
BRDA:125,18,0,12
BRDA:129,19,0,9
BRDA:131,20,0,1
BRDA:133,21,0,1
BRDA:135,22,0,1
BRF:23
BRH:23
end_of_record
TN:
SF:src/hooks/useExecuteProgram.ts
FN:50,isForeignAccountWrapper
FN:59,useExecuteProgram
FNF:2
FNH:2
FNDA:4,isForeignAccountWrapper
FNDA:22,useExecuteProgram
DA:1,1
DA:50,4
DA:51,4
DA:52,4
DA:53,4
DA:54,2
DA:55,2
DA:57,4
DA:59,1
DA:60,22
DA:61,22
DA:62,22
DA:64,22
DA:65,22
DA:66,22
DA:68,22
DA:69,22
DA:70,11
DA:71,1
DA:72,1
DA:74,11
DA:75,1
DA:76,1
DA:77,1
DA:78,1
DA:79,1
DA:81,9
DA:82,9
DA:83,9
DA:85,9
DA:86,11
DA:87,8
DA:88,8
DA:90,9
DA:91,9
DA:93,9
DA:95,9
DA:96,9
DA:97,2
DA:98,4
DA:99,4
DA:100,4
DA:101,4
DA:102,1
DA:103,3
DA:104,4
DA:105,2
DA:106,2
DA:107,9
DA:108,7
DA:109,7
DA:111,9
DA:112,9
DA:113,9
DA:114,9
DA:115,9
DA:116,9
DA:118,7
DA:119,7
DA:120,9
DA:121,104
DA:122,104
DA:124,7
DA:125,9
DA:127,7
DA:128,7
DA:129,11
DA:130,2
DA:131,2
DA:132,2
DA:135,9
DA:136,9
DA:137,9
DA:138,11
DA:139,22
DA:140,22
DA:142,22
DA:143,1
DA:144,1
DA:145,1
DA:146,22
DA:148,22
DA:149,22
DA:150,22
DA:151,22
DA:152,22
DA:153,22
DA:154,22
DA:155,22
LF:89
LH:89
BRDA:50,0,0,4
BRDA:53,1,0,2
BRDA:54,2,0,2
BRDA:59,3,0,22
BRDA:69,4,0,11
BRDA:70,5,0,10
BRDA:70,6,0,1
BRDA:72,7,0,10
BRDA:74,8,0,1
BRDA:79,9,0,9
BRDA:86,10,0,8
BRDA:88,11,0,9
BRDA:125,12,0,7
BRDA:129,13,0,2
BRDA:130,14,0,1
BRDA:130,15,0,1
BRDA:134,16,0,1
BRDA:134,17,0,1
BRDA:90,18,0,9
BRDA:93,19,0,8
BRDA:96,20,0,2
BRDA:96,21,0,2
BRDA:107,22,0,7
BRDA:116,23,0,7
BRDA:120,24,0,104
BRDA:122,25,0,7
BRDA:97,26,0,4
BRDA:99,27,0,2
BRDA:99,28,0,2
BRDA:101,29,0,2
BRDA:101,30,0,1
BRDA:102,31,0,3
BRDA:142,32,0,1
BRF:33
BRH:33
end_of_record
TN:
SF:src/hooks/useExportNote.ts
FN:37,useExportNote
FNF:1
FNH:1
FNDA:11,useExportNote
DA:1,1
DA:37,1
DA:38,11
DA:40,11
DA:41,11
DA:43,11
DA:44,11
DA:45,5
DA:46,1
DA:47,1
DA:49,4
DA:50,4
DA:52,4
DA:53,4
DA:54,4
DA:55,4
DA:56,1
DA:57,5
DA:58,3
DA:59,3
DA:60,3
DA:63,4
DA:64,4
DA:65,5
DA:66,11
DA:67,11
DA:69,11
DA:70,1
DA:71,1
DA:72,11
DA:74,11
DA:75,11
DA:76,11
DA:77,11
DA:78,11
DA:79,11
DA:80,11
LF:37
LH:37
BRDA:37,0,0,11
BRDA:44,1,0,5
BRDA:45,2,0,4
BRDA:45,3,0,1
BRDA:47,4,0,4
BRDA:55,5,0,1
BRDA:57,6,0,3
BRDA:58,7,0,2
BRDA:58,8,0,1
BRDA:62,9,0,1
BRDA:62,10,0,1
BRDA:53,11,0,4
BRDA:69,12,0,1
BRF:13
BRH:13
end_of_record
TN:
SF:src/hooks/useExportStore.ts
FN:37,useExportStore
FNF:1
FNH:1
FNDA:14,useExportStore
DA:1,1
DA:37,1
DA:38,14
DA:40,14
DA:41,14
DA:43,14
DA:44,6
DA:45,1
DA:46,1
DA:48,5
DA:49,5
DA:51,5
DA:52,5
DA:53,5
DA:54,2
DA:55,6
DA:56,3
DA:57,3
DA:58,3
DA:61,5
DA:62,5
DA:63,14
DA:65,14
DA:66,1
DA:67,1
DA:68,14
DA:70,14
DA:71,14
DA:72,14
DA:73,14
DA:74,14
DA:75,14
DA:76,14
LF:33
LH:33
BRDA:37,0,0,14
BRDA:43,1,0,6
BRDA:44,2,0,5
BRDA:44,3,0,1
BRDA:46,4,0,5
BRDA:53,5,0,2
BRDA:55,6,0,3
BRDA:56,7,0,2
BRDA:56,8,0,1
BRDA:60,9,0,1
BRDA:60,10,0,1
BRDA:53,11,0,5
BRDA:65,12,0,1
BRF:13
BRH:13
end_of_record
TN:
SF:src/hooks/useImportAccount.ts
FN:59,useImportAccount
FN:205,resolveAccountFile
FN:218,getAccountFileBytes
FN:236,bytesEqual
FNF:4
FNH:4
FNDA:35,useImportAccount
FNDA:9,resolveAccountFile
FNDA:11,getAccountFileBytes
FNDA:1,bytesEqual
DA:1,1
DA:59,1
DA:60,35
DA:61,35
DA:63,35
DA:64,35
DA:65,35
DA:67,35
DA:68,35
DA:69,17
DA:70,1
DA:71,1
DA:73,16
DA:75,16
DA:76,16
DA:78,16
DA:80,16
DA:82,16
DA:83,16
DA:84,16
DA:85,9
DA:86,9
DA:87,9
DA:88,9
DA:89,9
DA:90,9
DA:91,9
DA:92,9
DA:93,9
DA:94,9
DA:95,6
DA:96,3
DA:97,9
DA:98,9
DA:99,3
DA:100,1
DA:101,8
DA:103,9
DA:104,9
DA:105,9
DA:106,3
DA:107,3
DA:108,3
DA:109,1
DA:110,1
DA:111,3
DA:113,8
DA:115,9
DA:116,5
DA:117,5
DA:119,3
DA:120,3
DA:121,3
DA:122,3
DA:123,3
DA:124,3
DA:127,9
DA:128,1
DA:129,1
DA:130,1
DA:131,1
DA:132,1
DA:134,2
DA:135,2
DA:136,2
DA:137,2
DA:138,2
DA:139,1
DA:140,1
DA:141,1
DA:142,1
DA:143,1
DA:144,2
DA:145,1
DA:147,1
DA:148,1
DA:149,16
DA:150,4
DA:151,4
DA:152,2
DA:153,4
DA:154,1
DA:155,1
DA:156,1
DA:157,1
DA:158,16
DA:159,3
DA:160,3
DA:161,3
DA:162,3
DA:163,3
DA:164,3
DA:165,3
DA:166,3
DA:167,3
DA:168,3
DA:169,16
DA:170,16
DA:172,11
DA:173,17
DA:174,4
DA:175,4
DA:177,4
DA:178,17
DA:179,5
DA:180,5
DA:181,5
DA:184,16
DA:185,16
DA:186,17
DA:187,35
DA:188,35
DA:190,35
DA:191,1
DA:192,1
DA:193,1
DA:194,35
DA:196,35
DA:197,35
DA:198,35
DA:199,35
DA:200,35
DA:201,35
DA:202,35
DA:203,35
DA:205,9
DA:206,9
DA:207,9
DA:208,9
DA:209,1
DA:210,1
DA:215,8
DA:216,8
DA:218,11
DA:219,11
DA:220,11
DA:221,11
DA:222,11
DA:223,1
DA:224,1
DA:241,2
DA:242,4
DA:243,1
DA:244,1
DA:245,4
DA:246,1
DA:247,1
LF:147
LH:147
BRDA:59,0,0,35
BRDA:61,1,0,116
BRDA:68,2,0,17
BRDA:69,3,0,16
BRDA:69,4,0,1
BRDA:71,5,0,16
BRDA:170,6,0,11
BRDA:173,7,0,4
BRDA:173,8,0,4
BRDA:178,9,0,5
BRDA:179,10,0,4
BRDA:179,11,0,1
BRDA:183,12,0,1
BRDA:183,13,0,1
BRDA:82,14,0,16
BRDA:84,15,0,9
BRDA:94,16,0,6
BRDA:95,17,0,3
BRDA:98,18,0,3
BRDA:99,19,0,1
BRDA:100,20,0,8
BRDA:104,21,0,6
BRDA:105,22,0,3
BRDA:107,23,0,2
BRDA:107,24,0,1
BRDA:108,25,0,1
BRDA:111,26,0,8
BRDA:115,27,0,5
BRDA:117,28,0,3
BRDA:126,29,0,1
BRDA:126,30,0,1
BRDA:127,31,0,1
BRDA:132,32,0,2
BRDA:138,33,0,1
BRDA:144,34,0,1
BRDA:145,35,0,1
BRDA:149,36,0,4
BRDA:151,37,0,2
BRDA:153,38,0,1
BRDA:158,39,0,3
BRDA:159,40,0,2
BRDA:161,41,0,2
BRDA:120,42,0,2
BRDA:123,43,0,2
BRDA:190,44,0,1
BRDA:205,45,0,9
BRDA:208,46,0,1
BRDA:210,47,0,8
BRDA:212,48,0,1
BRDA:214,49,0,1
BRDA:218,50,0,11
BRDA:222,51,0,1
BRDA:224,52,0,10
BRDA:227,53,0,1
BRDA:229,54,0,1
BRDA:232,55,0,1
BRDA:236,56,0,1
BRDA:238,57,0,1
BRDA:241,58,0,4
BRDA:242,59,0,1
BRDA:245,60,0,1
BRF:61
BRH:61
end_of_record
TN:
SF:src/hooks/useImportNote.ts
FN:37,useImportNote
FNF:1
FNH:1
FNDA:13,useImportNote
DA:1,1
DA:37,1
DA:38,13
DA:40,13
DA:41,13
DA:43,13
DA:44,13
DA:45,6
DA:46,1
DA:47,1
DA:49,5
DA:50,5
DA:52,5
DA:53,5
DA:54,5
DA:55,5
DA:56,5
DA:58,2
DA:60,2
DA:61,6
DA:62,3
DA:63,3
DA:64,3
DA:67,5
DA:68,5
DA:69,6
DA:70,13
DA:71,13
DA:73,13
DA:74,1
DA:75,1
DA:76,13
DA:78,13
DA:79,13
DA:80,13
DA:81,13
DA:82,13
DA:83,13
DA:84,13
LF:39
LH:39
BRDA:37,0,0,13
BRDA:44,1,0,6
BRDA:45,2,0,5
BRDA:45,3,0,1
BRDA:47,4,0,5
BRDA:56,5,0,2
BRDA:61,6,0,3
BRDA:62,7,0,2
BRDA:62,8,0,1
BRDA:66,9,0,1
BRDA:66,10,0,1
BRDA:54,11,0,5
BRDA:73,12,0,1
BRF:13
BRH:13
end_of_record
TN:
SF:src/hooks/useImportStore.ts
FN:46,useImportStore
FNF:1
FNH:1
FNDA:17,useImportStore
DA:1,1
DA:46,1
DA:47,17
DA:49,17
DA:50,17
DA:52,17
DA:53,17
DA:54,8
DA:55,8
DA:56,8
DA:57,8
DA:58,8
DA:59,1
DA:60,1
DA:62,7
DA:63,7
DA:65,7
DA:66,7
DA:67,8
DA:68,2
DA:69,2
DA:70,8
DA:71,4
DA:72,4
DA:73,4
DA:74,8
DA:75,7
DA:76,7
DA:77,8
DA:78,17
DA:79,17
DA:81,17
DA:82,1
DA:83,1
DA:84,17
DA:86,17
DA:87,17
DA:88,17
DA:89,17
DA:90,17
DA:91,17
DA:92,17
LF:42
LH:42
BRDA:46,0,0,17
BRDA:53,1,0,8
BRDA:58,2,0,7
BRDA:58,3,0,1
BRDA:60,4,0,7
BRDA:66,5,0,3
BRDA:67,6,0,1
BRDA:67,7,0,2
BRDA:70,8,0,4
BRDA:71,9,0,3
BRDA:71,10,0,1
BRDA:74,11,0,3
BRDA:74,12,0,7
BRDA:66,13,0,7
BRDA:81,14,0,1
BRF:15
BRH:15
end_of_record
TN:
SF:src/hooks/useMint.ts
FN:57,useMint
FNF:1
FNH:1
FNDA:29,useMint
DA:1,1
DA:57,1
DA:58,29
DA:59,29
DA:61,29
DA:62,29
DA:63,29
DA:64,29
DA:66,29
DA:67,29
DA:68,13
DA:69,1
DA:70,1
DA:72,12
DA:73,12
DA:74,12
DA:76,12
DA:77,13
DA:80,13
DA:81,13
DA:83,13
DA:84,13
DA:85,12
DA:86,12
DA:87,12
DA:88,12
DA:89,12
DA:90,12
DA:92,12
DA:93,1
DA:94,1
DA:95,1
DA:96,1
DA:97,1
DA:98,10
DA:100,7
DA:101,13
DA:103,8
DA:104,8
DA:106,8
DA:108,8
DA:109,13
DA:110,4
DA:111,4
DA:112,4
DA:113,4
DA:116,12
DA:117,12
DA:118,13
DA:119,29
DA:120,29
DA:122,29
DA:123,1
DA:124,1
DA:125,1
DA:126,1
DA:127,29
DA:129,29
DA:130,29
DA:131,29
DA:132,29
DA:133,29
DA:134,29
DA:135,29
DA:136,29
DA:137,29
LF:66
LH:66
BRDA:57,0,0,29
BRDA:67,1,0,13
BRDA:68,2,0,12
BRDA:68,3,0,1
BRDA:70,4,0,12
BRDA:77,5,0,11
BRDA:101,6,0,8
BRDA:109,7,0,4
BRDA:110,8,0,3
BRDA:110,9,0,1
BRDA:115,10,0,1
BRDA:115,11,0,1
BRDA:84,12,0,12
BRDA:92,13,0,1
BRDA:97,14,0,10
BRDA:98,15,0,7
BRDA:122,16,0,1
BRF:17
BRH:17
end_of_record
TN:
SF:src/hooks/useMultiSend.ts
FN:70,useMultiSend
FNF:1
FNH:1
FNDA:27,useMultiSend
DA:1,1
DA:70,1
DA:71,27
DA:72,27
DA:74,27
DA:75,27
DA:76,27
DA:77,27
DA:79,27
DA:80,27
DA:81,14
DA:82,1
DA:83,1
DA:85,13
DA:87,14
DA:88,1
DA:89,1
DA:91,14
DA:92,1
DA:93,1
DA:94,1
DA:95,1
DA:96,1
DA:98,11
DA:99,11
DA:100,11
DA:101,11
DA:103,11
DA:105,14
DA:106,10
DA:107,10
DA:109,14
DA:111,14
DA:112,14
DA:114,13
DA:115,13
DA:116,13
DA:117,13
DA:118,13
DA:119,13
DA:120,13
DA:121,1
DA:122,12
DA:123,13
DA:124,13
DA:125,2
DA:126,11
DA:127,13
DA:128,13
DA:129,13
DA:130,13
DA:131,13
DA:132,13
DA:133,13
DA:134,13
DA:135,13
DA:136,13
DA:137,13
DA:138,13
DA:139,13
DA:140,13
DA:141,14
DA:143,14
DA:144,14
DA:145,14
DA:147,14
DA:148,14
DA:150,9
DA:151,9
DA:152,9
DA:153,9
DA:154,9
DA:155,9
DA:156,1
DA:157,8
DA:158,9
DA:159,9
DA:160,9
DA:162,9
DA:163,9
DA:164,9
DA:165,9
DA:166,9
DA:170,9
DA:171,9
DA:173,9
DA:176,9
DA:177,14
DA:178,4
DA:179,4
DA:180,4
DA:181,4
DA:182,4
DA:184,4
DA:185,6
DA:186,5
DA:187,5
DA:188,5
DA:189,5
DA:190,5
DA:191,6
DA:192,4
DA:194,9
DA:196,9
DA:197,9
DA:199,9
DA:201,9
DA:202,14
DA:203,2
DA:204,2
DA:205,2
DA:206,2
DA:209,11
DA:210,11
DA:211,11
DA:212,14
DA:213,27
DA:214,27
DA:216,27
DA:217,1
DA:218,1
DA:219,1
DA:220,1
DA:221,27
DA:223,27
DA:224,27
DA:225,27
DA:226,27
DA:227,27
DA:228,27
DA:229,27
DA:230,27
DA:231,27
LF:133
LH:133
BRDA:70,0,0,27
BRDA:80,1,0,14
BRDA:81,2,0,13
BRDA:81,3,0,1
BRDA:83,4,0,13
BRDA:87,5,0,1
BRDA:89,6,0,12
BRDA:91,7,0,1
BRDA:96,8,0,11
BRDA:105,9,0,10
BRDA:107,10,0,11
BRDA:109,11,0,6
BRDA:148,12,0,9
BRDA:177,13,0,4
BRDA:184,14,0,6
BRDA:185,15,0,5
BRDA:192,16,0,9
BRDA:202,17,0,2
BRDA:203,18,0,1
BRDA:203,19,0,1
BRDA:208,20,0,1
BRDA:208,21,0,1
BRDA:112,22,0,13
BRDA:120,23,0,1
BRDA:121,24,0,12
BRDA:124,25,0,2
BRDA:124,26,0,2
BRDA:125,27,0,11
BRDA:144,28,0,13
BRDA:153,29,0,9
BRDA:154,30,0,9
BRDA:155,31,0,1
BRDA:156,32,0,8
BRDA:176,33,0,10
BRDA:216,34,0,1
BRF:35
BRH:35
end_of_record
TN:
SF:src/hooks/useNoteStream.ts
FN:48,useNoteStream
FN:200,buildStreamedNote
FNF:2
FNH:2
FNDA:55,useNoteStream
FNDA:39,buildStreamedNote
DA:1,1
DA:48,1
DA:49,55
DA:50,55
DA:51,55
DA:53,55
DA:54,55
DA:55,55
DA:56,55
DA:58,55
DA:59,55
DA:60,55
DA:61,55
DA:64,55
DA:65,55
DA:66,55
DA:70,55
DA:71,55
DA:75,55
DA:76,23
DA:77,6
DA:78,23
DA:79,3
DA:80,55
DA:82,55
DA:83,19
DA:84,2
DA:85,55
DA:88,55
DA:89,17
DA:91,16
DA:92,16
DA:94,16
DA:95,16
DA:96,16
DA:97,16
DA:98,14
DA:99,17
DA:100,2
DA:101,17
DA:102,16
DA:103,16
DA:104,55
DA:107,55
DA:108,19
DA:109,17
DA:110,17
DA:111,55
DA:114,55
DA:116,25
DA:118,25
DA:121,25
DA:122,25
DA:123,2
DA:124,2
DA:130,2
DA:132,25
DA:133,39
DA:134,39
DA:137,38
DA:140,39
DA:143,39
DA:146,39
DA:149,39
DA:150,39
DA:152,22
DA:153,22
DA:156,25
DA:158,25
DA:159,55
DA:161,55
DA:162,55
DA:163,25
DA:164,55
DA:165,55
DA:167,55
DA:168,1
DA:169,1
DA:170,55
DA:172,55
DA:173,1
DA:174,1
DA:175,3
DA:176,3
DA:177,1
DA:178,1
DA:179,55
DA:181,55
DA:182,1
DA:183,1
DA:184,2
DA:185,2
DA:186,1
DA:187,55
DA:189,55
DA:190,55
DA:191,55
DA:192,55
DA:193,55
DA:194,55
DA:195,55
DA:196,55
DA:197,55
DA:198,55
DA:200,39
DA:201,39
DA:202,39
DA:203,39
DA:204,39
DA:205,39
DA:208,39
DA:209,39
DA:214,39
DA:215,39
DA:216,39
DA:217,39
DA:220,39
DA:221,37
DA:222,37
DA:223,37
DA:224,37
DA:225,37
DA:226,37
DA:227,37
DA:228,39
DA:230,1
DA:233,38
DA:241,39
DA:242,39
DA:243,39
DA:244,39
DA:245,39
DA:246,39
DA:247,39
DA:248,39
DA:249,39
DA:250,39
DA:251,1
DA:252,1
DA:253,39
LF:140
LH:140
BRDA:48,0,0,55
BRDA:65,1,0,49
BRDA:56,2,0,183
BRDA:75,3,0,23
BRDA:76,4,0,17
BRDA:76,5,0,6
BRDA:78,6,0,3
BRDA:82,7,0,19
BRDA:83,8,0,17
BRDA:83,9,0,2
BRDA:88,10,0,17
BRDA:89,11,0,16
BRDA:89,12,0,1
BRDA:89,13,0,16
BRDA:97,14,0,14
BRDA:99,15,0,2
BRDA:100,16,0,1
BRDA:100,17,0,1
BRDA:101,18,0,16
BRDA:107,19,0,19
BRDA:108,20,0,17
BRDA:114,21,0,25
BRDA:122,22,0,2
BRDA:127,23,0,1
BRDA:132,24,0,39
BRDA:134,25,0,1
BRDA:134,26,0,38
BRDA:137,27,0,8
BRDA:137,28,0,30
BRDA:140,29,0,5
BRDA:140,30,0,3
BRDA:140,31,0,27
BRDA:143,32,0,4
BRDA:143,33,0,1
BRDA:143,34,0,26
BRDA:146,35,0,3
BRDA:146,36,0,3
BRDA:146,37,0,23
BRDA:149,38,0,3
BRDA:150,39,0,1
BRDA:150,40,0,22
BRDA:156,41,0,7
BRDA:162,42,0,25
BRDA:163,43,0,15
BRDA:163,44,0,10
BRDA:167,45,0,1
BRDA:169,46,0,1
BRDA:172,47,0,1
BRDA:174,48,0,3
BRDA:178,49,0,1
BRDA:181,50,0,1
BRDA:183,51,0,2
BRDA:200,52,0,39
BRDA:208,53,0,38
BRDA:209,54,0,38
BRDA:211,55,0,1
BRDA:211,56,0,1
BRDA:219,57,0,1
BRDA:219,58,0,1
BRDA:219,59,0,1
BRDA:220,60,0,37
BRDA:228,61,0,1
BRDA:230,62,0,38
BRDA:235,63,0,1
BRDA:235,64,0,1
BRDA:239,65,0,1
BRDA:250,66,0,1
BRF:67
BRH:67
end_of_record
TN:
SF:src/hooks/useNotes.ts
FN:51,useNotes
FN:118,collect
FNF:2
FNH:2
FNDA:122,useNotes
FNDA:14,collect
DA:1,1
DA:51,1
DA:52,122
DA:53,122
DA:54,122
DA:55,122
DA:56,122
DA:57,122
DA:58,122
DA:59,122
DA:60,122
DA:61,122
DA:63,122
DA:65,122
DA:66,37
DA:68,36
DA:69,36
DA:71,36
DA:72,37
DA:73,37
DA:75,37
DA:77,33
DA:78,37
DA:79,2
DA:80,2
DA:81,37
DA:82,31
DA:83,29
DA:86,31
DA:87,31
DA:88,37
DA:89,5
DA:90,37
DA:91,36
DA:92,36
DA:93,122
DA:94,122
DA:95,122
DA:96,122
DA:97,122
DA:98,122
DA:99,122
DA:100,122
DA:101,122
DA:104,122
DA:105,30
DA:106,19
DA:107,19
DA:108,122
DA:111,122
DA:112,23
DA:113,1
DA:114,122
DA:116,122
DA:117,30
DA:118,30
DA:119,14
DA:122,14
DA:123,14
DA:125,30
DA:126,30
DA:128,30
DA:129,122
DA:131,122
DA:132,122
DA:133,122
DA:134,122
DA:135,122
DA:138,122
DA:139,22
DA:140,2
DA:141,2
DA:147,122
DA:150,122
DA:151,26
DA:152,5
DA:153,122
DA:157,122
DA:158,122
DA:159,6
DA:160,6
DA:161,2
DA:162,1
DA:163,1
DA:164,1
DA:165,1
DA:171,1
DA:172,1
DA:173,1
DA:174,6
DA:175,6
DA:176,122
DA:177,122
DA:180,122
DA:181,30
DA:182,30
DA:183,30
DA:185,30
DA:186,4
DA:187,4
DA:189,30
DA:190,2
DA:191,2
DA:192,2
DA:194,30
DA:195,122
DA:197,122
DA:198,24
DA:199,24
DA:200,24
DA:202,24
DA:203,2
DA:204,2
DA:206,24
DA:207,1
DA:208,1
DA:209,1
DA:211,24
DA:212,122
DA:213,122
DA:214,122
DA:215,122
DA:216,122
DA:217,122
DA:218,122
DA:220,122
DA:221,122
DA:222,122
DA:223,122
DA:224,122
DA:225,122
DA:226,122
DA:227,122
DA:228,122
DA:229,122
LF:135
LH:135
BRDA:51,0,0,122
BRDA:96,1,0,70
BRDA:97,2,0,70
BRDA:147,3,0,70
BRDA:153,4,0,70
BRDA:55,5,0,549
BRDA:56,6,0,549
BRDA:57,7,0,549
BRDA:59,8,0,549
BRDA:65,9,0,37
BRDA:66,10,0,36
BRDA:66,11,0,1
BRDA:66,12,0,36
BRDA:72,13,0,20
BRDA:75,14,0,33
BRDA:78,15,0,20
BRDA:78,16,0,2
BRDA:81,17,0,31
BRDA:82,18,0,29
BRDA:88,19,0,5
BRDA:89,20,0,4
BRDA:89,21,0,1
BRDA:90,22,0,36
BRDA:104,23,0,30
BRDA:105,24,0,28
BRDA:105,25,0,19
BRDA:111,26,0,23
BRDA:112,27,0,21
BRDA:112,28,0,22
BRDA:112,29,0,1
BRDA:116,30,0,30
BRDA:118,31,0,14
BRDA:121,32,0,1
BRDA:138,33,0,22
BRDA:139,34,0,10
BRDA:139,35,0,20
BRDA:139,36,0,2
BRDA:144,37,0,1
BRDA:150,38,0,26
BRDA:151,39,0,14
BRDA:151,40,0,5
BRDA:151,41,0,21
BRDA:151,42,0,5
BRDA:158,43,0,6
BRDA:160,44,0,2
BRDA:161,45,0,1
BRDA:168,46,0,1
BRDA:180,47,0,30
BRDA:185,48,0,4
BRDA:189,49,0,2
BRDA:182,50,0,12
BRDA:191,51,0,1
BRDA:197,52,0,24
BRDA:202,53,0,2
BRDA:206,54,0,1
BRDA:199,55,0,2
BRF:56
BRH:56
end_of_record
TN:
SF:src/hooks/useSend.ts
FN:68,useSend
FN:337,extractFullNote
FNF:2
FNH:2
FNDA:58,useSend
FNDA:11,extractFullNote
DA:1,1
DA:68,1
DA:69,58
DA:70,58
DA:71,58
DA:73,58
DA:74,58
DA:75,58
DA:76,58
DA:78,58
DA:79,58
DA:80,27
DA:81,1
DA:82,1
DA:84,27
DA:85,1
DA:86,1
DA:87,1
DA:88,1
DA:89,1
DA:91,25
DA:92,25
DA:93,25
DA:94,25
DA:96,25
DA:98,27
DA:99,24
DA:100,24
DA:102,27
DA:105,27
DA:106,27
DA:107,3
DA:108,3
DA:109,3
DA:112,3
DA:113,3
DA:114,3
DA:115,1
DA:116,1
DA:117,2
DA:118,3
DA:119,1
DA:120,1
DA:121,1
DA:122,3
DA:123,1
DA:124,1
DA:126,27
DA:127,1
DA:128,1
DA:129,22
DA:131,22
DA:132,22
DA:133,1
DA:134,1
DA:135,27
DA:136,1
DA:137,1
DA:140,21
DA:141,27
DA:143,27
DA:144,27
DA:145,2
DA:146,27
DA:147,1
DA:148,1
DA:149,1
DA:150,1
DA:153,27
DA:154,2
DA:155,2
DA:156,2
DA:157,2
DA:159,2
DA:160,2
DA:161,2
DA:162,2
DA:163,2
DA:164,2
DA:165,2
DA:166,2
DA:167,2
DA:168,2
DA:172,2
DA:173,2
DA:174,2
DA:175,2
DA:176,2
DA:178,2
DA:179,2
DA:180,1
DA:181,1
DA:182,1
DA:183,1
DA:184,1
DA:185,1
DA:187,1
DA:188,2
DA:190,2
DA:191,2
DA:192,2
DA:194,2
DA:195,2
DA:198,18
DA:202,18
DA:203,18
DA:204,18
DA:206,18
DA:208,18
DA:210,1
DA:211,1
DA:212,1
DA:213,1
DA:214,1
DA:215,1
DA:216,1
DA:217,1
DA:218,1
DA:219,1
DA:220,1
DA:221,1
DA:222,1
DA:223,1
DA:224,18
DA:225,17
DA:226,17
DA:227,17
DA:228,17
DA:229,17
DA:230,17
DA:231,17
DA:232,17
DA:233,17
DA:234,17
DA:238,17
DA:239,17
DA:240,18
DA:242,15
DA:243,15
DA:244,15
DA:245,15
DA:246,15
DA:247,15
DA:248,1
DA:249,14
DA:250,15
DA:251,15
DA:252,15
DA:254,15
DA:255,15
DA:256,15
DA:257,15
DA:261,15
DA:262,15
DA:266,15
DA:267,27
DA:268,11
DA:269,11
DA:271,15
DA:272,15
DA:273,15
DA:275,27
DA:276,11
DA:277,1
DA:278,1
DA:280,10
DA:281,10
DA:282,10
DA:283,10
DA:284,10
DA:288,10
DA:289,10
DA:290,10
DA:291,10
DA:292,10
DA:293,10
DA:295,14
DA:296,14
DA:297,14
DA:298,14
DA:300,14
DA:301,14
DA:303,14
DA:305,14
DA:306,27
DA:307,9
DA:308,9
DA:309,9
DA:310,9
DA:313,25
DA:314,25
DA:315,25
DA:316,27
DA:317,58
DA:318,58
DA:320,58
DA:321,2
DA:322,2
DA:323,2
DA:324,2
DA:325,58
DA:327,58
DA:328,58
DA:329,58
DA:330,58
DA:331,58
DA:332,58
DA:333,58
DA:334,58
DA:335,58
DA:337,11
DA:338,11
DA:354,11
LF:213
LH:213
BRDA:68,0,0,58
BRDA:79,1,0,27
BRDA:80,2,0,26
BRDA:80,3,0,1
BRDA:82,4,0,26
BRDA:84,5,0,1
BRDA:89,6,0,25
BRDA:98,7,0,24
BRDA:100,8,0,25
BRDA:102,9,0,18
BRDA:106,10,0,3
BRDA:122,11,0,1
BRDA:124,12,0,23
BRDA:126,13,0,22
BRDA:126,14,0,1
BRDA:128,15,0,22
BRDA:132,16,0,1
BRDA:133,17,0,1
BRDA:135,18,0,1
BRDA:137,19,0,21
BRDA:141,20,0,2
BRDA:144,21,0,2
BRDA:145,22,0,1
BRDA:146,23,0,1
BRDA:150,24,0,20
BRDA:153,25,0,2
BRDA:195,26,0,18
BRDA:240,27,0,15
BRDA:267,28,0,11
BRDA:269,29,0,15
BRDA:275,30,0,11
BRDA:276,31,0,1
BRDA:278,32,0,10
BRDA:293,33,0,14
BRDA:306,34,0,9
BRDA:307,35,0,8
BRDA:307,36,0,1
BRDA:312,37,0,1
BRDA:312,38,0,1
BRDA:107,39,0,3
BRDA:111,40,0,1
BRDA:114,41,0,1
BRDA:116,42,0,2
BRDA:118,43,0,1
BRDA:154,44,0,2
BRDA:179,45,0,1
BRDA:185,46,0,1
BRDA:198,47,0,18
BRDA:208,48,0,1
BRDA:224,49,0,17
BRDA:231,50,0,16
BRDA:232,51,0,16
BRDA:245,52,0,15
BRDA:246,53,0,15
BRDA:247,54,0,1
BRDA:248,55,0,14
BRDA:255,56,0,15
BRDA:271,57,0,15
BRDA:290,58,0,10
BRDA:320,59,0,2
BRDA:337,60,0,11
BRDA:348,61,0,1
BRDA:348,62,0,1
BRDA:348,63,0,1
BRDA:350,64,0,1
BRDA:350,65,0,1
BRDA:351,66,0,1
BRF:67
BRH:67
end_of_record
TN:
SF:src/hooks/useSessionAccount.ts
FN:47,useSessionAccount
FN:210,getStorageMode
FN:235,waitAndConsume
FNF:3
FNH:3
FNDA:30,useSessionAccount
FNDA:9,getStorageMode
FNDA:6,waitAndConsume
DA:1,1
DA:47,1
DA:48,30
DA:49,30
DA:50,30
DA:51,30
DA:53,30
DA:54,30
DA:55,30
DA:56,30
DA:57,30
DA:59,30
DA:60,30
DA:61,30
DA:64,30
DA:65,30
DA:66,30
DA:67,30
DA:68,30
DA:72,30
DA:73,30
DA:76,30
DA:77,16
DA:78,16
DA:79,16
DA:80,16
DA:82,5
DA:83,5
DA:84,5
DA:85,5
DA:86,3
DA:87,3
DA:88,5
DA:89,16
DA:91,1
DA:92,1
DA:93,1
DA:94,30
DA:96,30
DA:97,11
DA:98,1
DA:99,1
DA:101,11
DA:102,1
DA:103,1
DA:104,1
DA:105,1
DA:106,1
DA:108,9
DA:109,9
DA:110,9
DA:112,9
DA:114,9
DA:116,9
DA:117,9
DA:119,9
DA:121,9
DA:122,9
DA:123,9
DA:124,9
DA:125,9
DA:126,8
DA:127,8
DA:128,8
DA:133,8
DA:134,8
DA:135,8
DA:136,8
DA:140,8
DA:143,8
DA:144,8
DA:146,7
DA:149,6
DA:150,6
DA:151,6
DA:152,6
DA:153,6
DA:154,6
DA:155,6
DA:156,6
DA:162,4
DA:163,4
DA:165,4
DA:166,4
DA:167,4
DA:168,4
DA:169,4
DA:170,4
DA:171,4
DA:172,4
DA:173,11
DA:174,9
DA:175,9
DA:176,30
DA:177,30
DA:178,30
DA:179,30
DA:180,30
DA:181,30
DA:182,30
DA:183,30
DA:184,30
DA:185,30
DA:186,30
DA:187,30
DA:188,30
DA:190,30
DA:191,2
DA:192,2
DA:193,2
DA:194,2
DA:195,2
DA:196,2
DA:197,2
DA:198,30
DA:200,30
DA:201,30
DA:202,30
DA:203,30
DA:204,30
DA:205,30
DA:206,30
DA:207,30
DA:208,30
DA:210,9
DA:211,9
DA:212,9
DA:213,9
DA:214,9
DA:215,1
DA:216,9
DA:217,7
DA:218,9
DA:219,1
DA:220,9
DA:221,9
DA:235,6
DA:236,6
DA:237,6
DA:238,6
DA:239,6
DA:240,6
DA:241,6
DA:242,6
DA:244,6
DA:248,8
DA:253,8
DA:254,8
DA:255,8
DA:256,4
DA:257,4
DA:258,4
DA:259,4
DA:260,4
DA:261,4
DA:263,4
DA:264,4
DA:266,2
DA:267,2
LF:159
LH:159
BRDA:47,0,0,30
BRDA:59,1,0,28
BRDA:60,2,0,16
BRDA:61,3,0,22
BRDA:64,4,0,4
BRDA:64,5,0,26
BRDA:65,6,0,4
BRDA:67,7,0,4
BRDA:51,8,0,97
BRDA:76,9,0,16
BRDA:80,10,0,5
BRDA:80,11,0,5
BRDA:83,12,0,4
BRDA:85,13,0,3
BRDA:89,14,0,1
BRDA:96,15,0,11
BRDA:97,16,0,10
BRDA:97,17,0,1
BRDA:99,18,0,10
BRDA:101,19,0,1
BRDA:106,20,0,9
BRDA:125,21,0,8
BRDA:131,22,0,1
BRDA:131,23,0,1
BRDA:136,24,0,8
BRDA:144,25,0,7
BRDA:146,26,0,1
BRDA:146,27,0,6
BRDA:156,28,0,4
BRDA:159,29,0,1
BRDA:159,30,0,1
BRDA:168,31,0,3
BRDA:168,32,0,1
BRDA:173,33,0,9
BRDA:190,34,0,2
BRDA:210,35,0,9
BRDA:214,36,0,1
BRDA:216,37,0,7
BRDA:218,38,0,1
BRDA:235,39,0,6
BRDA:244,40,0,8
BRDA:246,41,0,1
BRDA:251,42,0,1
BRDA:255,43,0,4
BRDA:264,44,0,2
BRDA:256,45,0,4
BRDA:263,46,0,4
BRF:47
BRH:47
end_of_record
TN:
SF:src/hooks/useSwap.ts
FN:59,useSwap
FNF:1
FNH:1
FNDA:35,useSwap
DA:1,1
DA:59,1
DA:60,35
DA:61,35
DA:63,35
DA:64,35
DA:65,35
DA:66,35
DA:68,35
DA:69,35
DA:70,16
DA:71,1
DA:72,1
DA:74,15
DA:75,15
DA:76,15
DA:78,15
DA:79,16
DA:80,16
DA:81,16
DA:82,16
DA:85,16
DA:86,16
DA:87,16
DA:89,16
DA:90,16
DA:91,15
DA:92,15
DA:93,15
DA:94,15
DA:95,15
DA:96,15
DA:97,15
DA:98,15
DA:99,15
DA:101,15
DA:102,1
DA:103,1
DA:104,1
DA:105,1
DA:106,1
DA:107,12
DA:109,9
DA:110,16
DA:112,10
DA:113,10
DA:115,10
DA:117,10
DA:118,16
DA:119,5
DA:120,5
DA:121,5
DA:122,5
DA:125,15
DA:126,15
DA:127,16
DA:128,35
DA:129,35
DA:131,35
DA:132,2
DA:133,2
DA:134,2
DA:135,2
DA:136,35
DA:138,35
DA:139,35
DA:140,35
DA:141,35
DA:142,35
DA:143,35
DA:144,35
DA:145,35
DA:146,35
LF:73
LH:73
BRDA:59,0,0,35
BRDA:69,1,0,16
BRDA:70,2,0,15
BRDA:70,3,0,1
BRDA:72,4,0,15
BRDA:79,5,0,12
BRDA:81,6,0,12
BRDA:110,7,0,10
BRDA:118,8,0,5
BRDA:119,9,0,4
BRDA:119,10,0,1
BRDA:124,11,0,1
BRDA:124,12,0,1
BRDA:90,13,0,15
BRDA:101,14,0,1
BRDA:106,15,0,12
BRDA:107,16,0,9
BRDA:131,17,0,2
BRF:18
BRH:18
end_of_record
TN:
SF:src/hooks/useSyncControl.ts
FN:32,useSyncControl
FNF:1
FNH:1
FNDA:12,useSyncControl
DA:1,1
DA:32,1
DA:33,12
DA:34,12
DA:36,12
DA:37,12
DA:39,12
DA:40,12
DA:41,12
DA:42,12
DA:43,12
DA:44,12
LF:12
LH:12
BRDA:32,0,0,12
BRDA:33,1,0,43
BRDA:34,2,0,43
BRDA:36,3,0,4
BRDA:37,4,0,2
BRF:5
BRH:5
end_of_record
TN:
SF:src/hooks/useSyncState.ts
FN:30,useSyncState
FNF:1
FNH:1
FNDA:18,useSyncState
DA:1,1
DA:30,1
DA:31,18
DA:32,18
DA:34,18
DA:35,2
DA:36,18
DA:38,18
DA:39,18
DA:40,18
DA:41,18
DA:42,18
LF:12
LH:12
BRDA:30,0,0,18
BRDA:34,1,0,2
BRDA:35,2,0,1
BRF:3
BRH:3
end_of_record
TN:
SF:src/hooks/useTransaction.ts
FN:78,useTransaction
FN:196,resolveRequest
FNF:2
FNH:2
FNDA:32,useTransaction
FNDA:13,resolveRequest
DA:1,1
DA:78,1
DA:79,32
DA:80,32
DA:81,32
DA:83,32
DA:84,32
DA:85,32
DA:86,32
DA:88,32
DA:89,32
DA:90,15
DA:91,1
DA:92,1
DA:94,15
DA:95,1
DA:96,1
DA:97,1
DA:98,1
DA:99,1
DA:101,13
DA:102,13
DA:103,13
DA:104,13
DA:106,13
DA:108,15
DA:109,12
DA:110,12
DA:114,13
DA:117,13
DA:118,13
DA:119,13
DA:120,13
DA:123,10
DA:124,10
DA:125,10
DA:126,10
DA:127,10
DA:128,10
DA:129,1
DA:130,9
DA:131,10
DA:132,10
DA:133,10
DA:136,10
DA:137,10
DA:138,10
DA:139,10
DA:142,10
DA:143,10
DA:144,10
DA:147,10
DA:148,15
DA:149,2
DA:151,2
DA:152,2
DA:153,2
DA:154,1
DA:155,1
DA:156,1
DA:157,1
DA:158,2
DA:160,10
DA:161,10
DA:162,10
DA:163,10
DA:164,10
DA:165,15
DA:166,3
DA:167,3
DA:168,3
DA:169,3
DA:172,13
DA:173,13
DA:174,13
DA:175,15
DA:176,32
DA:177,32
DA:179,32
DA:180,1
DA:181,1
DA:182,1
DA:183,1
DA:184,32
DA:186,32
DA:187,32
DA:188,32
DA:189,32
DA:190,32
DA:191,32
DA:192,32
DA:193,32
DA:194,32
DA:196,13
DA:197,13
DA:198,13
DA:199,13
DA:200,13
DA:201,1
DA:202,1
DA:203,12
DA:204,12
LF:102
LH:102
BRDA:78,0,0,32
BRDA:89,1,0,15
BRDA:90,2,0,14
BRDA:90,3,0,1
BRDA:92,4,0,14
BRDA:94,5,0,1
BRDA:99,6,0,13
BRDA:108,7,0,12
BRDA:110,8,0,13
BRDA:120,9,0,10
BRDA:148,10,0,2
BRDA:153,11,0,1
BRDA:158,12,0,10
BRDA:165,13,0,3
BRDA:166,14,0,2
BRDA:166,15,0,1
BRDA:171,16,0,1
BRDA:171,17,0,1
BRDA:117,18,0,13
BRDA:126,19,0,10
BRDA:127,20,0,10
BRDA:128,21,0,1
BRDA:129,22,0,9
BRDA:137,23,0,10
BRDA:142,24,0,10
BRDA:154,25,0,1
BRDA:179,26,0,1
BRDA:196,27,0,13
BRDA:200,28,0,1
BRDA:202,29,0,12
BRF:30
BRH:30
end_of_record
TN:
SF:src/hooks/useTransactionHistory.ts
FN:35,useTransactionHistory
FN:131,buildFilter
FN:156,normalizeHex
FNF:3
FNH:3
FNDA:144,useTransactionHistory
FNDA:83,buildFilter
FNDA:315,normalizeHex
DA:1,1
DA:35,1
DA:36,144
DA:37,144
DA:38,144
DA:39,144
DA:41,144
DA:42,144
DA:43,144
DA:45,144
DA:46,119
DA:47,119
DA:48,8
DA:49,144
DA:51,144
DA:52,119
DA:53,111
DA:54,111
DA:55,111
DA:56,144
DA:58,144
DA:59,144
DA:61,144
DA:62,84
DA:64,83
DA:65,83
DA:67,83
DA:68,83
DA:69,83
DA:70,83
DA:71,83
DA:72,83
DA:73,83
DA:74,81
DA:75,72
DA:76,102
DA:77,72
DA:78,9
DA:79,84
DA:80,84
DA:81,2
DA:82,84
DA:83,83
DA:84,83
DA:85,144
DA:87,144
DA:88,84
DA:89,82
DA:90,144
DA:92,144
DA:93,86
DA:94,1
DA:95,144
DA:97,144
DA:98,127
DA:99,114
DA:100,114
DA:101,12
DA:103,144
DA:105,144
DA:106,20
DA:107,6
DA:108,20
DA:109,20
DA:110,20
DA:111,1
DA:112,144
DA:114,144
DA:115,144
DA:116,144
DA:117,144
DA:118,144
DA:119,144
DA:120,144
DA:121,144
DA:122,144
DA:131,83
DA:132,83
DA:133,83
DA:134,83
DA:135,83
DA:136,83
DA:137,1
DA:138,1
DA:140,83
DA:141,7
DA:142,7
DA:144,75
DA:145,83
DA:146,3
DA:147,3
DA:149,72
DA:150,72
DA:153,83
DA:154,83
DA:156,315
DA:157,315
DA:158,315
DA:159,315
DA:160,198
DA:161,117
DA:162,315
DA:163,315
LF:103
LH:103
BRDA:35,0,0,144
BRDA:45,1,0,119
BRDA:46,2,0,3
BRDA:46,3,0,116
BRDA:47,4,0,108
BRDA:47,5,0,108
BRDA:47,6,0,8
BRDA:51,7,0,119
BRDA:52,8,0,8
BRDA:52,9,0,111
BRDA:53,10,0,111
BRDA:54,11,0,108
BRDA:54,12,0,3
BRDA:61,13,0,84
BRDA:62,14,0,83
BRDA:62,15,0,1
BRDA:62,16,0,83
BRDA:73,17,0,81
BRDA:74,18,0,72
BRDA:77,19,0,9
BRDA:80,20,0,2
BRDA:81,21,0,1
BRDA:81,22,0,1
BRDA:82,23,0,83
BRDA:75,24,0,102
BRDA:87,25,0,84
BRDA:88,26,0,2
BRDA:88,27,0,82
BRDA:92,28,0,86
BRDA:93,29,0,84
BRDA:93,30,0,82
BRDA:93,31,0,85
BRDA:93,32,0,1
BRDA:97,33,0,127
BRDA:98,34,0,114
BRDA:98,35,0,13
BRDA:98,36,0,114
BRDA:100,37,0,12
BRDA:100,38,0,102
BRDA:105,39,0,20
BRDA:106,40,0,14
BRDA:106,41,0,6
BRDA:108,42,0,3
BRDA:109,43,0,1
BRDA:109,44,0,2
BRDA:110,45,0,1
BRDA:131,46,0,83
BRDA:136,47,0,1
BRDA:138,48,0,82
BRDA:140,49,0,75
BRDA:140,50,0,7
BRDA:142,51,0,75
BRDA:145,52,0,3
BRDA:147,53,0,72
BRDA:152,54,0,1
BRDA:144,55,0,75
BRDA:156,56,0,315
BRDA:159,57,0,117
BRDA:159,58,0,198
BRDA:160,59,0,117
BRF:60
BRH:60
end_of_record
TN:
SF:src/hooks/useWaitForCommit.ts
FN:29,useWaitForCommit
FN:81,normalizeHex
FNF:2
FNH:2
FNDA:8,useWaitForCommit
FNDA:15,normalizeHex
DA:1,1
DA:29,1
DA:30,8
DA:32,8
DA:33,8
DA:34,8
DA:35,1
DA:36,1
DA:38,8
DA:39,8
DA:40,8
DA:41,8
DA:42,8
DA:43,8
DA:45,8
DA:46,12
DA:48,12
DA:49,12
DA:50,12
DA:51,12
DA:52,11
DA:53,1
DA:54,12
DA:56,12
DA:57,12
DA:58,12
DA:60,12
DA:61,8
DA:62,8
DA:63,5
DA:64,5
DA:65,8
DA:66,1
DA:67,1
DA:68,8
DA:70,6
DA:71,6
DA:73,1
DA:74,8
DA:75,8
DA:76,8
DA:78,8
DA:79,8
DA:81,15
DA:82,15
DA:83,15
DA:84,15
DA:85,13
DA:86,2
DA:87,15
DA:88,15
LF:51
LH:51
BRDA:29,0,0,8
BRDA:33,1,0,8
BRDA:34,2,0,7
BRDA:34,3,0,1
BRDA:36,4,0,7
BRDA:38,5,0,6
BRDA:38,6,0,1
BRDA:39,7,0,6
BRDA:39,8,0,1
BRDA:41,9,0,6
BRDA:41,10,0,1
BRDA:45,11,0,12
BRDA:51,12,0,11
BRDA:52,13,0,1
BRDA:60,14,0,8
BRDA:62,15,0,5
BRDA:64,16,0,3
BRDA:65,17,0,1
BRDA:68,18,0,6
BRDA:71,19,0,1
BRDA:57,20,0,8
BRDA:70,21,0,6
BRDA:81,22,0,15
BRDA:84,23,0,2
BRDA:84,24,0,13
BRDA:85,25,0,2
BRF:26
BRH:26
end_of_record
TN:
SF:src/hooks/useWaitForNotes.ts
FN:20,useWaitForNotes
FNF:1
FNH:1
FNDA:4,useWaitForNotes
DA:1,1
DA:20,1
DA:21,4
DA:22,4
DA:24,4
DA:25,4
DA:26,4
DA:27,1
DA:28,1
DA:30,4
DA:31,4
DA:32,4
DA:33,4
DA:35,4
DA:37,4
DA:38,8
DA:39,8
DA:40,8
DA:41,8
DA:42,8
DA:43,8
DA:44,8
DA:45,2
DA:46,2
DA:48,6
DA:49,6
DA:50,6
DA:52,1
DA:53,4
DA:54,4
DA:55,4
DA:57,4
DA:58,4
LF:33
LH:33
BRDA:20,0,0,4
BRDA:25,1,0,4
BRDA:26,2,0,3
BRDA:26,3,0,1
BRDA:28,4,0,3
BRDA:30,5,0,1
BRDA:31,6,0,1
BRDA:32,7,0,3
BRDA:37,8,0,8
BRDA:44,9,0,2
BRDA:46,10,0,6
BRDA:50,11,0,1
BRDA:38,12,0,8
BRDA:41,13,0,8
BRDA:48,14,0,6
BRF:15
BRH:15
end_of_record
TN:
SF:src/store/MidenStore.ts
FN:73,freshCachedState
FN:91,freshState
FN:107,setClient
FN:115,setInitializing
FN:117,setInitError
FN:124,setConfig
FN:126,setSignerConnected
FN:128,setSyncState
FN:133,setSyncPaused
FN:135,setAccounts
FN:137,setAccountDetails
FN:144,setNotes
FN:159,setNotesIfChanged
FN:161,safeId
FN:199,setConsumableNotes
FN:201,setConsumableNotesIfChanged
FN:203,safeId
FN:229,setAssetMetadata
FN:236,setLoadingAccounts
FN:238,setLoadingNotes
FN:240,resetInMemoryState
FN:242,reset
FN:246,useClient
FN:247,useIsReady
FN:248,useSignerConnected
FN:250,useIsInitializing
FN:252,useInitError
FN:253,useConfig
FN:254,useSyncStateStore
FN:255,useAccountsStore
FN:256,useNotesStore
FN:257,useConsumableNotesStore
FN:259,useAssetMetadataStore
FN:261,useNoteFirstSeenStore
FNF:34
FNH:34
FNDA:392,freshCachedState
FNDA:390,freshState
FNDA:62,setClient
FNDA:27,setInitializing
FNDA:8,setInitError
FNDA:28,setConfig
FNDA:19,setSignerConnected
FNDA:51,setSyncState
FNDA:10,setSyncPaused
FNDA:72,setAccounts
FNDA:20,setAccountDetails
FNDA:28,setNotes
FNDA:49,setNotesIfChanged
FNDA:91,safeId
FNDA:5,setConsumableNotes
FNDA:34,setConsumableNotesIfChanged
FNDA:12,safeId
FNDA:4,setAssetMetadata
FNDA:17,setLoadingAccounts
FNDA:74,setLoadingNotes
FNDA:2,resetInMemoryState
FNDA:364,reset
FNDA:1,useClient
FNDA:2,useIsReady
FNDA:1,useSignerConnected
FNDA:1,useIsInitializing
FNDA:1,useInitError
FNDA:1,useConfig
FNDA:390,useSyncStateStore
FNDA:18,useAccountsStore
FNDA:178,useNotesStore
FNDA:123,useConsumableNotesStore
FNDA:173,useAssetMetadataStore
FNDA:56,useNoteFirstSeenStore
DA:1,1
DA:66,1
DA:67,1
DA:68,1
DA:69,1
DA:70,1
DA:71,1
DA:73,392
DA:74,392
DA:75,392
DA:77,392
DA:79,392
DA:80,392
DA:81,392
DA:82,392
DA:83,392
DA:84,392
DA:86,392
DA:87,392
DA:88,392
DA:89,392
DA:91,390
DA:92,390
DA:93,390
DA:94,390
DA:95,390
DA:96,390
DA:97,390
DA:98,390
DA:100,390
DA:101,390
DA:102,390
DA:104,1
DA:105,26
DA:107,26
DA:108,62
DA:109,62
DA:110,62
DA:111,62
DA:112,62
DA:113,62
DA:115,26
DA:117,26
DA:118,8
DA:119,8
DA:120,8
DA:121,8
DA:122,8
DA:124,26
DA:126,26
DA:128,26
DA:129,51
DA:130,51
DA:131,51
DA:133,26
DA:135,26
DA:137,26
DA:138,20
DA:139,20
DA:140,20
DA:141,20
DA:142,20
DA:144,26
DA:145,28
DA:146,28
DA:147,28
DA:148,28
DA:149,49
DA:150,49
DA:151,49
DA:152,49
DA:154,1
DA:155,49
DA:156,28
DA:157,28
DA:159,26
DA:160,49
DA:161,49
DA:162,91
DA:163,91
DA:164,91
DA:165,2
DA:166,2
DA:167,91
DA:168,49
DA:169,49
DA:170,40
DA:171,40
DA:172,40
DA:173,49
DA:174,49
DA:175,51
DA:176,51
DA:177,51
DA:178,49
DA:179,49
DA:180,38
DA:181,49
DA:182,38
DA:183,38
DA:184,11
DA:185,11
DA:186,35
DA:187,16
DA:188,16
DA:190,16
DA:195,16
DA:196,11
DA:197,49
DA:199,26
DA:201,26
DA:202,34
DA:203,34
DA:204,12
DA:205,12
DA:206,12
DA:207,1
DA:208,1
DA:209,12
DA:210,34
DA:211,34
DA:212,4
DA:213,4
DA:214,4
DA:215,34
DA:216,34
DA:217,8
DA:218,8
DA:219,8
DA:220,34
DA:221,34
DA:222,31
DA:223,34
DA:224,30
DA:225,30
DA:226,4
DA:227,34
DA:229,26
DA:230,4
DA:231,4
DA:232,4
DA:233,4
DA:234,4
DA:236,26
DA:238,26
DA:240,26
DA:242,26
DA:243,1
DA:246,1
DA:247,1
DA:248,1
DA:249,1
DA:250,1
DA:251,1
DA:252,1
DA:253,1
DA:254,1
DA:255,1
DA:256,1
DA:257,1
DA:258,123
DA:259,1
DA:260,173
DA:261,1
DA:262,56
LF:165
LH:165
BRDA:73,0,0,392
BRDA:91,1,0,390
BRDA:104,2,0,26
BRDA:107,3,0,62
BRDA:115,4,0,27
BRDA:117,5,0,8
BRDA:124,6,0,28
BRDA:126,7,0,19
BRDA:128,8,0,51
BRDA:129,9,0,51
BRDA:133,10,0,10
BRDA:135,11,0,72
BRDA:137,12,0,20
BRDA:138,13,0,20
BRDA:144,14,0,28
BRDA:145,15,0,28
BRDA:148,16,0,49
BRDA:151,17,0,41
BRDA:152,18,0,1
BRDA:159,19,0,49
BRDA:160,20,0,49
BRDA:169,21,0,40
BRDA:171,22,0,39
BRDA:174,23,0,51
BRDA:176,24,0,50
BRDA:179,25,0,38
BRDA:181,26,0,38
BRDA:183,27,0,35
BRDA:183,28,0,11
BRDA:186,29,0,16
BRDA:190,30,0,12
BRDA:192,31,0,1
BRDA:195,32,0,11
BRDA:161,33,0,91
BRDA:164,34,0,2
BRDA:180,35,0,34
BRDA:199,36,0,5
BRDA:201,37,0,34
BRDA:202,38,0,34
BRDA:211,39,0,4
BRDA:216,40,0,8
BRDA:218,41,0,7
BRDA:221,42,0,31
BRDA:223,43,0,30
BRDA:225,44,0,4
BRDA:203,45,0,12
BRDA:206,46,0,1
BRDA:222,47,0,3
BRDA:229,48,0,4
BRDA:230,49,0,4
BRDA:236,50,0,17
BRDA:238,51,0,74
BRDA:240,52,0,2
BRDA:242,53,0,364
BRDA:246,54,0,1
BRDA:246,55,0,4
BRDA:247,56,0,2
BRDA:247,57,0,7
BRDA:248,58,0,1
BRDA:249,59,0,3
BRDA:250,60,0,1
BRDA:251,61,0,3
BRDA:252,62,0,1
BRDA:252,63,0,3
BRDA:253,64,0,1
BRDA:253,65,0,3
BRDA:254,66,0,390
BRDA:254,67,0,1357
BRDA:255,68,0,18
BRDA:255,69,0,73
BRDA:256,70,0,178
BRDA:256,71,0,735
BRDA:257,72,0,123
BRDA:258,73,0,552
BRDA:259,74,0,173
BRDA:260,75,0,695
BRDA:261,76,0,56
BRDA:262,77,0,186
BRF:78
BRH:78
end_of_record
TN:
SF:src/utils/accountId.ts
FN:8,normalizeAccountId
FN:16,accountIdsEqual
FNF:2
FNH:2
FNDA:8,normalizeAccountId
FNDA:8,accountIdsEqual
DA:1,1
DA:8,1
DA:9,8
DA:10,8
DA:16,1
DA:17,8
DA:18,8
DA:19,8
DA:20,8
DA:21,8
DA:22,8
DA:29,8
DA:30,8
DA:31,8
DA:32,8
LF:15
LH:15
BRDA:8,0,0,8
BRDA:16,1,0,8
BRDA:25,2,0,1
BRDA:27,3,0,1
BRDA:29,4,0,7
BRDA:30,5,0,6
BRF:6
BRH:6
end_of_record
TN:
SF:src/utils/accountParsing.ts
FN:11,normalizeAccountIdInput
FN:14,isBech32Input
FN:17,normalizeHexInput
FN:20,parseAccountIdFromString
FN:32,parseAccountId
FN:48,isFaucetId
FN:73,parseAddress
FNF:7
FNH:7
FNDA:404,normalizeAccountIdInput
FNDA:404,isBech32Input
FNDA:375,normalizeHexInput
FNDA:374,parseAccountIdFromString
FNDA:378,parseAccountId
FNDA:21,isFaucetId
FNDA:32,parseAddress
DA:1,1
DA:11,1
DA:12,404
DA:14,1
DA:15,404
DA:17,1
DA:18,375
DA:20,1
DA:21,374
DA:22,3
DA:23,3
DA:24,3
DA:25,1
DA:26,1
DA:27,3
DA:29,371
DA:30,371
DA:32,1
DA:33,378
DA:34,374
DA:35,374
DA:37,24
DA:38,2
DA:39,2
DA:41,2
DA:42,2
DA:48,1
DA:49,21
DA:50,21
DA:51,21
DA:52,19
DA:53,2
DA:55,21
DA:56,18
DA:57,18
DA:64,20
DA:65,20
DA:67,21
DA:68,21
DA:69,1
DA:70,1
DA:71,21
DA:73,1
DA:74,32
DA:75,32
DA:76,32
DA:77,32
DA:79,2
DA:80,2
DA:81,2
DA:83,30
DA:85,32
DA:86,3
DA:87,3
DA:88,3
DA:89,1
DA:90,1
DA:91,1
DA:92,3
DA:94,27
DA:95,27
DA:96,32
DA:97,32
LF:63
LH:63
BRDA:11,0,0,404
BRDA:14,1,0,404
BRDA:15,2,0,398
BRDA:17,3,0,375
BRDA:18,4,0,7
BRDA:18,5,0,368
BRDA:18,6,0,7
BRDA:20,7,0,374
BRDA:21,8,0,3
BRDA:24,9,0,1
BRDA:27,10,0,371
BRDA:32,11,0,378
BRDA:33,12,0,374
BRDA:35,13,0,24
BRDA:35,14,0,4
BRDA:37,15,0,2
BRDA:48,16,0,21
BRDA:51,17,0,19
BRDA:52,18,0,2
BRDA:55,19,0,2
BRDA:55,20,0,18
BRDA:57,21,0,20
BRDA:67,22,0,16
BRDA:68,23,0,1
BRDA:73,24,0,32
BRDA:77,25,0,2
BRDA:79,26,0,1
BRDA:81,27,0,30
BRDA:85,28,0,3
BRDA:88,29,0,1
BRDA:92,30,0,27
BRDA:95,31,0,4
BRF:32
BRH:32
end_of_record
TN:
SF:src/utils/amounts.ts
FN:1,formatAssetAmount
FN:26,parseAssetAmount
FNF:2
FNH:2
FNDA:17,formatAssetAmount
FNDA:15,parseAssetAmount
DA:1,1
DA:2,17
DA:3,17
DA:4,17
DA:5,17
DA:6,17
DA:7,8
DA:8,8
DA:10,9
DA:11,9
DA:12,9
DA:14,17
DA:15,2
DA:16,2
DA:18,7
DA:19,7
DA:20,7
DA:21,7
DA:23,7
DA:24,7
DA:26,1
DA:27,15
DA:28,15
DA:29,2
DA:30,2
DA:32,15
DA:33,5
DA:34,2
DA:35,2
DA:36,3
DA:37,3
DA:39,8
DA:40,15
DA:41,1
DA:42,1
DA:44,15
DA:45,15
DA:46,1
DA:47,1
DA:49,6
DA:50,6
DA:54,15
LF:42
LH:42
BRDA:1,0,0,17
BRDA:6,1,0,10
BRDA:6,2,0,8
BRDA:8,3,0,9
BRDA:14,4,0,2
BRDA:16,5,0,7
BRDA:26,6,0,15
BRDA:28,7,0,2
BRDA:30,8,0,13
BRDA:32,9,0,8
BRDA:32,10,0,5
BRDA:33,11,0,2
BRDA:35,12,0,3
BRDA:37,13,0,8
BRDA:40,14,0,1
BRDA:42,15,0,7
BRDA:44,16,0,6
BRDA:44,17,0,1
BRDA:45,18,0,1
BRDA:47,19,0,6
BRDA:53,20,0,1
BRF:21
BRH:21
end_of_record
TN:
SF:src/utils/asyncLock.ts
FN:1,AsyncLock
FN:4,runExclusive
FNF:2
FNH:2
FNDA:118,AsyncLock
FNDA:23,runExclusive
DA:1,1
DA:2,118
DA:4,1
DA:5,23
DA:6,23
DA:7,23
DA:8,23
DA:9,23
DA:10,23
DA:11,23
DA:12,1
LF:11
LH:11
BRDA:1,0,0,118
BRDA:4,1,0,23
BRDA:7,2,0,23
BRF:3
BRH:3
end_of_record
TN:
SF:src/utils/bytes.ts
FN:1,bytesToBigInt
FN:9,bigIntToBytes
FN:28,concatBytes
FNF:3
FNH:3
FNDA:7,bytesToBigInt
FNDA:9,bigIntToBytes
FNDA:5,concatBytes
DA:1,1
DA:2,7
DA:3,7
DA:4,30
DA:5,30
DA:6,7
DA:7,7
DA:9,1
DA:10,9
DA:11,2
DA:12,2
DA:13,7
DA:14,9
DA:15,2
DA:16,2
DA:17,2
DA:18,2
DA:19,5
DA:20,5
DA:21,9
DA:22,19
DA:23,19
DA:24,19
DA:25,5
DA:26,5
DA:28,1
DA:29,5
DA:30,5
DA:31,5
DA:32,5
DA:33,9
DA:34,9
DA:35,9
DA:36,5
DA:37,5
LF:35
LH:35
BRDA:1,0,0,7
BRDA:3,1,0,30
BRDA:9,2,0,9
BRDA:10,3,0,2
BRDA:12,4,0,7
BRDA:14,5,0,2
BRDA:18,6,0,5
BRDA:21,7,0,19
BRDA:24,8,0,5
BRDA:28,9,0,5
BRDA:32,10,0,9
BRDA:29,11,0,9
BRF:12
BRH:12
end_of_record
TN:
SF:src/utils/errors.ts
FN:14,MidenError
FN:35,test
FN:44,test
FN:54,test
FN:63,test
FN:76,assertSignerConnected
FN:84,wrapWasmError
FNF:7
FNH:7
FNDA:18,MidenError
FNDA:14,test
FNDA:12,test
FNDA:9,test
FNDA:7,test
FNDA:33,assertSignerConnected
FNDA:15,wrapWasmError
DA:10,1
DA:14,1
DA:15,18
DA:16,18
DA:17,18
DA:18,18
DA:19,18
DA:20,18
DA:21,18
DA:22,10
DA:23,10
DA:24,18
DA:25,1
DA:33,1
DA:34,1
DA:35,1
DA:36,14
DA:37,1
DA:38,1
DA:39,1
DA:42,1
DA:43,1
DA:44,1
DA:45,12
DA:46,10
DA:47,9
DA:48,1
DA:49,1
DA:50,1
DA:52,1
DA:53,1
DA:54,1
DA:55,9
DA:56,8
DA:57,1
DA:58,1
DA:59,1
DA:61,1
DA:62,1
DA:63,1
DA:64,7
DA:65,1
DA:66,1
DA:67,1
DA:69,1
DA:70,1
DA:76,1
DA:77,33
DA:78,2
DA:79,2
DA:80,2
DA:81,2
DA:82,33
DA:84,1
DA:85,15
DA:87,15
DA:88,15
DA:89,42
DA:90,9
DA:91,9
DA:92,42
DA:94,15
DA:95,4
DA:96,4
LF:64
LH:64
BRDA:14,0,0,18
BRDA:20,1,0,17
BRDA:20,2,0,1
BRDA:21,3,0,17
BRDA:21,4,0,10
BRDA:35,5,0,14
BRDA:36,6,0,13
BRDA:44,7,0,12
BRDA:45,8,0,10
BRDA:46,9,0,9
BRDA:54,10,0,9
BRDA:55,11,0,8
BRDA:63,12,0,7
BRDA:64,13,0,6
BRDA:76,14,0,33
BRDA:77,15,0,2
BRDA:84,16,0,15
BRDA:85,17,0,1
BRDA:85,18,0,14
BRDA:87,19,0,10
BRDA:87,20,0,4
BRDA:88,21,0,42
BRDA:89,22,0,9
BRDA:92,23,0,5
BRDA:94,24,0,1
BRDA:94,25,0,4
BRF:26
BRH:26
end_of_record
TN:
SF:src/utils/network.ts
FN:9,resolveRpcUrl
FNF:1
FNH:1
FNDA:38,resolveRpcUrl
DA:3,1
DA:4,1
DA:5,1
DA:6,1
DA:7,1
DA:9,1
DA:10,38
DA:11,2
DA:12,2
DA:14,36
DA:15,38
DA:16,9
DA:17,9
DA:18,38
DA:19,2
DA:20,2
DA:21,38
DA:22,3
DA:23,3
DA:25,22
DA:26,22
LF:21
LH:21
BRDA:9,0,0,38
BRDA:10,1,0,2
BRDA:12,2,0,36
BRDA:15,3,0,9
BRDA:17,4,0,27
BRDA:18,5,0,2
BRDA:20,6,0,31
BRDA:20,7,0,25
BRDA:21,8,0,24
BRDA:21,9,0,3
BRDA:23,10,0,22
BRF:11
BRH:11
end_of_record
TN:
SF:src/utils/noteAttachment.ts
FN:27,readNoteAttachment
FN:78,createNoteAttachment
FNF:2
FNH:2
FNDA:48,readNoteAttachment
FNDA:14,createNoteAttachment
DA:1,1
DA:27,1
DA:28,48
DA:29,48
DA:30,48
DA:31,48
DA:32,48
DA:34,46
DA:35,48
DA:37,7
DA:38,48
DA:43,10
DA:44,3
DA:45,3
DA:46,2
DA:47,2
DA:48,8
DA:49,2
DA:50,2
DA:51,2
DA:53,10
DA:54,2
DA:55,2
DA:56,1
DA:57,1
DA:58,8
DA:59,1
DA:60,1
DA:61,1
DA:63,1
DA:64,1
DA:65,1
DA:66,1
DA:67,48
DA:78,1
DA:79,14
DA:80,14
DA:82,14
DA:83,14
DA:84,41
DA:85,41
DA:87,14
DA:88,3
DA:89,3
DA:91,11
DA:93,12
DA:95,7
DA:96,11
DA:97,11
DA:98,7
DA:99,7
DA:100,7
DA:104,11
DA:105,12
DA:106,12
DA:107,4
DA:108,11
DA:109,9
DA:110,9
DA:114,4
DA:115,4
DA:116,4
DA:117,11
DA:118,1
DA:119,1
DA:120,1
DA:121,1
DA:122,3
DA:123,3
LF:69
LH:69
BRDA:27,0,0,48
BRDA:32,1,0,1
BRDA:32,2,0,46
BRDA:35,3,0,39
BRDA:35,4,0,7
BRDA:38,5,0,10
BRDA:38,6,0,1
BRDA:38,7,0,6
BRDA:41,8,0,1
BRDA:41,9,0,1
BRDA:43,10,0,3
BRDA:45,11,0,1
BRDA:45,12,0,2
BRDA:53,13,0,2
BRDA:55,14,0,1
BRDA:61,15,0,1
BRDA:47,16,0,8
BRDA:57,17,0,8
BRDA:78,18,0,14
BRDA:83,19,0,41
BRDA:87,20,0,13
BRDA:87,21,0,3
BRDA:89,22,0,12
BRDA:89,23,0,11
BRDA:93,24,0,7
BRDA:95,25,0,11
BRDA:100,26,0,11
BRDA:100,27,0,4
BRDA:104,28,0,12
BRDA:106,29,0,4
BRDA:108,30,0,9
BRDA:110,31,0,4
BRDA:117,32,0,1
BRDA:121,33,0,3
BRF:34
BRH:34
end_of_record
TN:
SF:src/utils/noteFilters.ts
FN:11,getNoteFilterType
FN:33,getNoteType
FN:67,waitForTransactionCommit
FN:104,normalizeHex
FNF:4
FNH:4
FNDA:58,getNoteFilterType
FNDA:79,getNoteType
FNDA:20,waitForTransactionCommit
FNDA:47,normalizeHex
DA:1,1
DA:11,1
DA:12,58
DA:13,58
DA:14,58
DA:15,58
DA:16,3
DA:17,58
DA:18,19
DA:19,58
DA:20,3
DA:21,58
DA:22,3
DA:23,58
DA:24,58
DA:25,30
DA:26,58
DA:27,58
DA:33,1
DA:34,79
DA:35,79
DA:36,64
DA:37,79
DA:38,15
DA:42,79
DA:43,79
DA:67,20
DA:68,20
DA:69,20
DA:70,20
DA:71,20
DA:72,20
DA:73,20
DA:74,20
DA:75,20
DA:77,20
DA:78,27
DA:83,27
DA:84,27
DA:85,27
DA:86,27
DA:87,27
DA:88,27
DA:89,27
DA:90,27
DA:91,27
DA:92,17
DA:93,17
DA:94,13
DA:95,1
DA:96,1
DA:97,27
DA:98,9
DA:99,9
DA:101,2
DA:102,2
DA:104,47
DA:105,47
DA:106,47
DA:107,47
DA:108,46
DA:109,1
DA:110,47
DA:111,47
LF:64
LH:64
BRDA:11,0,0,58
BRDA:15,1,0,3
BRDA:17,2,0,19
BRDA:19,3,0,3
BRDA:21,4,0,3
BRDA:23,5,0,3
BRDA:24,6,0,30
BRDA:33,7,0,79
BRDA:35,8,0,64
BRDA:37,9,0,15
BRDA:40,10,0,1
BRDA:67,11,0,20
BRDA:77,12,0,27
BRDA:91,13,0,17
BRDA:93,14,0,13
BRDA:93,15,0,10
BRDA:94,16,0,1
BRDA:97,17,0,9
BRDA:99,18,0,2
BRDA:78,19,0,27
BRDA:83,20,0,27
BRDA:87,21,0,27
BRDA:98,22,0,9
BRDA:104,23,0,47
BRDA:107,24,0,1
BRDA:107,25,0,46
BRDA:108,26,0,1
BRF:27
BRH:27
end_of_record
TN:
SF:src/utils/notes.ts
FN:9,getInputNoteRecord
FN:19,getNoteSummary
FN:55,formatNoteSummary
FN:57,formatAsset
FNF:4
FNH:4
FNDA:36,getInputNoteRecord
FNDA:36,getNoteSummary
FNDA:6,formatNoteSummary
FNDA:5,formatAsset
DA:1,1
DA:9,1
DA:10,36
DA:11,36
DA:12,36
DA:13,36
DA:14,5
DA:15,5
DA:16,31
DA:17,31
DA:19,1
DA:20,36
DA:21,36
DA:22,36
DA:23,36
DA:24,36
DA:25,36
DA:26,36
DA:28,36
DA:29,36
DA:30,36
DA:31,36
DA:32,2
DA:33,2
DA:34,2
DA:35,2
DA:36,2
DA:37,2
DA:38,2
DA:39,2
DA:40,2
DA:41,36
DA:43,1
DA:45,36
DA:46,36
DA:47,36
DA:49,36
DA:50,36
DA:51,1
DA:52,1
DA:53,36
DA:55,1
DA:56,6
DA:57,6
DA:58,5
DA:59,5
DA:60,5
DA:61,6
DA:62,6
DA:63,1
DA:64,1
DA:66,5
DA:67,6
DA:68,6
LF:54
LH:54
BRDA:9,0,0,36
BRDA:13,1,0,5
BRDA:15,2,0,31
BRDA:19,3,0,36
BRDA:30,4,0,34
BRDA:30,5,0,28
BRDA:30,6,0,6
BRDA:30,7,0,6
BRDA:30,8,0,28
BRDA:31,9,0,2
BRDA:33,10,0,1
BRDA:37,11,0,1
BRDA:38,12,0,1
BRDA:40,13,0,34
BRDA:41,14,0,1
BRDA:43,15,0,35
BRDA:45,16,0,34
BRDA:46,17,0,34
BRDA:46,18,0,7
BRDA:47,19,0,5
BRDA:47,20,0,30
BRDA:50,21,0,1
BRDA:55,22,0,6
BRDA:62,23,0,1
BRDA:64,24,0,5
BRDA:67,25,0,1
BRDA:67,26,0,4
BRDA:57,27,0,5
BRDA:59,28,0,1
BRF:29
BRH:29
end_of_record
TN:
SF:src/utils/prover.ts
FN:14,resolveTransactionProver
FN:37,proveWithFallback
FN:63,isFallbackConfig
FN:69,resolveProverTarget
FN:102,createRemoteProver
FN:117,normalizeTimeout
FNF:6
FNH:6
FNDA:76,resolveTransactionProver
FNDA:43,proveWithFallback
FNDA:32,isFallbackConfig
FNDA:29,resolveProverTarget
FNDA:2,createRemoteProver
FNDA:15,normalizeTimeout
DA:1,1
DA:4,1
DA:5,1
DA:6,1
DA:7,1
DA:14,1
DA:15,76
DA:16,76
DA:17,76
DA:18,76
DA:19,51
DA:20,51
DA:23,68
DA:24,7
DA:25,7
DA:27,18
DA:28,18
DA:37,43
DA:38,43
DA:39,43
DA:40,43
DA:41,43
DA:43,43
DA:44,43
DA:45,43
DA:46,7
DA:47,7
DA:48,2
DA:49,2
DA:51,7
DA:52,1
DA:53,1
DA:55,4
DA:56,7
DA:60,7
DA:61,43
DA:63,32
DA:64,32
DA:65,32
DA:66,32
DA:67,32
DA:69,29
DA:70,29
DA:71,29
DA:72,29
DA:73,29
DA:74,27
DA:75,27
DA:76,13
DA:77,13
DA:78,27
DA:88,13
DA:89,13
DA:90,13
DA:91,13
DA:92,13
DA:93,1
DA:94,1
DA:95,1
DA:96,1
DA:97,1
DA:99,2
DA:100,2
DA:102,2
DA:103,2
DA:104,2
DA:105,2
DA:106,2
DA:107,2
DA:108,1
DA:109,1
DA:110,1
DA:111,1
DA:114,2
DA:115,2
DA:117,15
DA:118,15
DA:119,15
DA:120,15
DA:121,11
DA:122,11
DA:123,14
DA:124,1
DA:125,1
DA:126,15
DA:127,15
LF:86
LH:86
BRDA:14,0,0,76
BRDA:18,1,0,51
BRDA:20,2,0,68
BRDA:20,3,0,25
BRDA:23,4,0,7
BRDA:25,5,0,18
BRDA:37,6,0,43
BRDA:44,7,0,32
BRDA:45,8,0,7
BRDA:47,9,0,6
BRDA:47,10,0,2
BRDA:49,11,0,5
BRDA:51,12,0,2
BRDA:51,13,0,1
BRDA:53,14,0,4
BRDA:56,15,0,1
BRDA:59,16,0,1
BRDA:63,17,0,32
BRDA:66,18,0,15
BRDA:69,19,0,29
BRDA:73,20,0,27
BRDA:75,21,0,16
BRDA:75,22,0,13
BRDA:77,23,0,24
BRDA:77,24,0,14
BRDA:78,25,0,3
BRDA:78,26,0,24
BRDA:78,27,0,13
BRDA:82,28,0,1
BRDA:82,29,0,1
BRDA:83,30,0,1
BRDA:85,31,0,1
BRDA:92,32,0,1
BRDA:97,33,0,2
BRDA:102,34,0,2
BRDA:107,35,0,1
BRDA:113,36,0,1
BRDA:117,37,0,15
BRDA:120,38,0,11
BRDA:122,39,0,14
BRDA:122,40,0,4
BRDA:123,41,0,1
BRDA:125,42,0,3
BRDA:126,43,0,1
BRDA:126,44,0,2
BRF:45
BRH:45
end_of_record
TN:
SF:src/utils/runExclusive.ts
FN:1,runExclusiveDirect
FNF:1
FNH:1
FNDA:257,runExclusiveDirect
DA:1,1
DA:2,257
LF:2
LH:2
BRDA:1,0,0,257
BRF:1
BRH:1
end_of_record
TN:
SF:src/utils/signerAccount.ts
FN:26,getAccountType
FN:36,isPrivateStorageMode
FN:61,initializeSignerAccount
FNF:3
FNH:3
FNDA:34,getAccountType
FNDA:33,isPrivateStorageMode
FNDA:38,initializeSignerAccount
DA:1,1
DA:16,1
DA:17,1
DA:18,1
DA:19,1
DA:20,1
DA:21,1
DA:26,34
DA:27,34
DA:28,34
DA:29,1
DA:31,34
DA:36,33
DA:37,33
DA:38,33
DA:40,33
DA:41,33
DA:61,38
DA:62,38
DA:63,38
DA:64,38
DA:65,38
DA:66,38
DA:67,38
DA:68,38
DA:69,38
DA:70,38
DA:71,38
DA:74,38
DA:77,38
DA:78,4
DA:79,4
DA:80,4
DA:81,4
DA:82,3
DA:83,3
DA:84,1
DA:85,1
DA:86,3
DA:87,3
DA:88,3
DA:89,3
DA:92,34
DA:95,38
DA:96,38
DA:98,38
DA:99,38
DA:100,38
DA:101,38
DA:102,38
DA:103,38
DA:104,38
DA:106,38
DA:107,38
DA:108,38
DA:111,38
DA:112,6
DA:113,7
DA:114,7
DA:115,7
DA:116,7
DA:117,1
DA:118,1
DA:120,1
DA:121,1
DA:122,6
DA:123,6
DA:124,5
DA:126,33
DA:128,33
DA:129,33
DA:132,38
DA:133,29
DA:134,29
DA:136,8
DA:137,8
DA:138,29
DA:140,21
DA:141,29
DA:144,25
DA:145,25
DA:146,1
DA:147,1
DA:148,1
DA:149,1
DA:150,38
DA:152,24
DA:155,24
DA:156,24
DA:158,24
DA:159,24
LF:91
LH:91
BRDA:26,0,0,34
BRDA:28,1,0,1
BRDA:36,2,0,33
BRDA:61,3,0,38
BRDA:77,4,0,4
BRDA:80,5,0,1
BRDA:81,6,0,3
BRDA:82,7,0,2
BRDA:82,8,0,1
BRDA:83,9,0,1
BRDA:89,10,0,34
BRDA:95,11,0,33
BRDA:111,12,0,7
BRDA:111,13,0,6
BRDA:112,14,0,7
BRDA:116,15,0,1
BRDA:121,16,0,6
BRDA:123,17,0,5
BRDA:124,18,0,33
BRDA:132,19,0,29
BRDA:134,20,0,8
BRDA:138,21,0,21
BRDA:141,22,0,31
BRDA:141,23,0,25
BRDA:145,24,0,1
BRDA:150,25,0,24
BRF:26
BRH:26
end_of_record
TN:
SF:src/utils/storage.ts
FN:17,migrateStorage
FN:45,clearMidenStorage
FN:66,req.onsuccess
FN:67,req.onerror
FN:68,req.onblocked
FN:85,createMidenStorage
FN:86,fullKey
FN:89,get
FN:99,set
FN:107,remove
FN:111,clear
FNF:11
FNH:11
FNDA:7,migrateStorage
FNDA:11,clearMidenStorage
FNDA:2,req.onsuccess
FNDA:1,req.onerror
FNDA:1,req.onblocked
FNDA:7,createMidenStorage
FNDA:16,fullKey
FNDA:6,get
FNDA:8,set
FNDA:1,remove
FNDA:1,clear
DA:17,7
DA:18,7
DA:19,7
DA:23,7
DA:24,7
DA:26,7
DA:28,7
DA:29,1
DA:30,1
DA:32,5
DA:33,5
DA:35,7
DA:36,1
DA:37,1
DA:39,5
DA:40,5
DA:45,11
DA:46,11
DA:48,10
DA:49,10
DA:50,9
DA:51,6
DA:52,9
DA:53,9
DA:54,9
DA:55,9
DA:56,4
DA:65,4
DA:66,4
DA:67,4
DA:68,4
DA:69,1
DA:70,1
DA:71,1
DA:72,1
DA:73,1
DA:74,4
DA:75,9
DA:76,9
DA:77,11
DA:79,2
DA:80,11
DA:85,1
DA:86,7
DA:88,7
DA:89,7
DA:90,6
DA:91,6
DA:92,6
DA:93,5
DA:94,6
DA:95,1
DA:96,1
DA:97,6
DA:99,7
DA:100,8
DA:101,8
DA:102,8
DA:103,1
DA:104,1
DA:105,8
DA:107,7
DA:108,1
DA:109,1
DA:111,7
DA:112,1
DA:113,1
DA:114,3
DA:115,3
DA:116,2
DA:117,2
DA:118,3
DA:119,1
DA:120,1
DA:121,7
DA:122,7
LF:76
LH:76
BRDA:17,0,0,7
BRDA:21,1,0,1
BRDA:23,2,0,6
BRDA:26,3,0,2
BRDA:26,4,0,5
BRDA:28,5,0,1
BRDA:30,6,0,5
BRDA:35,7,0,1
BRDA:37,8,0,5
BRDA:45,9,0,11
BRDA:46,10,0,1
BRDA:46,11,0,10
BRDA:49,12,0,9
BRDA:76,13,0,8
BRDA:77,14,0,2
BRDA:50,15,0,6
BRDA:51,16,0,5
BRDA:55,17,0,4
BRDA:56,18,0,4
BRDA:61,19,0,1
BRDA:66,20,0,2
BRDA:67,21,0,1
BRDA:68,22,0,1
BRDA:85,23,0,7
BRDA:86,24,0,16
BRDA:89,25,0,6
BRDA:92,26,0,1
BRDA:92,27,0,5
BRDA:94,28,0,1
BRDA:99,29,0,8
BRDA:102,30,0,1
BRDA:107,31,0,1
BRDA:111,32,0,1
BRDA:113,33,0,3
BRDA:115,34,0,2
BRDA:119,35,0,2
BRF:36
BRH:36
end_of_record
TN:
SF:src/utils/transactions.ts
FN:18,waitForTransactionCommit
FN:48,extractFullNotes
FN:74,extractFullNote
FNF:3
FNH:3
FNDA:7,waitForTransactionCommit
FNDA:11,extractFullNotes
FNDA:8,extractFullNote
DA:1,1
DA:18,7
DA:19,7
DA:20,7
DA:21,7
DA:22,7
DA:23,7
DA:24,7
DA:25,7
DA:27,7
DA:28,17
DA:29,17
DA:30,17
DA:31,17
DA:32,17
DA:33,12
DA:34,12
DA:35,4
DA:36,4
DA:37,10
DA:38,1
DA:39,1
DA:40,12
DA:41,12
DA:42,12
DA:43,12
DA:45,2
DA:46,2
DA:48,1
DA:49,11
DA:50,11
DA:51,11
DA:52,11
DA:60,11
DA:61,11
DA:62,11
DA:63,5
DA:64,3
DA:65,3
DA:66,3
DA:67,5
DA:68,8
DA:69,11
DA:70,3
DA:71,3
DA:72,11
DA:74,1
DA:75,8
DA:76,8
DA:77,8
DA:78,8
DA:83,8
DA:84,8
DA:85,8
DA:86,8
DA:87,3
DA:88,3
DA:89,8
LF:58
LH:58
BRDA:18,0,0,7
BRDA:27,1,0,17
BRDA:32,2,0,12
BRDA:34,3,0,4
BRDA:36,4,0,10
BRDA:36,5,0,8
BRDA:37,6,0,1
BRDA:43,7,0,2
BRDA:28,8,0,17
BRDA:29,9,0,17
BRDA:41,10,0,12
BRDA:48,11,0,11
BRDA:52,12,0,8
BRDA:60,13,0,7
BRDA:60,14,0,6
BRDA:60,15,0,6
BRDA:60,16,0,2
BRDA:62,17,0,5
BRDA:63,18,0,3
BRDA:65,19,0,2
BRDA:67,20,0,8
BRDA:69,21,0,3
BRDA:74,22,0,8
BRDA:78,23,0,5
BRDA:83,24,0,4
BRDA:83,25,0,4
BRDA:83,26,0,1
BRDA:85,27,0,3
BRDA:85,28,0,2
BRDA:85,29,0,4
BRDA:86,30,0,3
BRF:31
BRH:31
end_of_record
TN:
SF:src/utils/walletDetection.ts
FN:20,waitForWalletDetection
FN:29,settle
FN:50,onReady
FNF:3
FNH:3
FNDA:12,waitForWalletDetection
FNDA:6,settle
FNDA:5,onReady
DA:20,12
DA:21,12
DA:22,12
DA:23,12
DA:24,12
DA:26,10
DA:27,10
DA:29,10
DA:30,6
DA:31,5
DA:32,5
DA:33,5
DA:34,5
DA:35,6
DA:37,10
DA:40,5
DA:41,5
DA:42,5
DA:43,5
DA:44,5
DA:46,5
DA:47,5
DA:48,10
DA:50,10
DA:51,5
DA:52,5
DA:53,10
DA:56,10
DA:57,10
DA:58,10
LF:30
LH:30
BRDA:20,0,0,12
BRDA:24,1,0,2
BRDA:24,2,0,10
BRDA:26,3,0,10
BRDA:56,4,0,2
BRDA:29,5,0,6
BRDA:30,6,0,1
BRDA:30,7,0,5
BRDA:37,8,0,5
BRDA:39,9,0,1
BRDA:50,10,0,5
BRDA:51,11,0,4
BRF:12
BRH:12
end_of_record
